<?xml version="1.0" encoding="UTF-8"?>
<coverage generated="1595839472011" clover="3.2.0">
  <project timestamp="1595839472011" name="All files">
    <metrics statements="760" coveredstatements="760" conditionals="523" coveredconditionals="483" methods="161" coveredmethods="161" elements="1444" coveredelements="1404" complexity="0" loc="760" ncloc="760" packages="19" files="51" classes="51"/>
    <package name="src">
      <metrics statements="2" coveredstatements="2" conditionals="0" coveredconditionals="0" methods="1" coveredmethods="1"/>
      <file name="index.ts" path="/home/emilien/Documents/dev/fsSDK/jsSdk/src/index.ts">
        <metrics statements="2" coveredstatements="2" conditionals="0" coveredconditionals="0" methods="1" coveredmethods="1"/>
        <line num="4" count="4" type="stmt"/>
        <line num="5" count="40" type="stmt"/>
      </file>
    </package>
    <package name="src.class.bucketing">
      <metrics statements="52" coveredstatements="52" conditionals="24" coveredconditionals="23" methods="11" coveredmethods="11"/>
      <file name="bucketing.ts" path="/home/emilien/Documents/dev/fsSDK/jsSdk/src/class/bucketing/bucketing.ts">
        <metrics statements="52" coveredstatements="52" conditionals="24" coveredconditionals="23" methods="11" coveredmethods="11"/>
        <line num="25" count="26" type="stmt"/>
        <line num="26" count="26" type="stmt"/>
        <line num="27" count="26" type="stmt"/>
        <line num="28" count="26" type="stmt"/>
        <line num="29" count="26" type="stmt"/>
        <line num="30" count="26" type="stmt"/>
        <line num="31" count="26" type="stmt"/>
        <line num="34" count="26" type="stmt"/>
        <line num="35" count="21" type="cond" truecount="4" falsecount="0"/>
        <line num="36" count="9" type="stmt"/>
        <line num="37" count="9" type="stmt"/>
        <line num="38" count="5" type="stmt"/>
        <line num="43" count="26" type="stmt"/>
        <line num="44" count="7" type="cond" truecount="4" falsecount="0"/>
        <line num="45" count="5" type="stmt"/>
        <line num="48" count="5" type="stmt"/>
        <line num="49" count="4" type="stmt"/>
        <line num="56" count="5" type="stmt"/>
        <line num="60" count="29" type="stmt"/>
        <line num="66" count="29" type="stmt"/>
        <line num="67" count="29" type="stmt"/>
        <line num="69" count="21" type="cond" truecount="2" falsecount="0"/>
        <line num="70" count="1" type="stmt"/>
        <line num="71" count="20" type="cond" truecount="2" falsecount="0"/>
        <line num="72" count="1" type="stmt"/>
        <line num="74" count="19" type="cond" truecount="2" falsecount="0"/>
        <line num="75" count="1" type="stmt"/>
        <line num="77" count="18" type="stmt"/>
        <line num="79" count="19" type="stmt"/>
        <line num="80" count="19" type="stmt"/>
        <line num="82" count="21" type="stmt"/>
        <line num="83" count="21" type="stmt"/>
        <line num="86" count="7" type="stmt"/>
        <line num="87" count="7" type="stmt"/>
        <line num="92" count="24" type="cond" truecount="4" falsecount="0"/>
        <line num="94" count="15" type="stmt"/>
        <line num="95" count="15" type="stmt"/>
        <line num="96" count="15" type="stmt"/>
        <line num="97" count="15" type="stmt"/>
        <line num="100" count="8" type="stmt"/>
        <line num="101" count="8" type="stmt"/>
        <line num="105" count="8" type="stmt"/>
        <line num="106" count="8" type="stmt"/>
        <line num="109" count="1" type="stmt"/>
        <line num="110" count="1" type="stmt"/>
        <line num="113" count="1" type="stmt"/>
        <line num="118" count="16" type="cond" truecount="2" falsecount="0"/>
        <line num="119" count="1" type="stmt"/>
        <line num="120" count="1" type="stmt"/>
        <line num="123" count="15" type="cond" truecount="1" falsecount="1"/>
        <line num="124" count="15" type="stmt"/>
        <line num="127" count="15" type="stmt"/>
      </file>
    </package>
    <package name="src.class.bucketingVisitor">
      <metrics statements="197" coveredstatements="197" conditionals="138" coveredconditionals="136" methods="39" coveredmethods="39"/>
      <file name="bucketingVisitor.ts" path="/home/emilien/Documents/dev/fsSDK/jsSdk/src/class/bucketingVisitor/bucketingVisitor.ts">
        <metrics statements="197" coveredstatements="197" conditionals="138" coveredconditionals="136" methods="39" coveredmethods="39"/>
        <line num="41" count="70" type="stmt"/>
        <line num="42" count="70" type="stmt"/>
        <line num="43" count="70" type="stmt"/>
        <line num="44" count="70" type="stmt"/>
        <line num="45" count="70" type="stmt"/>
        <line num="46" count="70" type="cond" truecount="2" falsecount="0"/>
        <line num="47" count="70" type="cond" truecount="1" falsecount="1"/>
        <line num="48" count="70" type="stmt"/>
        <line num="56" count="64" type="stmt"/>
        <line num="70" count="19" type="stmt"/>
        <line num="71" count="19" type="stmt"/>
        <line num="72" count="19" type="stmt"/>
        <line num="76" count="7" type="stmt"/>
        <line num="77" count="7" type="stmt"/>
        <line num="81" count="71" type="stmt"/>
        <line num="83" count="71" type="stmt"/>
        <line num="84" count="71" type="stmt"/>
        <line num="86" count="71" type="stmt"/>
        <line num="87" count="142" type="cond" truecount="2" falsecount="0"/>
        <line num="88" count="142" type="stmt"/>
        <line num="89" count="142" type="cond" truecount="4" falsecount="0"/>
        <line num="90" count="70" type="stmt"/>
        <line num="92" count="142" type="stmt"/>
        <line num="95" count="71" type="cond" truecount="2" falsecount="0"/>
        <line num="96" count="2" type="stmt"/>
        <line num="97" count="2" type="cond" truecount="2" falsecount="0"/>
        <line num="98" count="1" type="stmt"/>
        <line num="103" count="71" type="cond" truecount="2" falsecount="0"/>
        <line num="104" count="2" type="stmt"/>
        <line num="107" count="2" type="stmt"/>
        <line num="110" count="69" type="stmt"/>
        <line num="114" count="47" type="stmt"/>
        <line num="115" count="47" type="stmt"/>
        <line num="124" count="3" type="stmt"/>
        <line num="125" count="3" type="stmt"/>
        <line num="128" count="3" type="stmt"/>
        <line num="129" count="3" type="stmt"/>
        <line num="135" count="61" type="stmt"/>
        <line num="136" count="61" type="stmt"/>
        <line num="137" count="61" type="stmt"/>
        <line num="138" count="24" type="stmt"/>
        <line num="140" count="61" type="stmt"/>
        <line num="141" count="54" type="stmt"/>
        <line num="142" count="61" type="stmt"/>
        <line num="143" count="93" type="cond" truecount="2" falsecount="0"/>
        <line num="144" count="93" type="cond" truecount="4" falsecount="0"/>
        <line num="145" count="13" type="stmt"/>
        <line num="146" count="13" type="stmt"/>
        <line num="148" count="80" type="stmt"/>
        <line num="149" count="58" type="cond" truecount="4" falsecount="0"/>
        <line num="150" count="8" type="stmt"/>
        <line num="153" count="8" type="stmt"/>
        <line num="155" count="50" type="cond" truecount="4" falsecount="0"/>
        <line num="156" count="1" type="stmt"/>
        <line num="157" count="1" type="stmt"/>
        <line num="159" count="49" type="cond" truecount="2" falsecount="0"/>
        <line num="160" count="75" type="cond" truecount="2" falsecount="0"/>
        <line num="161" count="1" type="stmt"/>
        <line num="164" count="1" type="stmt"/>
        <line num="167" count="48" type="stmt"/>
        <line num="169" count="80" type="cond" truecount="11" falsecount="0"/>
        <line num="171" count="15" type="cond" truecount="2" falsecount="0"/>
        <line num="172" count="9" type="stmt"/>
        <line num="174" count="12" type="stmt"/>
        <line num="176" count="6" type="cond" truecount="2" falsecount="0"/>
        <line num="177" count="9" type="stmt"/>
        <line num="179" count="3" type="stmt"/>
        <line num="181" count="9" type="cond" truecount="2" falsecount="0"/>
        <line num="182" count="6" type="cond" truecount="4" falsecount="0"/>
        <line num="184" count="2" type="cond" truecount="2" falsecount="0"/>
        <line num="185" count="1" type="stmt"/>
        <line num="188" count="3" type="stmt"/>
        <line num="191" count="1" type="stmt"/>
        <line num="193" count="2" type="cond" truecount="2" falsecount="0"/>
        <line num="194" count="1" type="stmt"/>
        <line num="197" count="3" type="stmt"/>
        <line num="200" count="1" type="stmt"/>
        <line num="203" count="2" type="stmt"/>
        <line num="204" count="2" type="stmt"/>
        <line num="207" count="3" type="stmt"/>
        <line num="210" count="7" type="cond" truecount="2" falsecount="0"/>
        <line num="211" count="6" type="cond" truecount="4" falsecount="0"/>
        <line num="213" count="2" type="cond" truecount="2" falsecount="0"/>
        <line num="214" count="1" type="stmt"/>
        <line num="217" count="3" type="stmt"/>
        <line num="220" count="1" type="stmt"/>
        <line num="222" count="2" type="cond" truecount="2" falsecount="0"/>
        <line num="223" count="1" type="stmt"/>
        <line num="226" count="3" type="stmt"/>
        <line num="229" count="1" type="stmt"/>
        <line num="232" count="2" type="stmt"/>
        <line num="233" count="2" type="stmt"/>
        <line num="236" count="1" type="stmt"/>
        <line num="239" count="7" type="cond" truecount="2" falsecount="0"/>
        <line num="240" count="6" type="cond" truecount="4" falsecount="0"/>
        <line num="242" count="2" type="cond" truecount="2" falsecount="0"/>
        <line num="243" count="1" type="stmt"/>
        <line num="246" count="3" type="stmt"/>
        <line num="249" count="1" type="stmt"/>
        <line num="251" count="2" type="cond" truecount="2" falsecount="0"/>
        <line num="252" count="1" type="stmt"/>
        <line num="255" count="3" type="stmt"/>
        <line num="258" count="1" type="stmt"/>
        <line num="261" count="2" type="stmt"/>
        <line num="262" count="2" type="stmt"/>
        <line num="265" count="1" type="stmt"/>
        <line num="268" count="7" type="cond" truecount="2" falsecount="0"/>
        <line num="269" count="6" type="cond" truecount="4" falsecount="0"/>
        <line num="271" count="2" type="cond" truecount="2" falsecount="0"/>
        <line num="272" count="1" type="stmt"/>
        <line num="275" count="3" type="stmt"/>
        <line num="278" count="1" type="stmt"/>
        <line num="280" count="2" type="cond" truecount="2" falsecount="0"/>
        <line num="281" count="1" type="stmt"/>
        <line num="284" count="3" type="stmt"/>
        <line num="287" count="1" type="stmt"/>
        <line num="290" count="2" type="stmt"/>
        <line num="291" count="2" type="stmt"/>
        <line num="294" count="1" type="stmt"/>
        <line num="298" count="7" type="cond" truecount="2" falsecount="0"/>
        <line num="299" count="6" type="cond" truecount="4" falsecount="0"/>
        <line num="301" count="2" type="cond" truecount="2" falsecount="0"/>
        <line num="302" count="1" type="stmt"/>
        <line num="303" count="3" type="stmt"/>
        <line num="306" count="1" type="stmt"/>
        <line num="308" count="2" type="stmt"/>
        <line num="309" count="2" type="stmt"/>
        <line num="312" count="2" type="stmt"/>
        <line num="313" count="2" type="stmt"/>
        <line num="316" count="1" type="stmt"/>
        <line num="319" count="7" type="cond" truecount="2" falsecount="0"/>
        <line num="320" count="6" type="cond" truecount="4" falsecount="0"/>
        <line num="322" count="2" type="cond" truecount="2" falsecount="0"/>
        <line num="323" count="1" type="stmt"/>
        <line num="324" count="3" type="stmt"/>
        <line num="327" count="1" type="stmt"/>
        <line num="329" count="2" type="stmt"/>
        <line num="330" count="2" type="stmt"/>
        <line num="333" count="2" type="stmt"/>
        <line num="334" count="2" type="stmt"/>
        <line num="337" count="1" type="stmt"/>
        <line num="340" count="7" type="cond" truecount="2" falsecount="0"/>
        <line num="341" count="6" type="cond" truecount="4" falsecount="0"/>
        <line num="343" count="2" type="cond" truecount="2" falsecount="0"/>
        <line num="344" count="1" type="stmt"/>
        <line num="345" count="3" type="stmt"/>
        <line num="348" count="1" type="stmt"/>
        <line num="350" count="2" type="stmt"/>
        <line num="351" count="2" type="stmt"/>
        <line num="354" count="2" type="stmt"/>
        <line num="355" count="2" type="stmt"/>
        <line num="358" count="1" type="stmt"/>
        <line num="361" count="7" type="cond" truecount="2" falsecount="0"/>
        <line num="362" count="6" type="cond" truecount="4" falsecount="0"/>
        <line num="364" count="2" type="cond" truecount="2" falsecount="0"/>
        <line num="365" count="1" type="stmt"/>
        <line num="368" count="3" type="stmt"/>
        <line num="371" count="1" type="stmt"/>
        <line num="373" count="2" type="stmt"/>
        <line num="374" count="2" type="stmt"/>
        <line num="377" count="2" type="stmt"/>
        <line num="378" count="2" type="stmt"/>
        <line num="381" count="1" type="stmt"/>
        <line num="384" count="1" type="stmt"/>
        <line num="385" count="1" type="stmt"/>
        <line num="388" count="61" type="cond" truecount="4" falsecount="0"/>
        <line num="389" count="1" type="stmt"/>
        <line num="390" count="1" type="stmt"/>
        <line num="392" count="60" type="stmt"/>
        <line num="393" count="81" type="stmt"/>
        <line num="396" count="81" type="stmt"/>
        <line num="397" count="81" type="cond" truecount="1" falsecount="1"/>
        <line num="398" count="81" type="stmt"/>
        <line num="400" count="81" type="stmt"/>
        <line num="401" count="93" type="stmt"/>
        <line num="403" count="93" type="stmt"/>
        <line num="404" count="132" type="cond" truecount="3" falsecount="0"/>
        <line num="406" count="39" type="stmt"/>
        <line num="407" count="39" type="stmt"/>
        <line num="409" count="2" type="stmt"/>
        <line num="410" count="2" type="stmt"/>
        <line num="412" count="91" type="stmt"/>
        <line num="413" count="91" type="stmt"/>
        <line num="416" count="132" type="stmt"/>
        <line num="418" count="93" type="cond" truecount="2" falsecount="0"/>
        <line num="421" count="81" type="cond" truecount="2" falsecount="0"/>
        <line num="422" count="65" type="stmt"/>
        <line num="423" count="65" type="stmt"/>
        <line num="425" count="65" type="stmt"/>
        <line num="427" count="65" type="stmt"/>
        <line num="428" count="65" type="cond" truecount="2" falsecount="0"/>
        <line num="429" count="64" type="stmt"/>
        <line num="431" count="1" type="stmt"/>
        <line num="436" count="16" type="stmt"/>
        <line num="439" count="60" type="cond" truecount="2" falsecount="0"/>
        <line num="440" count="44" type="stmt"/>
        <line num="442" count="60" type="stmt"/>
      </file>
    </package>
    <package name="src.class.flagship">
      <metrics statements="38" coveredstatements="38" conditionals="21" coveredconditionals="19" methods="10" coveredmethods="10"/>
      <file name="flagship.ts" path="/home/emilien/Documents/dev/fsSDK/jsSdk/src/class/flagship/flagship.ts">
        <metrics statements="38" coveredstatements="38" conditionals="21" coveredconditionals="19" methods="10" coveredmethods="10"/>
        <line num="25" count="40" type="stmt"/>
        <line num="26" count="40" type="stmt"/>
        <line num="27" count="40" type="stmt"/>
        <line num="28" count="40" type="stmt"/>
        <line num="29" count="40" type="stmt"/>
        <line num="30" count="40" type="stmt"/>
        <line num="31" count="40" type="cond" truecount="1" falsecount="1"/>
        <line num="32" count="40" type="stmt"/>
        <line num="34" count="40" type="cond" truecount="2" falsecount="0"/>
        <line num="35" count="19" type="stmt"/>
        <line num="37" count="19" type="cond" truecount="2" falsecount="0"/>
        <line num="38" count="7" type="stmt"/>
        <line num="41" count="40" type="stmt"/>
        <line num="45" count="98" type="stmt"/>
        <line num="50" count="1" type="stmt"/>
        <line num="56" count="1" type="stmt"/>
        <line num="60" count="98" type="stmt"/>
        <line num="61" count="98" type="stmt"/>
        <line num="62" count="98" type="cond" truecount="4" falsecount="0"/>
        <line num="63" count="16" type="stmt"/>
        <line num="64" count="16" type="stmt"/>
        <line num="67" count="14" type="stmt"/>
        <line num="68" count="14" type="stmt"/>
        <line num="71" count="2" type="stmt"/>
        <line num="72" count="2" type="stmt"/>
        <line num="76" count="82" type="stmt"/>
        <line num="77" count="16" type="cond" truecount="1" falsecount="1"/>
        <line num="78" count="16" type="stmt"/>
        <line num="82" count="98" type="stmt"/>
        <line num="86" count="16" type="cond" truecount="4" falsecount="0"/>
        <line num="87" count="14" type="stmt"/>
        <line num="88" count="14" type="stmt"/>
        <line num="89" count="17" type="stmt"/>
        <line num="94" count="14" type="stmt"/>
        <line num="95" count="6" type="stmt"/>
        <line num="97" count="2" type="cond" truecount="4" falsecount="0"/>
        <line num="98" count="1" type="stmt"/>
        <line num="102" count="1" type="stmt"/>
      </file>
    </package>
    <package name="src.class.flagshipVisitor">
      <metrics statements="393" coveredstatements="393" conditionals="278" coveredconditionals="249" methods="85" coveredmethods="85"/>
      <file name="flagshipVisitor.ts" path="/home/emilien/Documents/dev/fsSDK/jsSdk/src/class/flagshipVisitor/flagshipVisitor.ts">
        <metrics statements="393" coveredstatements="393" conditionals="278" coveredconditionals="249" methods="85" coveredmethods="85"/>
        <line num="59" count="98" type="stmt"/>
        <line num="60" count="98" type="stmt"/>
        <line num="61" count="98" type="stmt"/>
        <line num="62" count="98" type="stmt"/>
        <line num="63" count="98" type="stmt"/>
        <line num="64" count="98" type="stmt"/>
        <line num="65" count="98" type="stmt"/>
        <line num="66" count="98" type="stmt"/>
        <line num="67" count="98" type="stmt"/>
        <line num="70" count="98" type="cond" truecount="2" falsecount="0"/>
        <line num="71" count="3" type="stmt"/>
        <line num="73" count="95" type="stmt"/>
        <line num="74" count="95" type="stmt"/>
        <line num="77" count="98" type="cond" truecount="2" falsecount="0"/>
        <line num="78" count="17" type="cond" truecount="2" falsecount="0"/>
        <line num="79" count="17" type="stmt"/>
        <line num="80" count="13" type="cond" truecount="2" falsecount="0"/>
        <line num="82" count="12" type="cond" truecount="2" falsecount="0"/>
        <line num="83" count="11" type="stmt"/>
        <line num="84" count="11" type="stmt"/>
        <line num="87" count="1" type="stmt"/>
        <line num="98" count="51" type="stmt"/>
        <line num="99" count="51" type="stmt"/>
        <line num="107" count="8" type="stmt"/>
        <line num="108" count="8" type="cond" truecount="4" falsecount="0"/>
        <line num="109" count="7" type="stmt"/>
        <line num="111" count="8" type="stmt"/>
        <line num="112" count="8" type="stmt"/>
        <line num="115" count="5" type="stmt"/>
        <line num="116" count="5" type="cond" truecount="4" falsecount="0"/>
        <line num="117" count="4" type="stmt"/>
        <line num="119" count="5" type="stmt"/>
        <line num="120" count="5" type="stmt"/>
        <line num="126" count="10" type="stmt"/>
        <line num="127" count="20" type="stmt"/>
        <line num="130" count="10" type="cond" truecount="1" falsecount="1"/>
        <line num="131" count="10" type="stmt"/>
        <line num="132" count="10" type="stmt"/>
        <line num="137" count="64" type="stmt"/>
        <line num="138" count="64" type="stmt"/>
        <line num="139" count="64" type="stmt"/>
        <line num="140" count="64" type="stmt"/>
        <line num="141" count="191" type="cond" truecount="4" falsecount="0"/>
        <line num="142" count="185" type="stmt"/>
        <line num="144" count="6" type="cond" truecount="4" falsecount="0"/>
        <line num="145" count="1" type="stmt"/>
        <line num="148" count="1" type="stmt"/>
        <line num="150" count="5" type="stmt"/>
        <line num="151" count="5" type="stmt"/>
        <line num="154" count="64" type="cond" truecount="2" falsecount="0"/>
        <line num="155" count="1" type="stmt"/>
        <line num="158" count="63" type="cond" truecount="2" falsecount="0"/>
        <line num="159" count="191" type="cond" truecount="2" falsecount="0"/>
        <line num="160" count="191" type="stmt"/>
        <line num="165" count="191" type="cond" truecount="4" falsecount="0"/>
        <line num="166" count="55" type="stmt"/>
        <line num="167" count="55" type="stmt"/>
        <line num="168" count="43" type="cond" truecount="4" falsecount="0"/>
        <line num="169" count="6" type="stmt"/>
        <line num="170" count="6" type="stmt"/>
        <line num="174" count="55" type="cond" truecount="2" falsecount="0"/>
        <line num="175" count="49" type="stmt"/>
        <line num="185" count="63" type="cond" truecount="1" falsecount="0"/>
        <line num="186" count="53" type="stmt"/>
        <line num="187" count="59" type="cond" truecount="2" falsecount="0"/>
        <line num="188" count="4" type="stmt"/>
        <line num="189" count="4" type="stmt"/>
        <line num="191" count="55" type="stmt"/>
        <line num="192" count="55" type="stmt"/>
        <line num="196" count="63" type="stmt"/>
        <line num="197" count="49" type="stmt"/>
        <line num="198" count="49" type="stmt"/>
        <line num="199" count="49" type="stmt"/>
        <line num="203" count="4" type="stmt"/>
        <line num="208" count="63" type="stmt"/>
        <line num="212" count="63" type="stmt"/>
        <line num="213" count="60" type="cond" truecount="2" falsecount="0"/>
        <line num="214" count="19" type="stmt"/>
        <line num="217" count="19" type="stmt"/>
        <line num="219" count="58" type="cond" truecount="2" falsecount="0"/>
        <line num="220" count="20" type="stmt"/>
        <line num="221" count="20" type="stmt"/>
        <line num="224" count="38" type="stmt"/>
        <line num="235" count="131" type="cond" truecount="4" falsecount="0"/>
        <line num="236" count="4" type="stmt"/>
        <line num="239" count="4" type="stmt"/>
        <line num="242" count="127" type="stmt"/>
        <line num="249" count="67" type="stmt"/>
        <line num="252" count="67" type="cond" truecount="2" falsecount="0"/>
        <line num="253" count="3" type="stmt"/>
        <line num="256" count="64" type="cond" truecount="2" falsecount="0"/>
        <line num="257" count="182" type="stmt"/>
        <line num="258" count="5" type="cond" truecount="2" falsecount="0"/>
        <line num="259" count="4" type="stmt"/>
        <line num="261" count="1" type="stmt"/>
        <line num="264" count="63" type="stmt"/>
        <line num="265" count="51" type="cond" truecount="1" falsecount="1"/>
        <line num="266" count="51" type="stmt"/>
        <line num="267" count="154" type="stmt"/>
        <line num="269" count="51" type="cond" truecount="2" falsecount="0"/>
        <line num="270" count="88" type="stmt"/>
        <line num="272" count="1" type="stmt"/>
        <line num="276" count="1" type="stmt"/>
        <line num="279" count="63" type="stmt"/>
        <line num="280" count="60" type="cond" truecount="2" falsecount="0"/>
        <line num="281" count="9" type="stmt"/>
        <line num="283" count="51" type="stmt"/>
        <line num="291" count="63" type="stmt"/>
        <line num="292" count="51" type="stmt"/>
        <line num="293" count="60" type="cond" truecount="2" falsecount="0"/>
        <line num="294" count="8" type="stmt"/>
        <line num="303" count="63" type="stmt"/>
        <line num="304" count="60" type="stmt"/>
        <line num="306" count="162" type="stmt"/>
        <line num="309" count="63" type="stmt"/>
        <line num="310" count="60" type="stmt"/>
        <line num="314" count="63" type="stmt"/>
        <line num="318" count="70" type="stmt"/>
        <line num="319" count="70" type="stmt"/>
        <line num="320" count="70" type="stmt"/>
        <line num="321" count="214" type="stmt"/>
        <line num="322" count="214" type="cond" truecount="4" falsecount="0"/>
        <line num="324" count="36" type="stmt"/>
        <line num="336" count="178" type="stmt"/>
        <line num="359" count="133" type="stmt"/>
        <line num="360" count="133" type="stmt"/>
        <line num="361" count="133" type="stmt"/>
        <line num="362" count="334" type="stmt"/>
        <line num="363" count="612" type="cond" truecount="2" falsecount="0"/>
        <line num="365" count="210" type="stmt"/>
        <line num="366" count="210" type="stmt"/>
        <line num="367" count="210" type="stmt"/>
        <line num="368" count="210" type="stmt"/>
        <line num="369" count="210" type="stmt"/>
        <line num="372" count="402" type="stmt"/>
        <line num="373" count="402" type="stmt"/>
        <line num="382" count="402" type="cond" truecount="2" falsecount="0"/>
        <line num="383" count="62" type="stmt"/>
        <line num="384" count="124" type="cond" truecount="2" falsecount="0"/>
        <line num="385" count="27" type="stmt"/>
        <line num="386" count="27" type="cond" truecount="4" falsecount="0"/>
        <line num="387" count="23" type="stmt"/>
        <line num="394" count="334" type="stmt"/>
        <line num="396" count="133" type="stmt"/>
        <line num="404" count="19" type="stmt"/>
        <line num="406" count="19" type="stmt"/>
        <line num="412" count="19" type="stmt"/>
        <line num="414" count="62" type="cond" truecount="4" falsecount="0"/>
        <line num="415" count="16" type="stmt"/>
        <line num="424" count="19" type="cond" truecount="1" falsecount="1"/>
        <line num="425" count="39" type="cond" truecount="4" falsecount="0"/>
        <line num="426" count="27" type="stmt"/>
        <line num="428" count="12" type="stmt"/>
        <line num="429" count="12" type="stmt"/>
        <line num="430" count="12" type="stmt"/>
        <line num="431" count="12" type="cond" truecount="2" falsecount="0"/>
        <line num="432" count="7" type="stmt"/>
        <line num="438" count="19" type="stmt"/>
        <line num="446" count="6" type="stmt"/>
        <line num="447" count="6" type="cond" truecount="3" falsecount="1"/>
        <line num="448" count="6" type="cond" truecount="6" falsecount="0"/>
        <line num="449" count="4" type="stmt"/>
        <line num="454" count="4" type="stmt"/>
        <line num="456" count="4" type="stmt"/>
        <line num="457" count="4" type="stmt"/>
        <line num="460" count="2" type="cond" truecount="1" falsecount="1"/>
        <line num="461" count="2" type="stmt"/>
        <line num="466" count="2" type="stmt"/>
        <line num="473" count="8" type="cond" truecount="2" falsecount="0"/>
        <line num="474" count="2" type="stmt"/>
        <line num="475" count="2" type="stmt"/>
        <line num="476" count="2" type="stmt"/>
        <line num="478" count="6" type="stmt"/>
        <line num="482" count="6" type="stmt"/>
        <line num="486" count="3" type="stmt"/>
        <line num="491" count="3" type="stmt"/>
        <line num="492" count="3" type="stmt"/>
        <line num="493" count="3" type="stmt"/>
        <line num="495" count="3" type="stmt"/>
        <line num="496" count="3" type="stmt"/>
        <line num="497" count="3" type="stmt"/>
        <line num="498" count="3" type="stmt"/>
        <line num="503" count="3" type="cond" truecount="2" falsecount="0"/>
        <line num="504" count="1" type="stmt"/>
        <line num="505" count="2" type="cond" truecount="2" falsecount="0"/>
        <line num="506" count="1" type="stmt"/>
        <line num="507" count="1" type="stmt"/>
        <line num="512" count="3" type="stmt"/>
        <line num="514" count="7" type="stmt"/>
        <line num="517" count="1" type="stmt"/>
        <line num="518" count="1" type="stmt"/>
        <line num="524" count="2" type="stmt"/>
        <line num="528" count="11" type="cond" truecount="4" falsecount="0"/>
        <line num="529" count="5" type="stmt"/>
        <line num="531" count="11" type="stmt"/>
        <line num="532" count="11" type="stmt"/>
        <line num="533" count="11" type="stmt"/>
        <line num="535" count="9" type="stmt"/>
        <line num="536" count="9" type="stmt"/>
        <line num="537" count="9" type="cond" truecount="3" falsecount="0"/>
        <line num="538" count="9" type="cond" truecount="2" falsecount="0"/>
        <line num="541" count="2" type="stmt"/>
        <line num="542" count="2" type="stmt"/>
        <line num="548" count="2" type="stmt"/>
        <line num="555" count="21" type="stmt"/>
        <line num="559" count="21" type="stmt"/>
        <line num="560" count="21" type="stmt"/>
        <line num="561" count="21" type="stmt"/>
        <line num="563" count="18" type="cond" truecount="2" falsecount="0"/>
        <line num="564" count="2" type="stmt"/>
        <line num="565" count="2" type="stmt"/>
        <line num="567" count="6" type="stmt"/>
        <line num="572" count="16" type="stmt"/>
        <line num="575" count="3" type="stmt"/>
        <line num="589" count="44" type="stmt"/>
        <line num="590" count="44" type="cond" truecount="2" falsecount="0"/>
        <line num="591" count="44" type="cond" truecount="2" falsecount="0"/>
        <line num="592" count="44" type="stmt"/>
        <line num="593" count="44" type="stmt"/>
        <line num="594" count="44" type="stmt"/>
        <line num="597" count="44" type="cond" truecount="4" falsecount="0"/>
        <line num="598" count="42" type="cond" truecount="2" falsecount="0"/>
        <line num="600" count="12" type="stmt"/>
        <line num="601" count="4" type="stmt"/>
        <line num="605" count="4" type="stmt"/>
        <line num="606" count="4" type="stmt"/>
        <line num="615" count="38" type="stmt"/>
        <line num="619" count="38" type="stmt"/>
        <line num="620" count="38" type="stmt"/>
        <line num="623" count="2" type="stmt"/>
        <line num="624" count="2" type="cond" truecount="2" falsecount="0"/>
        <line num="625" count="1" type="stmt"/>
        <line num="626" count="1" type="stmt"/>
        <line num="628" count="1" type="stmt"/>
        <line num="630" count="2" type="stmt"/>
        <line num="634" count="44" type="cond" truecount="2" falsecount="0"/>
        <line num="635" count="42" type="stmt"/>
        <line num="639" count="44" type="stmt"/>
        <line num="643" count="85" type="stmt"/>
        <line num="644" count="85" type="stmt"/>
        <line num="646" count="85" type="cond" truecount="1" falsecount="0"/>
        <line num="647" count="83" type="stmt"/>
        <line num="648" count="83" type="cond" truecount="2" falsecount="0"/>
        <line num="651" count="85" type="cond" truecount="1" falsecount="0"/>
        <line num="652" count="2" type="stmt"/>
        <line num="653" count="2" type="cond" truecount="1" falsecount="1"/>
        <line num="655" count="2" type="stmt"/>
        <line num="662" count="2" type="stmt"/>
        <line num="666" count="85" type="stmt"/>
        <line num="675" count="85" type="cond" truecount="2" falsecount="0"/>
        <line num="676" count="83" type="cond" truecount="5" falsecount="0"/>
        <line num="677" count="2" type="stmt"/>
        <line num="679" count="81" type="stmt"/>
        <line num="680" count="81" type="stmt"/>
        <line num="695" count="53" type="stmt"/>
        <line num="701" count="53" type="stmt"/>
        <line num="702" count="53" type="stmt"/>
        <line num="705" count="53" type="cond" truecount="2" falsecount="0"/>
        <line num="706" count="7" type="cond" truecount="4" falsecount="0"/>
        <line num="707" count="6" type="stmt"/>
        <line num="708" count="6" type="stmt"/>
        <line num="713" count="1" type="stmt"/>
        <line num="716" count="1" type="stmt"/>
        <line num="720" count="46" type="stmt"/>
        <line num="721" count="46" type="cond" truecount="4" falsecount="0"/>
        <line num="722" count="2" type="stmt"/>
        <line num="723" count="2" type="stmt"/>
        <line num="729" count="44" type="cond" truecount="2" falsecount="0"/>
        <line num="730" count="13" type="stmt"/>
        <line num="731" count="13" type="cond" truecount="4" falsecount="0"/>
        <line num="732" count="3" type="stmt"/>
        <line num="733" count="3" type="stmt"/>
        <line num="734" count="3" type="stmt"/>
        <line num="741" count="10" type="stmt"/>
        <line num="742" count="10" type="stmt"/>
        <line num="743" count="7" type="stmt"/>
        <line num="744" count="7" type="stmt"/>
        <line num="748" count="7" type="stmt"/>
        <line num="749" count="7" type="stmt"/>
        <line num="750" count="7" type="cond" truecount="2" falsecount="0"/>
        <line num="751" count="1" type="stmt"/>
        <line num="754" count="1" type="stmt"/>
        <line num="756" count="7" type="stmt"/>
        <line num="763" count="10" type="stmt"/>
        <line num="764" count="3" type="cond" truecount="2" falsecount="0"/>
        <line num="765" count="1" type="stmt"/>
        <line num="769" count="2" type="stmt"/>
        <line num="772" count="3" type="stmt"/>
        <line num="774" count="3" type="stmt"/>
        <line num="778" count="31" type="stmt"/>
        <line num="787" count="26" type="stmt"/>
        <line num="788" count="26" type="stmt"/>
        <line num="791" count="4" type="stmt"/>
        <line num="792" count="4" type="stmt"/>
        <line num="793" count="4" type="cond" truecount="2" falsecount="0"/>
        <line num="794" count="1" type="stmt"/>
        <line num="796" count="4" type="stmt"/>
        <line num="803" count="16" type="stmt"/>
        <line num="805" count="16" type="cond" truecount="6" falsecount="0"/>
        <line num="808" count="3" type="stmt"/>
        <line num="809" count="3" type="cond" truecount="4" falsecount="0"/>
        <line num="810" count="2" type="cond" truecount="2" falsecount="0"/>
        <line num="811" count="1" type="stmt"/>
        <line num="814" count="2" type="cond" truecount="2" falsecount="0"/>
        <line num="815" count="1" type="stmt"/>
        <line num="816" count="2" type="stmt"/>
        <line num="818" count="1" type="stmt"/>
        <line num="838" count="4" type="stmt"/>
        <line num="840" count="4" type="cond" truecount="1" falsecount="1"/>
        <line num="841" count="4" type="stmt"/>
        <line num="843" count="4" type="cond" truecount="1" falsecount="1"/>
        <line num="844" count="4" type="stmt"/>
        <line num="846" count="4" type="cond" truecount="1" falsecount="1"/>
        <line num="847" count="4" type="stmt"/>
        <line num="849" count="4" type="cond" truecount="1" falsecount="1"/>
        <line num="850" count="4" type="stmt"/>
        <line num="852" count="4" type="cond" truecount="1" falsecount="1"/>
        <line num="853" count="4" type="stmt"/>
        <line num="855" count="4" type="cond" truecount="1" falsecount="1"/>
        <line num="856" count="4" type="stmt"/>
        <line num="858" count="4" type="cond" truecount="1" falsecount="1"/>
        <line num="859" count="4" type="stmt"/>
        <line num="861" count="4" type="cond" truecount="1" falsecount="1"/>
        <line num="862" count="4" type="stmt"/>
        <line num="864" count="4" type="cond" truecount="1" falsecount="1"/>
        <line num="865" count="4" type="stmt"/>
        <line num="867" count="4" type="cond" truecount="1" falsecount="1"/>
        <line num="868" count="4" type="stmt"/>
        <line num="870" count="4" type="cond" truecount="4" falsecount="0"/>
        <line num="871" count="2" type="cond" truecount="2" falsecount="0"/>
        <line num="872" count="1" type="stmt"/>
        <line num="873" count="2" type="cond" truecount="2" falsecount="0"/>
        <line num="874" count="1" type="stmt"/>
        <line num="875" count="2" type="stmt"/>
        <line num="878" count="2" type="stmt"/>
        <line num="886" count="4" type="stmt"/>
        <line num="888" count="4" type="cond" truecount="1" falsecount="1"/>
        <line num="889" count="4" type="stmt"/>
        <line num="891" count="4" type="cond" truecount="1" falsecount="1"/>
        <line num="892" count="4" type="stmt"/>
        <line num="894" count="4" type="cond" truecount="1" falsecount="1"/>
        <line num="895" count="4" type="stmt"/>
        <line num="897" count="4" type="cond" truecount="1" falsecount="1"/>
        <line num="898" count="4" type="stmt"/>
        <line num="900" count="4" type="cond" truecount="1" falsecount="1"/>
        <line num="901" count="4" type="stmt"/>
        <line num="903" count="4" type="cond" truecount="5" falsecount="0"/>
        <line num="904" count="3" type="cond" truecount="2" falsecount="0"/>
        <line num="905" count="1" type="stmt"/>
        <line num="906" count="3" type="cond" truecount="2" falsecount="0"/>
        <line num="907" count="3" type="cond" truecount="2" falsecount="0"/>
        <line num="908" count="3" type="stmt"/>
        <line num="911" count="1" type="stmt"/>
        <line num="920" count="4" type="stmt"/>
        <line num="922" count="4" type="cond" truecount="1" falsecount="1"/>
        <line num="923" count="4" type="stmt"/>
        <line num="925" count="4" type="cond" truecount="1" falsecount="1"/>
        <line num="926" count="4" type="stmt"/>
        <line num="928" count="4" type="cond" truecount="1" falsecount="1"/>
        <line num="929" count="4" type="stmt"/>
        <line num="931" count="4" type="cond" truecount="1" falsecount="1"/>
        <line num="932" count="4" type="stmt"/>
        <line num="934" count="4" type="cond" truecount="4" falsecount="0"/>
        <line num="935" count="2" type="stmt"/>
        <line num="936" count="2" type="cond" truecount="2" falsecount="0"/>
        <line num="937" count="2" type="cond" truecount="2" falsecount="0"/>
        <line num="938" count="2" type="stmt"/>
        <line num="941" count="2" type="stmt"/>
        <line num="949" count="1" type="stmt"/>
        <line num="950" count="1" type="stmt"/>
        <line num="955" count="8" type="stmt"/>
        <line num="956" count="8" type="stmt"/>
        <line num="957" count="8" type="stmt"/>
        <line num="958" count="1" type="stmt"/>
        <line num="960" count="8" type="stmt"/>
        <line num="961" count="8" type="stmt"/>
        <line num="963" count="16" type="stmt"/>
        <line num="964" count="16" type="cond" truecount="2" falsecount="0"/>
        <line num="965" count="6" type="stmt"/>
        <line num="971" count="6" type="stmt"/>
        <line num="972" count="6" type="stmt"/>
        <line num="974" count="10" type="stmt"/>
        <line num="975" count="10" type="stmt"/>
        <line num="979" count="8" type="stmt"/>
        <line num="981" count="7" type="stmt"/>
        <line num="982" count="15" type="cond" truecount="4" falsecount="0"/>
        <line num="983" count="5" type="stmt"/>
        <line num="984" count="5" type="stmt"/>
        <line num="985" count="17" type="stmt"/>
        <line num="988" count="7" type="stmt"/>
        <line num="991" count="1" type="stmt"/>
        <line num="992" count="1" type="stmt"/>
        <line num="998" count="1" type="stmt"/>
      </file>
    </package>
    <package name="src.config">
      <metrics statements="6" coveredstatements="6" conditionals="0" coveredconditionals="0" methods="0" coveredmethods="0"/>
      <file name="default.ts" path="/home/emilien/Documents/dev/fsSDK/jsSdk/src/config/default.ts">
        <metrics statements="2" coveredstatements="2" conditionals="0" coveredconditionals="0" methods="0" coveredmethods="0"/>
        <line num="3" count="5" type="stmt"/>
        <line num="15" count="5" type="stmt"/>
      </file>
      <file name="otherSdk.ts" path="/home/emilien/Documents/dev/fsSDK/jsSdk/src/config/otherSdk.ts">
        <metrics statements="3" coveredstatements="3" conditionals="0" coveredconditionals="0" methods="0" coveredmethods="0"/>
        <line num="1" count="5" type="stmt"/>
        <line num="6" count="5" type="stmt"/>
        <line num="10" count="5" type="stmt"/>
      </file>
      <file name="test.ts" path="/home/emilien/Documents/dev/fsSDK/jsSdk/src/config/test.ts">
        <metrics statements="1" coveredstatements="1" conditionals="0" coveredconditionals="0" methods="0" coveredmethods="0"/>
        <line num="3" count="5" type="stmt"/>
      </file>
    </package>
    <package name="src.lib">
      <metrics statements="71" coveredstatements="71" conditionals="62" coveredconditionals="56" methods="15" coveredmethods="15"/>
      <file name="flagshipSdkHelper.ts" path="/home/emilien/Documents/dev/fsSDK/jsSdk/src/lib/flagshipSdkHelper.ts">
        <metrics statements="71" coveredstatements="71" conditionals="62" coveredconditionals="56" methods="15" coveredmethods="15"/>
        <line num="11" count="5" type="stmt"/>
        <line num="12" count="129" type="cond" truecount="5" falsecount="0"/>
        <line num="13" count="2" type="stmt"/>
        <line num="17" count="5" type="stmt"/>
        <line num="19" count="129" type="stmt"/>
        <line num="20" count="129" type="stmt"/>
        <line num="21" count="129" type="cond" truecount="2" falsecount="0"/>
        <line num="22" count="5" type="stmt"/>
        <line num="24" count="129" type="cond" truecount="1" falsecount="1"/>
        <line num="25" count="129" type="stmt"/>
        <line num="28" count="52" type="stmt"/>
        <line num="29" count="52" type="cond" truecount="3" falsecount="1"/>
        <line num="31" count="31" type="cond" truecount="6" falsecount="0"/>
        <line num="33" count="29" type="stmt"/>
        <line num="35" count="2" type="cond" truecount="1" falsecount="1"/>
        <line num="37" count="19" type="cond" truecount="1" falsecount="1"/>
        <line num="40" count="2" type="stmt"/>
        <line num="44" count="111" type="stmt"/>
        <line num="45" count="111" type="stmt"/>
        <line num="46" count="122" type="cond" truecount="4" falsecount="0"/>
        <line num="48" count="3" type="stmt"/>
        <line num="49" count="119" type="cond" truecount="2" falsecount="0"/>
        <line num="51" count="5" type="stmt"/>
        <line num="52" count="114" type="cond" truecount="4" falsecount="0"/>
        <line num="54" count="1" type="stmt"/>
        <line num="56" count="113" type="stmt"/>
        <line num="59" count="111" type="stmt"/>
        <line num="62" count="40" type="stmt"/>
        <line num="63" count="40" type="stmt"/>
        <line num="64" count="1" type="stmt"/>
        <line num="65" count="1" type="stmt"/>
        <line num="67" count="40" type="cond" truecount="2" falsecount="0"/>
        <line num="68" count="39" type="stmt"/>
        <line num="72" count="40" type="stmt"/>
        <line num="73" count="40" type="stmt"/>
        <line num="74" count="40" type="stmt"/>
        <line num="75" count="360" type="stmt"/>
        <line num="76" count="40" type="stmt"/>
        <line num="77" count="40" type="stmt"/>
        <line num="78" count="351" type="stmt"/>
        <line num="79" count="351" type="cond" truecount="2" falsecount="0"/>
        <line num="80" count="348" type="cond" truecount="4" falsecount="0"/>
        <line num="81" count="105" type="stmt"/>
        <line num="83" count="243" type="stmt"/>
        <line num="85" count="3" type="cond" truecount="2" falsecount="0"/>
        <line num="88" count="1" type="stmt"/>
        <line num="91" count="40" type="stmt"/>
        <line num="94" count="12" type="cond" truecount="4" falsecount="0"/>
        <line num="95" count="1" type="stmt"/>
        <line num="96" count="1" type="stmt"/>
        <line num="98" count="11" type="stmt"/>
        <line num="101" count="83" type="stmt"/>
        <line num="122" count="83" type="stmt"/>
        <line num="123" count="83" type="stmt"/>
        <line num="125" count="83" type="cond" truecount="4" falsecount="0"/>
        <line num="126" count="12" type="cond" truecount="4" falsecount="0"/>
        <line num="127" count="1" type="stmt"/>
        <line num="129" count="12" type="stmt"/>
        <line num="132" count="71" type="stmt"/>
        <line num="133" count="184" type="stmt"/>
        <line num="134" count="184" type="cond" truecount="2" falsecount="0"/>
        <line num="135" count="2" type="stmt"/>
        <line num="136" count="2" type="stmt"/>
        <line num="137" count="2" type="stmt"/>
        <line num="138" count="6" type="stmt"/>
        <line num="139" count="6" type="cond" truecount="1" falsecount="1"/>
        <line num="142" count="2" type="stmt"/>
        <line num="145" count="71" type="cond" truecount="2" falsecount="0"/>
        <line num="146" count="70" type="stmt"/>
        <line num="148" count="1" type="stmt"/>
        <line num="149" count="1" type="stmt"/>
      </file>
      <file name="loggerHelper.ts" path="/home/emilien/Documents/dev/fsSDK/jsSdk/src/lib/loggerHelper.ts">
        <metrics statements="0" coveredstatements="0" conditionals="0" coveredconditionals="0" methods="0" coveredmethods="0"/>
      </file>
    </package>
    <package name="test.mock">
      <metrics statements="1" coveredstatements="1" conditionals="0" coveredconditionals="0" methods="0" coveredmethods="0"/>
      <file name="demoData.js" path="/home/emilien/Documents/dev/fsSDK/jsSdk/test/mock/demoData.js">
        <metrics statements="1" coveredstatements="1" conditionals="0" coveredconditionals="0" methods="0" coveredmethods="0"/>
        <line num="10" count="4" type="stmt"/>
      </file>
    </package>
    <package name="test.mock.bucketing">
      <metrics statements="0" coveredstatements="0" conditionals="0" coveredconditionals="0" methods="0" coveredmethods="0"/>
      <file name="index.js" path="/home/emilien/Documents/dev/fsSDK/jsSdk/test/mock/bucketing/index.js">
        <metrics statements="0" coveredstatements="0" conditionals="0" coveredconditionals="0" methods="0" coveredmethods="0"/>
      </file>
    </package>
    <package name="test.mock.bucketing.murmur">
      <metrics statements="0" coveredstatements="0" conditionals="0" coveredconditionals="0" methods="0" coveredmethods="0"/>
      <file name="arguments.js" path="/home/emilien/Documents/dev/fsSDK/jsSdk/test/mock/bucketing/murmur/arguments.js">
        <metrics statements="0" coveredstatements="0" conditionals="0" coveredconditionals="0" methods="0" coveredmethods="0"/>
      </file>
      <file name="badTraffic.js" path="/home/emilien/Documents/dev/fsSDK/jsSdk/test/mock/bucketing/murmur/badTraffic.js">
        <metrics statements="0" coveredstatements="0" conditionals="0" coveredconditionals="0" methods="0" coveredmethods="0"/>
      </file>
      <file name="badTraffic2.js" path="/home/emilien/Documents/dev/fsSDK/jsSdk/test/mock/bucketing/murmur/badTraffic2.js">
        <metrics statements="0" coveredstatements="0" conditionals="0" coveredconditionals="0" methods="0" coveredmethods="0"/>
      </file>
      <file name="extremLowTraffic.js" path="/home/emilien/Documents/dev/fsSDK/jsSdk/test/mock/bucketing/murmur/extremLowTraffic.js">
        <metrics statements="0" coveredstatements="0" conditionals="0" coveredconditionals="0" methods="0" coveredmethods="0"/>
      </file>
    </package>
    <package name="test.mock.bucketing.samples">
      <metrics statements="0" coveredstatements="0" conditionals="0" coveredconditionals="0" methods="0" coveredmethods="0"/>
      <file name="badOperator.js" path="/home/emilien/Documents/dev/fsSDK/jsSdk/test/mock/bucketing/samples/badOperator.js">
        <metrics statements="0" coveredstatements="0" conditionals="0" coveredconditionals="0" methods="0" coveredmethods="0"/>
      </file>
      <file name="badTraffic.js" path="/home/emilien/Documents/dev/fsSDK/jsSdk/test/mock/bucketing/samples/badTraffic.js">
        <metrics statements="0" coveredstatements="0" conditionals="0" coveredconditionals="0" methods="0" coveredmethods="0"/>
      </file>
      <file name="badTypeBetweenTargetingAndVisitorContextKey.js" path="/home/emilien/Documents/dev/fsSDK/jsSdk/test/mock/bucketing/samples/badTypeBetweenTargetingAndVisitorContextKey.js">
        <metrics statements="0" coveredstatements="0" conditionals="0" coveredconditionals="0" methods="0" coveredmethods="0"/>
      </file>
      <file name="classical.js" path="/home/emilien/Documents/dev/fsSDK/jsSdk/test/mock/bucketing/samples/classical.js">
        <metrics statements="0" coveredstatements="0" conditionals="0" coveredconditionals="0" methods="0" coveredmethods="0"/>
      </file>
      <file name="fs_all_users.js" path="/home/emilien/Documents/dev/fsSDK/jsSdk/test/mock/bucketing/samples/fs_all_users.js">
        <metrics statements="0" coveredstatements="0" conditionals="0" coveredconditionals="0" methods="0" coveredmethods="0"/>
      </file>
      <file name="fs_users.js" path="/home/emilien/Documents/dev/fsSDK/jsSdk/test/mock/bucketing/samples/fs_users.js">
        <metrics statements="0" coveredstatements="0" conditionals="0" coveredconditionals="0" methods="0" coveredmethods="0"/>
      </file>
      <file name="panic.js" path="/home/emilien/Documents/dev/fsSDK/jsSdk/test/mock/bucketing/samples/panic.js">
        <metrics statements="0" coveredstatements="0" conditionals="0" coveredconditionals="0" methods="0" coveredmethods="0"/>
      </file>
    </package>
    <package name="test.mock.bucketing.samples.multipleCampaigns">
      <metrics statements="0" coveredstatements="0" conditionals="0" coveredconditionals="0" methods="0" coveredmethods="0"/>
      <file name="index.js" path="/home/emilien/Documents/dev/fsSDK/jsSdk/test/mock/bucketing/samples/multipleCampaigns/index.js">
        <metrics statements="0" coveredstatements="0" conditionals="0" coveredconditionals="0" methods="0" coveredmethods="0"/>
      </file>
    </package>
    <package name="test.mock.bucketing.samples.oneCampaignOneVgMultipleTgg">
      <metrics statements="0" coveredstatements="0" conditionals="0" coveredconditionals="0" methods="0" coveredmethods="0"/>
      <file name="index.js" path="/home/emilien/Documents/dev/fsSDK/jsSdk/test/mock/bucketing/samples/oneCampaignOneVgMultipleTgg/index.js">
        <metrics statements="0" coveredstatements="0" conditionals="0" coveredconditionals="0" methods="0" coveredmethods="0"/>
      </file>
    </package>
    <package name="test.mock.bucketing.samples.oneCampaignOneVgOneTggWithAllPossibleTargetings">
      <metrics statements="0" coveredstatements="0" conditionals="0" coveredconditionals="0" methods="0" coveredmethods="0"/>
      <file name="containsOperator.js" path="/home/emilien/Documents/dev/fsSDK/jsSdk/test/mock/bucketing/samples/oneCampaignOneVgOneTggWithAllPossibleTargetings/containsOperator.js">
        <metrics statements="0" coveredstatements="0" conditionals="0" coveredconditionals="0" methods="0" coveredmethods="0"/>
      </file>
      <file name="endsWithOperator.js" path="/home/emilien/Documents/dev/fsSDK/jsSdk/test/mock/bucketing/samples/oneCampaignOneVgOneTggWithAllPossibleTargetings/endsWithOperator.js">
        <metrics statements="0" coveredstatements="0" conditionals="0" coveredconditionals="0" methods="0" coveredmethods="0"/>
      </file>
      <file name="equalsOperator.js" path="/home/emilien/Documents/dev/fsSDK/jsSdk/test/mock/bucketing/samples/oneCampaignOneVgOneTggWithAllPossibleTargetings/equalsOperator.js">
        <metrics statements="0" coveredstatements="0" conditionals="0" coveredconditionals="0" methods="0" coveredmethods="0"/>
      </file>
      <file name="greaterThanOperator.js" path="/home/emilien/Documents/dev/fsSDK/jsSdk/test/mock/bucketing/samples/oneCampaignOneVgOneTggWithAllPossibleTargetings/greaterThanOperator.js">
        <metrics statements="0" coveredstatements="0" conditionals="0" coveredconditionals="0" methods="0" coveredmethods="0"/>
      </file>
      <file name="greaterThanOrEqualsOperator.js" path="/home/emilien/Documents/dev/fsSDK/jsSdk/test/mock/bucketing/samples/oneCampaignOneVgOneTggWithAllPossibleTargetings/greaterThanOrEqualsOperator.js">
        <metrics statements="0" coveredstatements="0" conditionals="0" coveredconditionals="0" methods="0" coveredmethods="0"/>
      </file>
      <file name="lowerThanOperator.js" path="/home/emilien/Documents/dev/fsSDK/jsSdk/test/mock/bucketing/samples/oneCampaignOneVgOneTggWithAllPossibleTargetings/lowerThanOperator.js">
        <metrics statements="0" coveredstatements="0" conditionals="0" coveredconditionals="0" methods="0" coveredmethods="0"/>
      </file>
      <file name="lowerThanOrEqualsOperator.js" path="/home/emilien/Documents/dev/fsSDK/jsSdk/test/mock/bucketing/samples/oneCampaignOneVgOneTggWithAllPossibleTargetings/lowerThanOrEqualsOperator.js">
        <metrics statements="0" coveredstatements="0" conditionals="0" coveredconditionals="0" methods="0" coveredmethods="0"/>
      </file>
      <file name="notContainsOperator.js" path="/home/emilien/Documents/dev/fsSDK/jsSdk/test/mock/bucketing/samples/oneCampaignOneVgOneTggWithAllPossibleTargetings/notContainsOperator.js">
        <metrics statements="0" coveredstatements="0" conditionals="0" coveredconditionals="0" methods="0" coveredmethods="0"/>
      </file>
      <file name="notEqualsOperator.js" path="/home/emilien/Documents/dev/fsSDK/jsSdk/test/mock/bucketing/samples/oneCampaignOneVgOneTggWithAllPossibleTargetings/notEqualsOperator.js">
        <metrics statements="0" coveredstatements="0" conditionals="0" coveredconditionals="0" methods="0" coveredmethods="0"/>
      </file>
      <file name="startsWithOperator.js" path="/home/emilien/Documents/dev/fsSDK/jsSdk/test/mock/bucketing/samples/oneCampaignOneVgOneTggWithAllPossibleTargetings/startsWithOperator.js">
        <metrics statements="0" coveredstatements="0" conditionals="0" coveredconditionals="0" methods="0" coveredmethods="0"/>
      </file>
    </package>
    <package name="test.mock.bucketing.samples.oneCampaignWith100PercentAllocation">
      <metrics statements="0" coveredstatements="0" conditionals="0" coveredconditionals="0" methods="0" coveredmethods="0"/>
      <file name="index.js" path="/home/emilien/Documents/dev/fsSDK/jsSdk/test/mock/bucketing/samples/oneCampaignWith100PercentAllocation/index.js">
        <metrics statements="0" coveredstatements="0" conditionals="0" coveredconditionals="0" methods="0" coveredmethods="0"/>
      </file>
    </package>
    <package name="test.mock.decisionApi">
      <metrics statements="0" coveredstatements="0" conditionals="0" coveredconditionals="0" methods="0" coveredmethods="0"/>
      <file name="index.js" path="/home/emilien/Documents/dev/fsSDK/jsSdk/test/mock/decisionApi/index.js">
        <metrics statements="0" coveredstatements="0" conditionals="0" coveredconditionals="0" methods="0" coveredmethods="0"/>
      </file>
    </package>
    <package name="test.mock.decisionApi.data">
      <metrics statements="0" coveredstatements="0" conditionals="0" coveredconditionals="0" methods="0" coveredmethods="0"/>
      <file name="manyModifInManyCampaigns.js" path="/home/emilien/Documents/dev/fsSDK/jsSdk/test/mock/decisionApi/data/manyModifInManyCampaigns.js">
        <metrics statements="0" coveredstatements="0" conditionals="0" coveredconditionals="0" methods="0" coveredmethods="0"/>
      </file>
      <file name="noModif.js" path="/home/emilien/Documents/dev/fsSDK/jsSdk/test/mock/decisionApi/data/noModif.js">
        <metrics statements="0" coveredstatements="0" conditionals="0" coveredconditionals="0" methods="0" coveredmethods="0"/>
      </file>
      <file name="oneCampaignOneModif.js" path="/home/emilien/Documents/dev/fsSDK/jsSdk/test/mock/decisionApi/data/oneCampaignOneModif.js">
        <metrics statements="0" coveredstatements="0" conditionals="0" coveredconditionals="0" methods="0" coveredmethods="0"/>
      </file>
      <file name="oneCampaignOneModifWithAnUpdate.js" path="/home/emilien/Documents/dev/fsSDK/jsSdk/test/mock/decisionApi/data/oneCampaignOneModifWithAnUpdate.js">
        <metrics statements="0" coveredstatements="0" conditionals="0" coveredconditionals="0" methods="0" coveredmethods="0"/>
      </file>
      <file name="oneCampaignWithFurtherModifs.js" path="/home/emilien/Documents/dev/fsSDK/jsSdk/test/mock/decisionApi/data/oneCampaignWithFurtherModifs.js">
        <metrics statements="0" coveredstatements="0" conditionals="0" coveredconditionals="0" methods="0" coveredmethods="0"/>
      </file>
      <file name="oneModifInMoreThanOneCampaign.js" path="/home/emilien/Documents/dev/fsSDK/jsSdk/test/mock/decisionApi/data/oneModifInMoreThanOneCampaign.js">
        <metrics statements="0" coveredstatements="0" conditionals="0" coveredconditionals="0" methods="0" coveredmethods="0"/>
      </file>
      <file name="twoCampaignsWithSameId.js" path="/home/emilien/Documents/dev/fsSDK/jsSdk/test/mock/decisionApi/data/twoCampaignsWithSameId.js">
        <metrics statements="0" coveredstatements="0" conditionals="0" coveredconditionals="0" methods="0" coveredmethods="0"/>
      </file>
      <file name="weirdAnswer.js" path="/home/emilien/Documents/dev/fsSDK/jsSdk/test/mock/decisionApi/data/weirdAnswer.js">
        <metrics statements="0" coveredstatements="0" conditionals="0" coveredconditionals="0" methods="0" coveredmethods="0"/>
      </file>
    </package>
    <package name="test.mock.flagshipVisitor">
      <metrics statements="0" coveredstatements="0" conditionals="0" coveredconditionals="0" methods="0" coveredmethods="0"/>
      <file name="index.js" path="/home/emilien/Documents/dev/fsSDK/jsSdk/test/mock/flagshipVisitor/index.js">
        <metrics statements="0" coveredstatements="0" conditionals="0" coveredconditionals="0" methods="0" coveredmethods="0"/>
      </file>
    </package>
    <package name="test.mock.hit">
      <metrics statements="0" coveredstatements="0" conditionals="0" coveredconditionals="0" methods="0" coveredmethods="0"/>
      <file name="event.js" path="/home/emilien/Documents/dev/fsSDK/jsSdk/test/mock/hit/event.js">
        <metrics statements="0" coveredstatements="0" conditionals="0" coveredconditionals="0" methods="0" coveredmethods="0"/>
      </file>
      <file name="item.js" path="/home/emilien/Documents/dev/fsSDK/jsSdk/test/mock/hit/item.js">
        <metrics statements="0" coveredstatements="0" conditionals="0" coveredconditionals="0" methods="0" coveredmethods="0"/>
      </file>
      <file name="page.js" path="/home/emilien/Documents/dev/fsSDK/jsSdk/test/mock/hit/page.js">
        <metrics statements="0" coveredstatements="0" conditionals="0" coveredconditionals="0" methods="0" coveredmethods="0"/>
      </file>
      <file name="screen.js" path="/home/emilien/Documents/dev/fsSDK/jsSdk/test/mock/hit/screen.js">
        <metrics statements="0" coveredstatements="0" conditionals="0" coveredconditionals="0" methods="0" coveredmethods="0"/>
      </file>
      <file name="transaction.js" path="/home/emilien/Documents/dev/fsSDK/jsSdk/test/mock/hit/transaction.js">
        <metrics statements="0" coveredstatements="0" conditionals="0" coveredconditionals="0" methods="0" coveredmethods="0"/>
      </file>
    </package>
  </project>
</coverage>
