{"total": {"lines":{"total":760,"covered":760,"skipped":0,"pct":100},"statements":{"total":783,"covered":783,"skipped":0,"pct":100},"functions":{"total":161,"covered":161,"skipped":0,"pct":100},"branches":{"total":524,"covered":484,"skipped":0,"pct":92.37}}
,"/home/emilien/Documents/dev/fsSDK/jsSdk/src/index.ts": {"lines":{"total":2,"covered":2,"skipped":0,"pct":100},"functions":{"total":1,"covered":1,"skipped":0,"pct":100},"statements":{"total":2,"covered":2,"skipped":0,"pct":100},"branches":{"total":0,"covered":0,"skipped":0,"pct":100}}
,"/home/emilien/Documents/dev/fsSDK/jsSdk/src/class/bucketing/bucketing.ts": {"lines":{"total":52,"covered":52,"skipped":0,"pct":100},"functions":{"total":11,"covered":11,"skipped":0,"pct":100},"statements":{"total":52,"covered":52,"skipped":0,"pct":100},"branches":{"total":24,"covered":23,"skipped":0,"pct":95.83}}
,"/home/emilien/Documents/dev/fsSDK/jsSdk/src/class/bucketingVisitor/bucketingVisitor.ts": {"lines":{"total":197,"covered":197,"skipped":0,"pct":100},"functions":{"total":39,"covered":39,"skipped":0,"pct":100},"statements":{"total":204,"covered":204,"skipped":0,"pct":100},"branches":{"total":138,"covered":136,"skipped":0,"pct":98.55}}
,"/home/emilien/Documents/dev/fsSDK/jsSdk/src/class/flagship/flagship.ts": {"lines":{"total":38,"covered":38,"skipped":0,"pct":100},"functions":{"total":10,"covered":10,"skipped":0,"pct":100},"statements":{"total":38,"covered":38,"skipped":0,"pct":100},"branches":{"total":21,"covered":19,"skipped":0,"pct":90.48}}
,"/home/emilien/Documents/dev/fsSDK/jsSdk/src/class/flagshipVisitor/flagshipVisitor.ts": {"lines":{"total":393,"covered":393,"skipped":0,"pct":100},"functions":{"total":85,"covered":85,"skipped":0,"pct":100},"statements":{"total":408,"covered":408,"skipped":0,"pct":100},"branches":{"total":278,"covered":249,"skipped":0,"pct":89.57}}
,"/home/emilien/Documents/dev/fsSDK/jsSdk/src/config/default.ts": {"lines":{"total":2,"covered":2,"skipped":0,"pct":100},"functions":{"total":0,"covered":0,"skipped":0,"pct":100},"statements":{"total":2,"covered":2,"skipped":0,"pct":100},"branches":{"total":0,"covered":0,"skipped":0,"pct":100}}
,"/home/emilien/Documents/dev/fsSDK/jsSdk/src/config/otherSdk.ts": {"lines":{"total":3,"covered":3,"skipped":0,"pct":100},"functions":{"total":0,"covered":0,"skipped":0,"pct":100},"statements":{"total":3,"covered":3,"skipped":0,"pct":100},"branches":{"total":0,"covered":0,"skipped":0,"pct":100}}
,"/home/emilien/Documents/dev/fsSDK/jsSdk/src/config/test.ts": {"lines":{"total":1,"covered":1,"skipped":0,"pct":100},"functions":{"total":0,"covered":0,"skipped":0,"pct":100},"statements":{"total":1,"covered":1,"skipped":0,"pct":100},"branches":{"total":0,"covered":0,"skipped":0,"pct":100}}
,"/home/emilien/Documents/dev/fsSDK/jsSdk/src/lib/flagshipSdkHelper.ts": {"lines":{"total":71,"covered":71,"skipped":0,"pct":100},"functions":{"total":15,"covered":15,"skipped":0,"pct":100},"statements":{"total":72,"covered":72,"skipped":0,"pct":100},"branches":{"total":63,"covered":57,"skipped":0,"pct":90.48}}
,"/home/emilien/Documents/dev/fsSDK/jsSdk/src/lib/loggerHelper.ts": {"lines":{"total":0,"covered":0,"skipped":0,"pct":100},"functions":{"total":0,"covered":0,"skipped":0,"pct":100},"statements":{"total":0,"covered":0,"skipped":0,"pct":100},"branches":{"total":0,"covered":0,"skipped":0,"pct":100}}
,"/home/emilien/Documents/dev/fsSDK/jsSdk/test/mock/demoData.js": {"lines":{"total":1,"covered":1,"skipped":0,"pct":100},"functions":{"total":0,"covered":0,"skipped":0,"pct":100},"statements":{"total":1,"covered":1,"skipped":0,"pct":100},"branches":{"total":0,"covered":0,"skipped":0,"pct":100}}
,"/home/emilien/Documents/dev/fsSDK/jsSdk/test/mock/bucketing/index.js": {"lines":{"total":0,"covered":0,"skipped":0,"pct":100},"functions":{"total":0,"covered":0,"skipped":0,"pct":100},"statements":{"total":0,"covered":0,"skipped":0,"pct":100},"branches":{"total":0,"covered":0,"skipped":0,"pct":100}}
,"/home/emilien/Documents/dev/fsSDK/jsSdk/test/mock/bucketing/murmur/arguments.js": {"lines":{"total":0,"covered":0,"skipped":0,"pct":100},"functions":{"total":0,"covered":0,"skipped":0,"pct":100},"statements":{"total":0,"covered":0,"skipped":0,"pct":100},"branches":{"total":0,"covered":0,"skipped":0,"pct":100}}
,"/home/emilien/Documents/dev/fsSDK/jsSdk/test/mock/bucketing/murmur/badTraffic.js": {"lines":{"total":0,"covered":0,"skipped":0,"pct":100},"functions":{"total":0,"covered":0,"skipped":0,"pct":100},"statements":{"total":0,"covered":0,"skipped":0,"pct":100},"branches":{"total":0,"covered":0,"skipped":0,"pct":100}}
,"/home/emilien/Documents/dev/fsSDK/jsSdk/test/mock/bucketing/murmur/badTraffic2.js": {"lines":{"total":0,"covered":0,"skipped":0,"pct":100},"functions":{"total":0,"covered":0,"skipped":0,"pct":100},"statements":{"total":0,"covered":0,"skipped":0,"pct":100},"branches":{"total":0,"covered":0,"skipped":0,"pct":100}}
,"/home/emilien/Documents/dev/fsSDK/jsSdk/test/mock/bucketing/murmur/extremLowTraffic.js": {"lines":{"total":0,"covered":0,"skipped":0,"pct":100},"functions":{"total":0,"covered":0,"skipped":0,"pct":100},"statements":{"total":0,"covered":0,"skipped":0,"pct":100},"branches":{"total":0,"covered":0,"skipped":0,"pct":100}}
,"/home/emilien/Documents/dev/fsSDK/jsSdk/test/mock/bucketing/samples/badOperator.js": {"lines":{"total":0,"covered":0,"skipped":0,"pct":100},"functions":{"total":0,"covered":0,"skipped":0,"pct":100},"statements":{"total":0,"covered":0,"skipped":0,"pct":100},"branches":{"total":0,"covered":0,"skipped":0,"pct":100}}
,"/home/emilien/Documents/dev/fsSDK/jsSdk/test/mock/bucketing/samples/badTraffic.js": {"lines":{"total":0,"covered":0,"skipped":0,"pct":100},"functions":{"total":0,"covered":0,"skipped":0,"pct":100},"statements":{"total":0,"covered":0,"skipped":0,"pct":100},"branches":{"total":0,"covered":0,"skipped":0,"pct":100}}
,"/home/emilien/Documents/dev/fsSDK/jsSdk/test/mock/bucketing/samples/badTypeBetweenTargetingAndVisitorContextKey.js": {"lines":{"total":0,"covered":0,"skipped":0,"pct":100},"functions":{"total":0,"covered":0,"skipped":0,"pct":100},"statements":{"total":0,"covered":0,"skipped":0,"pct":100},"branches":{"total":0,"covered":0,"skipped":0,"pct":100}}
,"/home/emilien/Documents/dev/fsSDK/jsSdk/test/mock/bucketing/samples/classical.js": {"lines":{"total":0,"covered":0,"skipped":0,"pct":100},"functions":{"total":0,"covered":0,"skipped":0,"pct":100},"statements":{"total":0,"covered":0,"skipped":0,"pct":100},"branches":{"total":0,"covered":0,"skipped":0,"pct":100}}
,"/home/emilien/Documents/dev/fsSDK/jsSdk/test/mock/bucketing/samples/fs_all_users.js": {"lines":{"total":0,"covered":0,"skipped":0,"pct":100},"functions":{"total":0,"covered":0,"skipped":0,"pct":100},"statements":{"total":0,"covered":0,"skipped":0,"pct":100},"branches":{"total":0,"covered":0,"skipped":0,"pct":100}}
,"/home/emilien/Documents/dev/fsSDK/jsSdk/test/mock/bucketing/samples/fs_users.js": {"lines":{"total":0,"covered":0,"skipped":0,"pct":100},"functions":{"total":0,"covered":0,"skipped":0,"pct":100},"statements":{"total":0,"covered":0,"skipped":0,"pct":100},"branches":{"total":0,"covered":0,"skipped":0,"pct":100}}
,"/home/emilien/Documents/dev/fsSDK/jsSdk/test/mock/bucketing/samples/panic.js": {"lines":{"total":0,"covered":0,"skipped":0,"pct":100},"functions":{"total":0,"covered":0,"skipped":0,"pct":100},"statements":{"total":0,"covered":0,"skipped":0,"pct":100},"branches":{"total":0,"covered":0,"skipped":0,"pct":100}}
,"/home/emilien/Documents/dev/fsSDK/jsSdk/test/mock/bucketing/samples/multipleCampaigns/index.js": {"lines":{"total":0,"covered":0,"skipped":0,"pct":100},"functions":{"total":0,"covered":0,"skipped":0,"pct":100},"statements":{"total":0,"covered":0,"skipped":0,"pct":100},"branches":{"total":0,"covered":0,"skipped":0,"pct":100}}
,"/home/emilien/Documents/dev/fsSDK/jsSdk/test/mock/bucketing/samples/oneCampaignOneVgMultipleTgg/index.js": {"lines":{"total":0,"covered":0,"skipped":0,"pct":100},"functions":{"total":0,"covered":0,"skipped":0,"pct":100},"statements":{"total":0,"covered":0,"skipped":0,"pct":100},"branches":{"total":0,"covered":0,"skipped":0,"pct":100}}
,"/home/emilien/Documents/dev/fsSDK/jsSdk/test/mock/bucketing/samples/oneCampaignOneVgOneTggWithAllPossibleTargetings/containsOperator.js": {"lines":{"total":0,"covered":0,"skipped":0,"pct":100},"functions":{"total":0,"covered":0,"skipped":0,"pct":100},"statements":{"total":0,"covered":0,"skipped":0,"pct":100},"branches":{"total":0,"covered":0,"skipped":0,"pct":100}}
,"/home/emilien/Documents/dev/fsSDK/jsSdk/test/mock/bucketing/samples/oneCampaignOneVgOneTggWithAllPossibleTargetings/endsWithOperator.js": {"lines":{"total":0,"covered":0,"skipped":0,"pct":100},"functions":{"total":0,"covered":0,"skipped":0,"pct":100},"statements":{"total":0,"covered":0,"skipped":0,"pct":100},"branches":{"total":0,"covered":0,"skipped":0,"pct":100}}
,"/home/emilien/Documents/dev/fsSDK/jsSdk/test/mock/bucketing/samples/oneCampaignOneVgOneTggWithAllPossibleTargetings/equalsOperator.js": {"lines":{"total":0,"covered":0,"skipped":0,"pct":100},"functions":{"total":0,"covered":0,"skipped":0,"pct":100},"statements":{"total":0,"covered":0,"skipped":0,"pct":100},"branches":{"total":0,"covered":0,"skipped":0,"pct":100}}
,"/home/emilien/Documents/dev/fsSDK/jsSdk/test/mock/bucketing/samples/oneCampaignOneVgOneTggWithAllPossibleTargetings/greaterThanOperator.js": {"lines":{"total":0,"covered":0,"skipped":0,"pct":100},"functions":{"total":0,"covered":0,"skipped":0,"pct":100},"statements":{"total":0,"covered":0,"skipped":0,"pct":100},"branches":{"total":0,"covered":0,"skipped":0,"pct":100}}
,"/home/emilien/Documents/dev/fsSDK/jsSdk/test/mock/bucketing/samples/oneCampaignOneVgOneTggWithAllPossibleTargetings/greaterThanOrEqualsOperator.js": {"lines":{"total":0,"covered":0,"skipped":0,"pct":100},"functions":{"total":0,"covered":0,"skipped":0,"pct":100},"statements":{"total":0,"covered":0,"skipped":0,"pct":100},"branches":{"total":0,"covered":0,"skipped":0,"pct":100}}
,"/home/emilien/Documents/dev/fsSDK/jsSdk/test/mock/bucketing/samples/oneCampaignOneVgOneTggWithAllPossibleTargetings/lowerThanOperator.js": {"lines":{"total":0,"covered":0,"skipped":0,"pct":100},"functions":{"total":0,"covered":0,"skipped":0,"pct":100},"statements":{"total":0,"covered":0,"skipped":0,"pct":100},"branches":{"total":0,"covered":0,"skipped":0,"pct":100}}
,"/home/emilien/Documents/dev/fsSDK/jsSdk/test/mock/bucketing/samples/oneCampaignOneVgOneTggWithAllPossibleTargetings/lowerThanOrEqualsOperator.js": {"lines":{"total":0,"covered":0,"skipped":0,"pct":100},"functions":{"total":0,"covered":0,"skipped":0,"pct":100},"statements":{"total":0,"covered":0,"skipped":0,"pct":100},"branches":{"total":0,"covered":0,"skipped":0,"pct":100}}
,"/home/emilien/Documents/dev/fsSDK/jsSdk/test/mock/bucketing/samples/oneCampaignOneVgOneTggWithAllPossibleTargetings/notContainsOperator.js": {"lines":{"total":0,"covered":0,"skipped":0,"pct":100},"functions":{"total":0,"covered":0,"skipped":0,"pct":100},"statements":{"total":0,"covered":0,"skipped":0,"pct":100},"branches":{"total":0,"covered":0,"skipped":0,"pct":100}}
,"/home/emilien/Documents/dev/fsSDK/jsSdk/test/mock/bucketing/samples/oneCampaignOneVgOneTggWithAllPossibleTargetings/notEqualsOperator.js": {"lines":{"total":0,"covered":0,"skipped":0,"pct":100},"functions":{"total":0,"covered":0,"skipped":0,"pct":100},"statements":{"total":0,"covered":0,"skipped":0,"pct":100},"branches":{"total":0,"covered":0,"skipped":0,"pct":100}}
,"/home/emilien/Documents/dev/fsSDK/jsSdk/test/mock/bucketing/samples/oneCampaignOneVgOneTggWithAllPossibleTargetings/startsWithOperator.js": {"lines":{"total":0,"covered":0,"skipped":0,"pct":100},"functions":{"total":0,"covered":0,"skipped":0,"pct":100},"statements":{"total":0,"covered":0,"skipped":0,"pct":100},"branches":{"total":0,"covered":0,"skipped":0,"pct":100}}
,"/home/emilien/Documents/dev/fsSDK/jsSdk/test/mock/bucketing/samples/oneCampaignWith100PercentAllocation/index.js": {"lines":{"total":0,"covered":0,"skipped":0,"pct":100},"functions":{"total":0,"covered":0,"skipped":0,"pct":100},"statements":{"total":0,"covered":0,"skipped":0,"pct":100},"branches":{"total":0,"covered":0,"skipped":0,"pct":100}}
,"/home/emilien/Documents/dev/fsSDK/jsSdk/test/mock/decisionApi/index.js": {"lines":{"total":0,"covered":0,"skipped":0,"pct":100},"functions":{"total":0,"covered":0,"skipped":0,"pct":100},"statements":{"total":0,"covered":0,"skipped":0,"pct":100},"branches":{"total":0,"covered":0,"skipped":0,"pct":100}}
,"/home/emilien/Documents/dev/fsSDK/jsSdk/test/mock/decisionApi/data/manyModifInManyCampaigns.js": {"lines":{"total":0,"covered":0,"skipped":0,"pct":100},"functions":{"total":0,"covered":0,"skipped":0,"pct":100},"statements":{"total":0,"covered":0,"skipped":0,"pct":100},"branches":{"total":0,"covered":0,"skipped":0,"pct":100}}
,"/home/emilien/Documents/dev/fsSDK/jsSdk/test/mock/decisionApi/data/noModif.js": {"lines":{"total":0,"covered":0,"skipped":0,"pct":100},"functions":{"total":0,"covered":0,"skipped":0,"pct":100},"statements":{"total":0,"covered":0,"skipped":0,"pct":100},"branches":{"total":0,"covered":0,"skipped":0,"pct":100}}
,"/home/emilien/Documents/dev/fsSDK/jsSdk/test/mock/decisionApi/data/oneCampaignOneModif.js": {"lines":{"total":0,"covered":0,"skipped":0,"pct":100},"functions":{"total":0,"covered":0,"skipped":0,"pct":100},"statements":{"total":0,"covered":0,"skipped":0,"pct":100},"branches":{"total":0,"covered":0,"skipped":0,"pct":100}}
,"/home/emilien/Documents/dev/fsSDK/jsSdk/test/mock/decisionApi/data/oneCampaignOneModifWithAnUpdate.js": {"lines":{"total":0,"covered":0,"skipped":0,"pct":100},"functions":{"total":0,"covered":0,"skipped":0,"pct":100},"statements":{"total":0,"covered":0,"skipped":0,"pct":100},"branches":{"total":0,"covered":0,"skipped":0,"pct":100}}
,"/home/emilien/Documents/dev/fsSDK/jsSdk/test/mock/decisionApi/data/oneCampaignWithFurtherModifs.js": {"lines":{"total":0,"covered":0,"skipped":0,"pct":100},"functions":{"total":0,"covered":0,"skipped":0,"pct":100},"statements":{"total":0,"covered":0,"skipped":0,"pct":100},"branches":{"total":0,"covered":0,"skipped":0,"pct":100}}
,"/home/emilien/Documents/dev/fsSDK/jsSdk/test/mock/decisionApi/data/oneModifInMoreThanOneCampaign.js": {"lines":{"total":0,"covered":0,"skipped":0,"pct":100},"functions":{"total":0,"covered":0,"skipped":0,"pct":100},"statements":{"total":0,"covered":0,"skipped":0,"pct":100},"branches":{"total":0,"covered":0,"skipped":0,"pct":100}}
,"/home/emilien/Documents/dev/fsSDK/jsSdk/test/mock/decisionApi/data/twoCampaignsWithSameId.js": {"lines":{"total":0,"covered":0,"skipped":0,"pct":100},"functions":{"total":0,"covered":0,"skipped":0,"pct":100},"statements":{"total":0,"covered":0,"skipped":0,"pct":100},"branches":{"total":0,"covered":0,"skipped":0,"pct":100}}
,"/home/emilien/Documents/dev/fsSDK/jsSdk/test/mock/decisionApi/data/weirdAnswer.js": {"lines":{"total":0,"covered":0,"skipped":0,"pct":100},"functions":{"total":0,"covered":0,"skipped":0,"pct":100},"statements":{"total":0,"covered":0,"skipped":0,"pct":100},"branches":{"total":0,"covered":0,"skipped":0,"pct":100}}
,"/home/emilien/Documents/dev/fsSDK/jsSdk/test/mock/flagshipVisitor/index.js": {"lines":{"total":0,"covered":0,"skipped":0,"pct":100},"functions":{"total":0,"covered":0,"skipped":0,"pct":100},"statements":{"total":0,"covered":0,"skipped":0,"pct":100},"branches":{"total":0,"covered":0,"skipped":0,"pct":100}}
,"/home/emilien/Documents/dev/fsSDK/jsSdk/test/mock/hit/event.js": {"lines":{"total":0,"covered":0,"skipped":0,"pct":100},"functions":{"total":0,"covered":0,"skipped":0,"pct":100},"statements":{"total":0,"covered":0,"skipped":0,"pct":100},"branches":{"total":0,"covered":0,"skipped":0,"pct":100}}
,"/home/emilien/Documents/dev/fsSDK/jsSdk/test/mock/hit/item.js": {"lines":{"total":0,"covered":0,"skipped":0,"pct":100},"functions":{"total":0,"covered":0,"skipped":0,"pct":100},"statements":{"total":0,"covered":0,"skipped":0,"pct":100},"branches":{"total":0,"covered":0,"skipped":0,"pct":100}}
,"/home/emilien/Documents/dev/fsSDK/jsSdk/test/mock/hit/page.js": {"lines":{"total":0,"covered":0,"skipped":0,"pct":100},"functions":{"total":0,"covered":0,"skipped":0,"pct":100},"statements":{"total":0,"covered":0,"skipped":0,"pct":100},"branches":{"total":0,"covered":0,"skipped":0,"pct":100}}
,"/home/emilien/Documents/dev/fsSDK/jsSdk/test/mock/hit/screen.js": {"lines":{"total":0,"covered":0,"skipped":0,"pct":100},"functions":{"total":0,"covered":0,"skipped":0,"pct":100},"statements":{"total":0,"covered":0,"skipped":0,"pct":100},"branches":{"total":0,"covered":0,"skipped":0,"pct":100}}
,"/home/emilien/Documents/dev/fsSDK/jsSdk/test/mock/hit/transaction.js": {"lines":{"total":0,"covered":0,"skipped":0,"pct":100},"functions":{"total":0,"covered":0,"skipped":0,"pct":100},"statements":{"total":0,"covered":0,"skipped":0,"pct":100},"branches":{"total":0,"covered":0,"skipped":0,"pct":100}}
}
