{"/home/emilien/Documents/dev/fsSDK/jsSdk/src/index.ts": {"path":"/home/emilien/Documents/dev/fsSDK/jsSdk/src/index.ts","statementMap":{"0":{"start":{"line":4,"column":41},"end":{"line":6,"column":1}},"1":{"start":{"line":5,"column":30},"end":{"line":5,"column":57}}},"fnMap":{"0":{"name":"(anonymous_0)","decl":{"start":{"line":5,"column":11},"end":{"line":5,"column":12}},"loc":{"start":{"line":5,"column":30},"end":{"line":5,"column":57}},"line":5}},"branchMap":{},"s":{"0":4,"1":40},"f":{"0":40},"b":{},"_coverageSchema":"43e27e138ebf9cfc5966b082cf9a028302ed4184","hash":"9a681fafb15a616d255bafc6f30f700ff560c90f"}
,"/home/emilien/Documents/dev/fsSDK/jsSdk/src/class/bucketing/bucketing.ts": {"path":"/home/emilien/Documents/dev/fsSDK/jsSdk/src/class/bucketing/bucketing.ts","statementMap":{"0":{"start":{"line":25,"column":8},"end":{"line":25,"column":16}},"1":{"start":{"line":26,"column":8},"end":{"line":26,"column":29}},"2":{"start":{"line":27,"column":8},"end":{"line":27,"column":83}},"3":{"start":{"line":28,"column":8},"end":{"line":28,"column":27}},"4":{"start":{"line":29,"column":8},"end":{"line":29,"column":25}},"5":{"start":{"line":30,"column":8},"end":{"line":30,"column":38}},"6":{"start":{"line":31,"column":8},"end":{"line":31,"column":37}},"7":{"start":{"line":34,"column":8},"end":{"line":41,"column":11}},"8":{"start":{"line":35,"column":12},"end":{"line":40,"column":13}},"9":{"start":{"line":36,"column":16},"end":{"line":36,"column":137}},"10":{"start":{"line":37,"column":16},"end":{"line":39,"column":72}},"11":{"start":{"line":38,"column":20},"end":{"line":38,"column":44}},"12":{"start":{"line":43,"column":8},"end":{"line":52,"column":11}},"13":{"start":{"line":44,"column":12},"end":{"line":51,"column":13}},"14":{"start":{"line":45,"column":16},"end":{"line":47,"column":18}},"15":{"start":{"line":48,"column":16},"end":{"line":50,"column":72}},"16":{"start":{"line":49,"column":20},"end":{"line":49,"column":44}},"17":{"start":{"line":56,"column":8},"end":{"line":56,"column":28}},"18":{"start":{"line":60,"column":28},"end":{"line":65,"column":9}},"19":{"start":{"line":66,"column":20},"end":{"line":66,"column":84}},"20":{"start":{"line":67,"column":8},"end":{"line":88,"column":15}},"21":{"start":{"line":69,"column":16},"end":{"line":81,"column":17}},"22":{"start":{"line":70,"column":20},"end":{"line":70,"column":86}},"23":{"start":{"line":71,"column":23},"end":{"line":81,"column":17}},"24":{"start":{"line":72,"column":20},"end":{"line":72,"column":93}},"25":{"start":{"line":74,"column":20},"end":{"line":78,"column":21}},"26":{"start":{"line":75,"column":24},"end":{"line":75,"column":124}},"27":{"start":{"line":77,"column":24},"end":{"line":77,"column":79}},"28":{"start":{"line":79,"column":20},"end":{"line":79,"column":73}},"29":{"start":{"line":80,"column":20},"end":{"line":80,"column":53}},"30":{"start":{"line":82,"column":16},"end":{"line":82,"column":50}},"31":{"start":{"line":83,"column":16},"end":{"line":83,"column":37}},"32":{"start":{"line":86,"column":16},"end":{"line":86,"column":86}},"33":{"start":{"line":87,"column":16},"end":{"line":87,"column":45}},"34":{"start":{"line":92,"column":8},"end":{"line":114,"column":9}},"35":{"start":{"line":94,"column":16},"end":{"line":94,"column":45}},"36":{"start":{"line":95,"column":16},"end":{"line":95,"column":75}},"37":{"start":{"line":96,"column":16},"end":{"line":96,"column":31}},"38":{"start":{"line":97,"column":16},"end":{"line":97,"column":22}},"39":{"start":{"line":100,"column":16},"end":{"line":100,"column":46}},"40":{"start":{"line":101,"column":16},"end":{"line":104,"column":18}},"41":{"start":{"line":105,"column":16},"end":{"line":105,"column":31}},"42":{"start":{"line":106,"column":16},"end":{"line":106,"column":22}},"43":{"start":{"line":109,"column":16},"end":{"line":109,"column":46}},"44":{"start":{"line":110,"column":16},"end":{"line":112,"column":18}},"45":{"start":{"line":113,"column":16},"end":{"line":113,"column":31}},"46":{"start":{"line":118,"column":8},"end":{"line":121,"column":9}},"47":{"start":{"line":119,"column":12},"end":{"line":119,"column":60}},"48":{"start":{"line":120,"column":12},"end":{"line":120,"column":19}},"49":{"start":{"line":123,"column":8},"end":{"line":125,"column":9}},"50":{"start":{"line":124,"column":12},"end":{"line":124,"column":65}},"51":{"start":{"line":127,"column":8},"end":{"line":127,"column":32}}},"fnMap":{"0":{"name":"(anonymous_0)","decl":{"start":{"line":24,"column":4},"end":{"line":24,"column":5}},"loc":{"start":{"line":24,"column":58},"end":{"line":53,"column":5}},"line":24},"1":{"name":"(anonymous_1)","decl":{"start":{"line":34,"column":28},"end":{"line":34,"column":29}},"loc":{"start":{"line":34,"column":48},"end":{"line":41,"column":9}},"line":34},"2":{"name":"(anonymous_2)","decl":{"start":{"line":37,"column":27},"end":{"line":37,"column":28}},"loc":{"start":{"line":37,"column":33},"end":{"line":39,"column":17}},"line":37},"3":{"name":"(anonymous_3)","decl":{"start":{"line":43,"column":25},"end":{"line":43,"column":26}},"loc":{"start":{"line":43,"column":43},"end":{"line":52,"column":9}},"line":43},"4":{"name":"(anonymous_4)","decl":{"start":{"line":48,"column":27},"end":{"line":48,"column":28}},"loc":{"start":{"line":48,"column":33},"end":{"line":50,"column":17}},"line":48},"5":{"name":"(anonymous_5)","decl":{"start":{"line":55,"column":4},"end":{"line":55,"column":5}},"loc":{"start":{"line":55,"column":51},"end":{"line":57,"column":5}},"line":55},"6":{"name":"(anonymous_6)","decl":{"start":{"line":59,"column":4},"end":{"line":59,"column":5}},"loc":{"start":{"line":59,"column":59},"end":{"line":89,"column":5}},"line":59},"7":{"name":"(anonymous_7)","decl":{"start":{"line":68,"column":18},"end":{"line":68,"column":19}},"loc":{"start":{"line":68,"column":102},"end":{"line":84,"column":13}},"line":68},"8":{"name":"(anonymous_8)","decl":{"start":{"line":85,"column":19},"end":{"line":85,"column":20}},"loc":{"start":{"line":85,"column":40},"end":{"line":88,"column":13}},"line":85},"9":{"name":"(anonymous_9)","decl":{"start":{"line":91,"column":4},"end":{"line":91,"column":5}},"loc":{"start":{"line":91,"column":37},"end":{"line":115,"column":5}},"line":91},"10":{"name":"(anonymous_10)","decl":{"start":{"line":117,"column":4},"end":{"line":117,"column":5}},"loc":{"start":{"line":117,"column":32},"end":{"line":128,"column":5}},"line":117}},"branchMap":{"0":{"loc":{"start":{"line":35,"column":12},"end":{"line":40,"column":13}},"type":"if","locations":[{"start":{"line":35,"column":12},"end":{"line":40,"column":13}},{"start":{"line":35,"column":12},"end":{"line":40,"column":13}}],"line":35},"1":{"loc":{"start":{"line":35,"column":16},"end":{"line":35,"column":122}},"type":"binary-expr","locations":[{"start":{"line":35,"column":16},"end":{"line":35,"column":97}},{"start":{"line":35,"column":101},"end":{"line":35,"column":122}}],"line":35},"2":{"loc":{"start":{"line":44,"column":12},"end":{"line":51,"column":13}},"type":"if","locations":[{"start":{"line":44,"column":12},"end":{"line":51,"column":13}},{"start":{"line":44,"column":12},"end":{"line":51,"column":13}}],"line":44},"3":{"loc":{"start":{"line":44,"column":16},"end":{"line":44,"column":122}},"type":"binary-expr","locations":[{"start":{"line":44,"column":16},"end":{"line":44,"column":97}},{"start":{"line":44,"column":101},"end":{"line":44,"column":122}}],"line":44},"4":{"loc":{"start":{"line":62,"column":37},"end":{"line":62,"column":96}},"type":"cond-expr","locations":[{"start":{"line":62,"column":70},"end":{"line":62,"column":91}},{"start":{"line":62,"column":94},"end":{"line":62,"column":96}}],"line":62},"5":{"loc":{"start":{"line":69,"column":16},"end":{"line":81,"column":17}},"type":"if","locations":[{"start":{"line":69,"column":16},"end":{"line":81,"column":17}},{"start":{"line":69,"column":16},"end":{"line":81,"column":17}}],"line":69},"6":{"loc":{"start":{"line":71,"column":23},"end":{"line":81,"column":17}},"type":"if","locations":[{"start":{"line":71,"column":23},"end":{"line":81,"column":17}},{"start":{"line":71,"column":23},"end":{"line":81,"column":17}}],"line":71},"7":{"loc":{"start":{"line":74,"column":20},"end":{"line":78,"column":21}},"type":"if","locations":[{"start":{"line":74,"column":20},"end":{"line":78,"column":21}},{"start":{"line":74,"column":20},"end":{"line":78,"column":21}}],"line":74},"8":{"loc":{"start":{"line":92,"column":8},"end":{"line":114,"column":9}},"type":"switch","locations":[{"start":{"line":93,"column":12},"end":{"line":97,"column":22}},{"start":{"line":99,"column":12},"end":{"line":106,"column":22}},{"start":{"line":107,"column":12},"end":{"line":107,"column":30}},{"start":{"line":108,"column":12},"end":{"line":113,"column":31}}],"line":92},"9":{"loc":{"start":{"line":118,"column":8},"end":{"line":121,"column":9}},"type":"if","locations":[{"start":{"line":118,"column":8},"end":{"line":121,"column":9}},{"start":{"line":118,"column":8},"end":{"line":121,"column":9}}],"line":118},"10":{"loc":{"start":{"line":123,"column":8},"end":{"line":125,"column":9}},"type":"if","locations":[{"start":{"line":123,"column":8},"end":{"line":125,"column":9}},{"start":{"line":123,"column":8},"end":{"line":125,"column":9}}],"line":123}},"s":{"0":26,"1":26,"2":26,"3":26,"4":26,"5":26,"6":26,"7":26,"8":21,"9":9,"10":9,"11":5,"12":26,"13":7,"14":5,"15":5,"16":4,"17":5,"18":29,"19":29,"20":29,"21":21,"22":1,"23":20,"24":1,"25":19,"26":1,"27":18,"28":19,"29":19,"30":21,"31":21,"32":7,"33":7,"34":24,"35":15,"36":15,"37":15,"38":15,"39":8,"40":8,"41":8,"42":8,"43":1,"44":1,"45":1,"46":16,"47":1,"48":1,"49":15,"50":15,"51":15},"f":{"0":26,"1":21,"2":5,"3":7,"4":4,"5":5,"6":29,"7":21,"8":7,"9":24,"10":16},"b":{"0":[9,12],"1":[21,9],"2":[5,2],"3":[7,5],"4":[8,21],"5":[1,20],"6":[1,19],"7":[1,18],"8":[15,8,1,1],"9":[1,15],"10":[15,0]},"_coverageSchema":"43e27e138ebf9cfc5966b082cf9a028302ed4184","hash":"5ad2ea64d665c4840b34cfe547c09a665954c2c7"}
,"/home/emilien/Documents/dev/fsSDK/jsSdk/src/class/bucketingVisitor/bucketingVisitor.ts": {"path":"/home/emilien/Documents/dev/fsSDK/jsSdk/src/class/bucketingVisitor/bucketingVisitor.ts","statementMap":{"0":{"start":{"line":41,"column":8},"end":{"line":41,"column":29}},"1":{"start":{"line":42,"column":8},"end":{"line":42,"column":35}},"2":{"start":{"line":43,"column":8},"end":{"line":43,"column":45}},"3":{"start":{"line":44,"column":8},"end":{"line":44,"column":113}},"4":{"start":{"line":45,"column":8},"end":{"line":45,"column":27}},"5":{"start":{"line":46,"column":8},"end":{"line":46,"column":42}},"6":{"start":{"line":47,"column":8},"end":{"line":47,"column":121}},"7":{"start":{"line":48,"column":8},"end":{"line":48,"column":42}},"8":{"start":{"line":56,"column":8},"end":{"line":66,"column":10}},"9":{"start":{"line":70,"column":8},"end":{"line":70,"column":42}},"10":{"start":{"line":71,"column":8},"end":{"line":71,"column":25}},"11":{"start":{"line":72,"column":8},"end":{"line":72,"column":98}},"12":{"start":{"line":76,"column":8},"end":{"line":76,"column":138}},"13":{"start":{"line":77,"column":8},"end":{"line":77,"column":90}},"14":{"start":{"line":81,"column":59},"end":{"line":81,"column":63}},"15":{"start":{"line":83,"column":33},"end":{"line":83,"column":72}},"16":{"start":{"line":84,"column":8},"end":{"line":84,"column":95}},"17":{"start":{"line":86,"column":38},"end":{"line":93,"column":13}},"18":{"start":{"line":87,"column":40},"end":{"line":87,"column":57}},"19":{"start":{"line":88,"column":28},"end":{"line":88,"column":53}},"20":{"start":{"line":89,"column":12},"end":{"line":91,"column":13}},"21":{"start":{"line":90,"column":16},"end":{"line":90,"column":38}},"22":{"start":{"line":92,"column":12},"end":{"line":92,"column":27}},"23":{"start":{"line":95,"column":8},"end":{"line":102,"column":9}},"24":{"start":{"line":96,"column":12},"end":{"line":96,"column":133}},"25":{"start":{"line":97,"column":12},"end":{"line":101,"column":13}},"26":{"start":{"line":98,"column":16},"end":{"line":100,"column":18}},"27":{"start":{"line":103,"column":8},"end":{"line":108,"column":9}},"28":{"start":{"line":104,"column":12},"end":{"line":106,"column":14}},"29":{"start":{"line":107,"column":12},"end":{"line":107,"column":24}},"30":{"start":{"line":110,"column":8},"end":{"line":110,"column":33}},"31":{"start":{"line":114,"column":8},"end":{"line":131,"column":11}},"32":{"start":{"line":115,"column":12},"end":{"line":130,"column":19}},"33":{"start":{"line":124,"column":20},"end":{"line":124,"column":92}},"34":{"start":{"line":125,"column":20},"end":{"line":125,"column":45}},"35":{"start":{"line":128,"column":20},"end":{"line":128,"column":87}},"36":{"start":{"line":129,"column":20},"end":{"line":129,"column":34}},"37":{"start":{"line":135,"column":46},"end":{"line":135,"column":48}},"38":{"start":{"line":136,"column":72},"end":{"line":136,"column":76}},"39":{"start":{"line":137,"column":55},"end":{"line":139,"column":9}},"40":{"start":{"line":138,"column":12},"end":{"line":138,"column":126}},"41":{"start":{"line":140,"column":31},"end":{"line":141,"column":128}},"42":{"start":{"line":141,"column":12},"end":{"line":141,"column":128}},"43":{"start":{"line":141,"column":44},"end":{"line":141,"column":80}},"44":{"start":{"line":141,"column":101},"end":{"line":141,"column":116}},"45":{"start":{"line":142,"column":33},"end":{"line":387,"column":9}},"46":{"start":{"line":143,"column":24},"end":{"line":143,"column":78}},"47":{"start":{"line":144,"column":12},"end":{"line":147,"column":13}},"48":{"start":{"line":145,"column":16},"end":{"line":145,"column":125}},"49":{"start":{"line":146,"column":16},"end":{"line":146,"column":29}},"50":{"start":{"line":148,"column":35},"end":{"line":168,"column":13}},"51":{"start":{"line":149,"column":16},"end":{"line":154,"column":17}},"52":{"start":{"line":150,"column":20},"end":{"line":152,"column":22}},"53":{"start":{"line":153,"column":20},"end":{"line":153,"column":33}},"54":{"start":{"line":155,"column":16},"end":{"line":158,"column":17}},"55":{"start":{"line":156,"column":20},"end":{"line":156,"column":132}},"56":{"start":{"line":157,"column":20},"end":{"line":157,"column":33}},"57":{"start":{"line":159,"column":16},"end":{"line":166,"column":17}},"58":{"start":{"line":160,"column":20},"end":{"line":165,"column":21}},"59":{"start":{"line":160,"column":55},"end":{"line":160,"column":82}},"60":{"start":{"line":161,"column":24},"end":{"line":163,"column":26}},"61":{"start":{"line":164,"column":24},"end":{"line":164,"column":37}},"62":{"start":{"line":167,"column":16},"end":{"line":167,"column":28}},"63":{"start":{"line":169,"column":12},"end":{"line":386,"column":13}},"64":{"start":{"line":171,"column":20},"end":{"line":173,"column":21}},"65":{"start":{"line":172,"column":24},"end":{"line":172,"column":104}},"66":{"start":{"line":172,"column":95},"end":{"line":172,"column":102}},"67":{"start":{"line":174,"column":20},"end":{"line":174,"column":41}},"68":{"start":{"line":176,"column":20},"end":{"line":178,"column":21}},"69":{"start":{"line":177,"column":24},"end":{"line":177,"column":104}},"70":{"start":{"line":177,"column":95},"end":{"line":177,"column":102}},"71":{"start":{"line":179,"column":20},"end":{"line":179,"column":41}},"72":{"start":{"line":181,"column":20},"end":{"line":208,"column":21}},"73":{"start":{"line":182,"column":24},"end":{"line":205,"column":25}},"74":{"start":{"line":184,"column":32},"end":{"line":190,"column":33}},"75":{"start":{"line":185,"column":36},"end":{"line":189,"column":38}},"76":{"start":{"line":188,"column":50},"end":{"line":188,"column":83}},"77":{"start":{"line":191,"column":32},"end":{"line":191,"column":103}},"78":{"start":{"line":193,"column":32},"end":{"line":199,"column":33}},"79":{"start":{"line":194,"column":36},"end":{"line":198,"column":38}},"80":{"start":{"line":197,"column":50},"end":{"line":197,"column":55}},"81":{"start":{"line":200,"column":32},"end":{"line":200,"column":51}},"82":{"start":{"line":203,"column":32},"end":{"line":203,"column":96}},"83":{"start":{"line":204,"column":32},"end":{"line":204,"column":45}},"84":{"start":{"line":207,"column":24},"end":{"line":207,"column":37}},"85":{"start":{"line":210,"column":20},"end":{"line":237,"column":21}},"86":{"start":{"line":211,"column":24},"end":{"line":234,"column":25}},"87":{"start":{"line":213,"column":32},"end":{"line":219,"column":33}},"88":{"start":{"line":214,"column":36},"end":{"line":218,"column":38}},"89":{"start":{"line":217,"column":50},"end":{"line":217,"column":84}},"90":{"start":{"line":220,"column":32},"end":{"line":220,"column":104}},"91":{"start":{"line":222,"column":32},"end":{"line":228,"column":33}},"92":{"start":{"line":223,"column":36},"end":{"line":227,"column":38}},"93":{"start":{"line":226,"column":50},"end":{"line":226,"column":56}},"94":{"start":{"line":229,"column":32},"end":{"line":229,"column":52}},"95":{"start":{"line":232,"column":32},"end":{"line":232,"column":106}},"96":{"start":{"line":233,"column":32},"end":{"line":233,"column":45}},"97":{"start":{"line":236,"column":24},"end":{"line":236,"column":37}},"98":{"start":{"line":239,"column":20},"end":{"line":266,"column":21}},"99":{"start":{"line":240,"column":24},"end":{"line":263,"column":25}},"100":{"start":{"line":242,"column":32},"end":{"line":248,"column":33}},"101":{"start":{"line":243,"column":36},"end":{"line":247,"column":38}},"102":{"start":{"line":246,"column":50},"end":{"line":246,"column":83}},"103":{"start":{"line":249,"column":32},"end":{"line":249,"column":103}},"104":{"start":{"line":251,"column":32},"end":{"line":257,"column":33}},"105":{"start":{"line":252,"column":36},"end":{"line":256,"column":38}},"106":{"start":{"line":255,"column":50},"end":{"line":255,"column":55}},"107":{"start":{"line":258,"column":32},"end":{"line":258,"column":51}},"108":{"start":{"line":261,"column":32},"end":{"line":261,"column":98}},"109":{"start":{"line":262,"column":32},"end":{"line":262,"column":45}},"110":{"start":{"line":265,"column":24},"end":{"line":265,"column":37}},"111":{"start":{"line":268,"column":20},"end":{"line":295,"column":21}},"112":{"start":{"line":269,"column":24},"end":{"line":292,"column":25}},"113":{"start":{"line":271,"column":32},"end":{"line":277,"column":33}},"114":{"start":{"line":272,"column":36},"end":{"line":276,"column":38}},"115":{"start":{"line":275,"column":50},"end":{"line":275,"column":84}},"116":{"start":{"line":278,"column":32},"end":{"line":278,"column":104}},"117":{"start":{"line":280,"column":32},"end":{"line":286,"column":33}},"118":{"start":{"line":281,"column":36},"end":{"line":285,"column":38}},"119":{"start":{"line":284,"column":50},"end":{"line":284,"column":56}},"120":{"start":{"line":287,"column":32},"end":{"line":287,"column":52}},"121":{"start":{"line":290,"column":32},"end":{"line":290,"column":108}},"122":{"start":{"line":291,"column":32},"end":{"line":291,"column":45}},"123":{"start":{"line":294,"column":24},"end":{"line":294,"column":37}},"124":{"start":{"line":298,"column":20},"end":{"line":317,"column":21}},"125":{"start":{"line":299,"column":24},"end":{"line":314,"column":25}},"126":{"start":{"line":301,"column":32},"end":{"line":305,"column":33}},"127":{"start":{"line":302,"column":36},"end":{"line":304,"column":38}},"128":{"start":{"line":303,"column":40},"end":{"line":303,"column":107}},"129":{"start":{"line":306,"column":32},"end":{"line":306,"column":113}},"130":{"start":{"line":308,"column":32},"end":{"line":308,"column":96}},"131":{"start":{"line":309,"column":32},"end":{"line":309,"column":45}},"132":{"start":{"line":312,"column":32},"end":{"line":312,"column":97}},"133":{"start":{"line":313,"column":32},"end":{"line":313,"column":45}},"134":{"start":{"line":316,"column":24},"end":{"line":316,"column":37}},"135":{"start":{"line":319,"column":20},"end":{"line":338,"column":21}},"136":{"start":{"line":320,"column":24},"end":{"line":335,"column":25}},"137":{"start":{"line":322,"column":32},"end":{"line":326,"column":33}},"138":{"start":{"line":323,"column":36},"end":{"line":325,"column":38}},"139":{"start":{"line":324,"column":40},"end":{"line":324,"column":105}},"140":{"start":{"line":327,"column":32},"end":{"line":327,"column":111}},"141":{"start":{"line":329,"column":32},"end":{"line":329,"column":94}},"142":{"start":{"line":330,"column":32},"end":{"line":330,"column":45}},"143":{"start":{"line":333,"column":32},"end":{"line":333,"column":95}},"144":{"start":{"line":334,"column":32},"end":{"line":334,"column":45}},"145":{"start":{"line":337,"column":24},"end":{"line":337,"column":37}},"146":{"start":{"line":340,"column":20},"end":{"line":359,"column":21}},"147":{"start":{"line":341,"column":24},"end":{"line":356,"column":25}},"148":{"start":{"line":343,"column":32},"end":{"line":347,"column":33}},"149":{"start":{"line":344,"column":36},"end":{"line":346,"column":38}},"150":{"start":{"line":345,"column":40},"end":{"line":345,"column":105}},"151":{"start":{"line":348,"column":32},"end":{"line":348,"column":111}},"152":{"start":{"line":350,"column":32},"end":{"line":350,"column":93}},"153":{"start":{"line":351,"column":32},"end":{"line":351,"column":45}},"154":{"start":{"line":354,"column":32},"end":{"line":354,"column":94}},"155":{"start":{"line":355,"column":32},"end":{"line":355,"column":45}},"156":{"start":{"line":358,"column":24},"end":{"line":358,"column":37}},"157":{"start":{"line":361,"column":20},"end":{"line":382,"column":21}},"158":{"start":{"line":362,"column":24},"end":{"line":379,"column":25}},"159":{"start":{"line":364,"column":32},"end":{"line":370,"column":33}},"160":{"start":{"line":365,"column":36},"end":{"line":369,"column":38}},"161":{"start":{"line":368,"column":50},"end":{"line":368,"column":116}},"162":{"start":{"line":371,"column":32},"end":{"line":371,"column":112}},"163":{"start":{"line":373,"column":32},"end":{"line":373,"column":97}},"164":{"start":{"line":374,"column":32},"end":{"line":374,"column":45}},"165":{"start":{"line":377,"column":32},"end":{"line":377,"column":98}},"166":{"start":{"line":378,"column":32},"end":{"line":378,"column":45}},"167":{"start":{"line":381,"column":24},"end":{"line":381,"column":37}},"168":{"start":{"line":384,"column":20},"end":{"line":384,"column":137}},"169":{"start":{"line":385,"column":20},"end":{"line":385,"column":33}},"170":{"start":{"line":388,"column":8},"end":{"line":391,"column":9}},"171":{"start":{"line":389,"column":12},"end":{"line":389,"column":71}},"172":{"start":{"line":390,"column":12},"end":{"line":390,"column":26}},"173":{"start":{"line":392,"column":8},"end":{"line":438,"column":11}},"174":{"start":{"line":393,"column":46},"end":{"line":393,"column":50}},"175":{"start":{"line":396,"column":12},"end":{"line":420,"column":15}},"176":{"start":{"line":397,"column":16},"end":{"line":419,"column":17}},"177":{"start":{"line":398,"column":53},"end":{"line":398,"column":55}},"178":{"start":{"line":400,"column":20},"end":{"line":417,"column":23}},"179":{"start":{"line":401,"column":58},"end":{"line":401,"column":60}},"180":{"start":{"line":403,"column":24},"end":{"line":415,"column":27}},"181":{"start":{"line":404,"column":28},"end":{"line":414,"column":29}},"182":{"start":{"line":406,"column":36},"end":{"line":406,"column":62}},"183":{"start":{"line":407,"column":36},"end":{"line":407,"column":42}},"184":{"start":{"line":409,"column":36},"end":{"line":409,"column":91}},"185":{"start":{"line":410,"column":36},"end":{"line":410,"column":42}},"186":{"start":{"line":412,"column":36},"end":{"line":412,"column":92}},"187":{"start":{"line":413,"column":36},"end":{"line":413,"column":42}},"188":{"start":{"line":416,"column":24},"end":{"line":416,"column":108}},"189":{"start":{"line":416,"column":77},"end":{"line":416,"column":92}},"190":{"start":{"line":418,"column":20},"end":{"line":418,"column":111}},"191":{"start":{"line":418,"column":68},"end":{"line":418,"column":83}},"192":{"start":{"line":421,"column":12},"end":{"line":437,"column":13}},"193":{"start":{"line":422,"column":16},"end":{"line":422,"column":100}},"194":{"start":{"line":423,"column":38},"end":{"line":426,"column":17}},"195":{"start":{"line":425,"column":83},"end":{"line":425,"column":111}},"196":{"start":{"line":427,"column":51},"end":{"line":427,"column":123}},"197":{"start":{"line":428,"column":16},"end":{"line":434,"column":17}},"198":{"start":{"line":429,"column":20},"end":{"line":429,"column":134}},"199":{"start":{"line":431,"column":20},"end":{"line":433,"column":22}},"200":{"start":{"line":436,"column":16},"end":{"line":436,"column":93}},"201":{"start":{"line":439,"column":8},"end":{"line":441,"column":9}},"202":{"start":{"line":440,"column":12},"end":{"line":440,"column":37}},"203":{"start":{"line":442,"column":8},"end":{"line":442,"column":22}}},"fnMap":{"0":{"name":"(anonymous_0)","decl":{"start":{"line":34,"column":4},"end":{"line":34,"column":5}},"loc":{"start":{"line":40,"column":6},"end":{"line":49,"column":5}},"line":40},"1":{"name":"(anonymous_1)","decl":{"start":{"line":51,"column":4},"end":{"line":51,"column":5}},"loc":{"start":{"line":55,"column":27},"end":{"line":67,"column":5}},"line":55},"2":{"name":"(anonymous_2)","decl":{"start":{"line":69,"column":4},"end":{"line":69,"column":5}},"loc":{"start":{"line":69,"column":57},"end":{"line":73,"column":5}},"line":69},"3":{"name":"(anonymous_3)","decl":{"start":{"line":75,"column":4},"end":{"line":75,"column":5}},"loc":{"start":{"line":75,"column":74},"end":{"line":78,"column":5}},"line":75},"4":{"name":"(anonymous_4)","decl":{"start":{"line":80,"column":4},"end":{"line":80,"column":5}},"loc":{"start":{"line":80,"column":96},"end":{"line":111,"column":5}},"line":80},"5":{"name":"(anonymous_5)","decl":{"start":{"line":86,"column":56},"end":{"line":86,"column":57}},"loc":{"start":{"line":86,"column":68},"end":{"line":93,"column":9}},"line":86},"6":{"name":"(anonymous_6)","decl":{"start":{"line":113,"column":4},"end":{"line":113,"column":5}},"loc":{"start":{"line":113,"column":49},"end":{"line":132,"column":5}},"line":113},"7":{"name":"(anonymous_7)","decl":{"start":{"line":114,"column":27},"end":{"line":114,"column":28}},"loc":{"start":{"line":114,"column":48},"end":{"line":131,"column":9}},"line":114},"8":{"name":"(anonymous_8)","decl":{"start":{"line":123,"column":22},"end":{"line":123,"column":23}},"loc":{"start":{"line":123,"column":36},"end":{"line":126,"column":17}},"line":123},"9":{"name":"(anonymous_9)","decl":{"start":{"line":127,"column":23},"end":{"line":127,"column":24}},"loc":{"start":{"line":127,"column":41},"end":{"line":130,"column":17}},"line":127},"10":{"name":"(anonymous_10)","decl":{"start":{"line":134,"column":4},"end":{"line":134,"column":5}},"loc":{"start":{"line":134,"column":57},"end":{"line":443,"column":5}},"line":134},"11":{"name":"(anonymous_11)","decl":{"start":{"line":137,"column":55},"end":{"line":137,"column":56}},"loc":{"start":{"line":137,"column":108},"end":{"line":139,"column":9}},"line":137},"12":{"name":"(anonymous_12)","decl":{"start":{"line":140,"column":31},"end":{"line":140,"column":32}},"loc":{"start":{"line":141,"column":12},"end":{"line":141,"column":128}},"line":141},"13":{"name":"(anonymous_13)","decl":{"start":{"line":141,"column":30},"end":{"line":141,"column":31}},"loc":{"start":{"line":141,"column":44},"end":{"line":141,"column":80}},"line":141},"14":{"name":"(anonymous_14)","decl":{"start":{"line":141,"column":89},"end":{"line":141,"column":90}},"loc":{"start":{"line":141,"column":101},"end":{"line":141,"column":116}},"line":141},"15":{"name":"(anonymous_15)","decl":{"start":{"line":142,"column":33},"end":{"line":142,"column":34}},"loc":{"start":{"line":142,"column":124},"end":{"line":387,"column":9}},"line":142},"16":{"name":"(anonymous_16)","decl":{"start":{"line":148,"column":35},"end":{"line":148,"column":36}},"loc":{"start":{"line":148,"column":125},"end":{"line":168,"column":13}},"line":148},"17":{"name":"(anonymous_17)","decl":{"start":{"line":160,"column":48},"end":{"line":160,"column":49}},"loc":{"start":{"line":160,"column":55},"end":{"line":160,"column":82}},"line":160},"18":{"name":"(anonymous_18)","decl":{"start":{"line":172,"column":85},"end":{"line":172,"column":86}},"loc":{"start":{"line":172,"column":95},"end":{"line":172,"column":102}},"line":172},"19":{"name":"(anonymous_19)","decl":{"start":{"line":177,"column":85},"end":{"line":177,"column":86}},"loc":{"start":{"line":177,"column":95},"end":{"line":177,"column":102}},"line":177},"20":{"name":"(anonymous_20)","decl":{"start":{"line":188,"column":40},"end":{"line":188,"column":41}},"loc":{"start":{"line":188,"column":50},"end":{"line":188,"column":83}},"line":188},"21":{"name":"(anonymous_21)","decl":{"start":{"line":197,"column":40},"end":{"line":197,"column":41}},"loc":{"start":{"line":197,"column":50},"end":{"line":197,"column":55}},"line":197},"22":{"name":"(anonymous_22)","decl":{"start":{"line":217,"column":40},"end":{"line":217,"column":41}},"loc":{"start":{"line":217,"column":50},"end":{"line":217,"column":84}},"line":217},"23":{"name":"(anonymous_23)","decl":{"start":{"line":226,"column":40},"end":{"line":226,"column":41}},"loc":{"start":{"line":226,"column":50},"end":{"line":226,"column":56}},"line":226},"24":{"name":"(anonymous_24)","decl":{"start":{"line":246,"column":40},"end":{"line":246,"column":41}},"loc":{"start":{"line":246,"column":50},"end":{"line":246,"column":83}},"line":246},"25":{"name":"(anonymous_25)","decl":{"start":{"line":255,"column":40},"end":{"line":255,"column":41}},"loc":{"start":{"line":255,"column":50},"end":{"line":255,"column":55}},"line":255},"26":{"name":"(anonymous_26)","decl":{"start":{"line":275,"column":40},"end":{"line":275,"column":41}},"loc":{"start":{"line":275,"column":50},"end":{"line":275,"column":84}},"line":275},"27":{"name":"(anonymous_27)","decl":{"start":{"line":284,"column":40},"end":{"line":284,"column":41}},"loc":{"start":{"line":284,"column":50},"end":{"line":284,"column":56}},"line":284},"28":{"name":"(anonymous_28)","decl":{"start":{"line":302,"column":100},"end":{"line":302,"column":101}},"loc":{"start":{"line":303,"column":40},"end":{"line":303,"column":107}},"line":303},"29":{"name":"(anonymous_29)","decl":{"start":{"line":323,"column":100},"end":{"line":323,"column":101}},"loc":{"start":{"line":324,"column":40},"end":{"line":324,"column":105}},"line":324},"30":{"name":"(anonymous_30)","decl":{"start":{"line":344,"column":100},"end":{"line":344,"column":101}},"loc":{"start":{"line":345,"column":40},"end":{"line":345,"column":105}},"line":345},"31":{"name":"(anonymous_31)","decl":{"start":{"line":368,"column":40},"end":{"line":368,"column":41}},"loc":{"start":{"line":368,"column":50},"end":{"line":368,"column":116}},"line":368},"32":{"name":"(anonymous_32)","decl":{"start":{"line":392,"column":40},"end":{"line":392,"column":41}},"loc":{"start":{"line":392,"column":54},"end":{"line":438,"column":9}},"line":392},"33":{"name":"(anonymous_33)","decl":{"start":{"line":396,"column":45},"end":{"line":396,"column":46}},"loc":{"start":{"line":396,"column":53},"end":{"line":420,"column":13}},"line":396},"34":{"name":"(anonymous_34)","decl":{"start":{"line":400,"column":57},"end":{"line":400,"column":58}},"loc":{"start":{"line":400,"column":65},"end":{"line":417,"column":21}},"line":400},"35":{"name":"(anonymous_35)","decl":{"start":{"line":403,"column":46},"end":{"line":403,"column":47}},"loc":{"start":{"line":403,"column":61},"end":{"line":415,"column":25}},"line":403},"36":{"name":"(anonymous_36)","decl":{"start":{"line":416,"column":65},"end":{"line":416,"column":66}},"loc":{"start":{"line":416,"column":77},"end":{"line":416,"column":92}},"line":416},"37":{"name":"(anonymous_37)","decl":{"start":{"line":418,"column":56},"end":{"line":418,"column":57}},"loc":{"start":{"line":418,"column":68},"end":{"line":418,"column":83}},"line":418},"38":{"name":"(anonymous_38)","decl":{"start":{"line":425,"column":69},"end":{"line":425,"column":70}},"loc":{"start":{"line":425,"column":83},"end":{"line":425,"column":111}},"line":425}},"branchMap":{"0":{"loc":{"start":{"line":46,"column":20},"end":{"line":46,"column":41}},"type":"binary-expr","locations":[{"start":{"line":46,"column":20},"end":{"line":46,"column":33}},{"start":{"line":46,"column":37},"end":{"line":46,"column":41}}],"line":46},"1":{"loc":{"start":{"line":47,"column":28},"end":{"line":47,"column":120}},"type":"cond-expr","locations":[{"start":{"line":47,"column":44},"end":{"line":47,"column":113}},{"start":{"line":47,"column":116},"end":{"line":47,"column":120}}],"line":47},"2":{"loc":{"start":{"line":87,"column":40},"end":{"line":87,"column":57}},"type":"binary-expr","locations":[{"start":{"line":87,"column":40},"end":{"line":87,"column":52}},{"start":{"line":87,"column":56},"end":{"line":87,"column":57}}],"line":87},"3":{"loc":{"start":{"line":89,"column":12},"end":{"line":91,"column":13}},"type":"if","locations":[{"start":{"line":89,"column":12},"end":{"line":91,"column":13}},{"start":{"line":89,"column":12},"end":{"line":91,"column":13}}],"line":89},"4":{"loc":{"start":{"line":89,"column":16},"end":{"line":89,"column":72}},"type":"binary-expr","locations":[{"start":{"line":89,"column":16},"end":{"line":89,"column":42}},{"start":{"line":89,"column":46},"end":{"line":89,"column":72}}],"line":89},"5":{"loc":{"start":{"line":95,"column":8},"end":{"line":102,"column":9}},"type":"if","locations":[{"start":{"line":95,"column":8},"end":{"line":102,"column":9}},{"start":{"line":95,"column":8},"end":{"line":102,"column":9}}],"line":95},"6":{"loc":{"start":{"line":97,"column":12},"end":{"line":101,"column":13}},"type":"if","locations":[{"start":{"line":97,"column":12},"end":{"line":101,"column":13}},{"start":{"line":97,"column":12},"end":{"line":101,"column":13}}],"line":97},"7":{"loc":{"start":{"line":103,"column":8},"end":{"line":108,"column":9}},"type":"if","locations":[{"start":{"line":103,"column":8},"end":{"line":108,"column":9}},{"start":{"line":103,"column":8},"end":{"line":108,"column":9}}],"line":103},"8":{"loc":{"start":{"line":143,"column":24},"end":{"line":143,"column":78}},"type":"cond-expr","locations":[{"start":{"line":143,"column":47},"end":{"line":143,"column":56}},{"start":{"line":143,"column":59},"end":{"line":143,"column":78}}],"line":143},"9":{"loc":{"start":{"line":144,"column":12},"end":{"line":147,"column":13}},"type":"if","locations":[{"start":{"line":144,"column":12},"end":{"line":147,"column":13}},{"start":{"line":144,"column":12},"end":{"line":147,"column":13}}],"line":144},"10":{"loc":{"start":{"line":144,"column":16},"end":{"line":144,"column":58}},"type":"binary-expr","locations":[{"start":{"line":144,"column":16},"end":{"line":144,"column":42}},{"start":{"line":144,"column":46},"end":{"line":144,"column":58}}],"line":144},"11":{"loc":{"start":{"line":149,"column":16},"end":{"line":154,"column":17}},"type":"if","locations":[{"start":{"line":149,"column":16},"end":{"line":154,"column":17}},{"start":{"line":149,"column":16},"end":{"line":154,"column":17}}],"line":149},"12":{"loc":{"start":{"line":149,"column":20},"end":{"line":149,"column":86}},"type":"binary-expr","locations":[{"start":{"line":149,"column":20},"end":{"line":149,"column":48}},{"start":{"line":149,"column":52},"end":{"line":149,"column":86}}],"line":149},"13":{"loc":{"start":{"line":155,"column":16},"end":{"line":158,"column":17}},"type":"if","locations":[{"start":{"line":155,"column":16},"end":{"line":158,"column":17}},{"start":{"line":155,"column":16},"end":{"line":158,"column":17}}],"line":155},"14":{"loc":{"start":{"line":155,"column":20},"end":{"line":155,"column":76}},"type":"binary-expr","locations":[{"start":{"line":155,"column":20},"end":{"line":155,"column":48}},{"start":{"line":155,"column":52},"end":{"line":155,"column":76}}],"line":155},"15":{"loc":{"start":{"line":159,"column":16},"end":{"line":166,"column":17}},"type":"if","locations":[{"start":{"line":159,"column":16},"end":{"line":166,"column":17}},{"start":{"line":159,"column":16},"end":{"line":166,"column":17}}],"line":159},"16":{"loc":{"start":{"line":160,"column":20},"end":{"line":165,"column":21}},"type":"if","locations":[{"start":{"line":160,"column":20},"end":{"line":165,"column":21}},{"start":{"line":160,"column":20},"end":{"line":165,"column":21}}],"line":160},"17":{"loc":{"start":{"line":169,"column":12},"end":{"line":386,"column":13}},"type":"switch","locations":[{"start":{"line":170,"column":16},"end":{"line":174,"column":41}},{"start":{"line":175,"column":16},"end":{"line":179,"column":41}},{"start":{"line":180,"column":16},"end":{"line":208,"column":21}},{"start":{"line":209,"column":16},"end":{"line":237,"column":21}},{"start":{"line":238,"column":16},"end":{"line":266,"column":21}},{"start":{"line":267,"column":16},"end":{"line":295,"column":21}},{"start":{"line":297,"column":16},"end":{"line":317,"column":21}},{"start":{"line":318,"column":16},"end":{"line":338,"column":21}},{"start":{"line":339,"column":16},"end":{"line":359,"column":21}},{"start":{"line":360,"column":16},"end":{"line":382,"column":21}},{"start":{"line":383,"column":16},"end":{"line":385,"column":33}}],"line":169},"18":{"loc":{"start":{"line":171,"column":20},"end":{"line":173,"column":21}},"type":"if","locations":[{"start":{"line":171,"column":20},"end":{"line":173,"column":21}},{"start":{"line":171,"column":20},"end":{"line":173,"column":21}}],"line":171},"19":{"loc":{"start":{"line":176,"column":20},"end":{"line":178,"column":21}},"type":"if","locations":[{"start":{"line":176,"column":20},"end":{"line":178,"column":21}},{"start":{"line":176,"column":20},"end":{"line":178,"column":21}}],"line":176},"20":{"loc":{"start":{"line":181,"column":20},"end":{"line":208,"column":21}},"type":"if","locations":[{"start":{"line":181,"column":20},"end":{"line":208,"column":21}},{"start":{"line":181,"column":20},"end":{"line":208,"column":21}}],"line":181},"21":{"loc":{"start":{"line":182,"column":24},"end":{"line":205,"column":25}},"type":"switch","locations":[{"start":{"line":183,"column":28},"end":{"line":191,"column":103}},{"start":{"line":192,"column":28},"end":{"line":200,"column":51}},{"start":{"line":201,"column":28},"end":{"line":201,"column":43}},{"start":{"line":202,"column":28},"end":{"line":204,"column":45}}],"line":182},"22":{"loc":{"start":{"line":184,"column":32},"end":{"line":190,"column":33}},"type":"if","locations":[{"start":{"line":184,"column":32},"end":{"line":190,"column":33}},{"start":{"line":184,"column":32},"end":{"line":190,"column":33}}],"line":184},"23":{"loc":{"start":{"line":193,"column":32},"end":{"line":199,"column":33}},"type":"if","locations":[{"start":{"line":193,"column":32},"end":{"line":199,"column":33}},{"start":{"line":193,"column":32},"end":{"line":199,"column":33}}],"line":193},"24":{"loc":{"start":{"line":210,"column":20},"end":{"line":237,"column":21}},"type":"if","locations":[{"start":{"line":210,"column":20},"end":{"line":237,"column":21}},{"start":{"line":210,"column":20},"end":{"line":237,"column":21}}],"line":210},"25":{"loc":{"start":{"line":211,"column":24},"end":{"line":234,"column":25}},"type":"switch","locations":[{"start":{"line":212,"column":28},"end":{"line":220,"column":104}},{"start":{"line":221,"column":28},"end":{"line":229,"column":52}},{"start":{"line":230,"column":28},"end":{"line":230,"column":43}},{"start":{"line":231,"column":28},"end":{"line":233,"column":45}}],"line":211},"26":{"loc":{"start":{"line":213,"column":32},"end":{"line":219,"column":33}},"type":"if","locations":[{"start":{"line":213,"column":32},"end":{"line":219,"column":33}},{"start":{"line":213,"column":32},"end":{"line":219,"column":33}}],"line":213},"27":{"loc":{"start":{"line":222,"column":32},"end":{"line":228,"column":33}},"type":"if","locations":[{"start":{"line":222,"column":32},"end":{"line":228,"column":33}},{"start":{"line":222,"column":32},"end":{"line":228,"column":33}}],"line":222},"28":{"loc":{"start":{"line":239,"column":20},"end":{"line":266,"column":21}},"type":"if","locations":[{"start":{"line":239,"column":20},"end":{"line":266,"column":21}},{"start":{"line":239,"column":20},"end":{"line":266,"column":21}}],"line":239},"29":{"loc":{"start":{"line":240,"column":24},"end":{"line":263,"column":25}},"type":"switch","locations":[{"start":{"line":241,"column":28},"end":{"line":249,"column":103}},{"start":{"line":250,"column":28},"end":{"line":258,"column":51}},{"start":{"line":259,"column":28},"end":{"line":259,"column":43}},{"start":{"line":260,"column":28},"end":{"line":262,"column":45}}],"line":240},"30":{"loc":{"start":{"line":242,"column":32},"end":{"line":248,"column":33}},"type":"if","locations":[{"start":{"line":242,"column":32},"end":{"line":248,"column":33}},{"start":{"line":242,"column":32},"end":{"line":248,"column":33}}],"line":242},"31":{"loc":{"start":{"line":251,"column":32},"end":{"line":257,"column":33}},"type":"if","locations":[{"start":{"line":251,"column":32},"end":{"line":257,"column":33}},{"start":{"line":251,"column":32},"end":{"line":257,"column":33}}],"line":251},"32":{"loc":{"start":{"line":268,"column":20},"end":{"line":295,"column":21}},"type":"if","locations":[{"start":{"line":268,"column":20},"end":{"line":295,"column":21}},{"start":{"line":268,"column":20},"end":{"line":295,"column":21}}],"line":268},"33":{"loc":{"start":{"line":269,"column":24},"end":{"line":292,"column":25}},"type":"switch","locations":[{"start":{"line":270,"column":28},"end":{"line":278,"column":104}},{"start":{"line":279,"column":28},"end":{"line":287,"column":52}},{"start":{"line":288,"column":28},"end":{"line":288,"column":43}},{"start":{"line":289,"column":28},"end":{"line":291,"column":45}}],"line":269},"34":{"loc":{"start":{"line":271,"column":32},"end":{"line":277,"column":33}},"type":"if","locations":[{"start":{"line":271,"column":32},"end":{"line":277,"column":33}},{"start":{"line":271,"column":32},"end":{"line":277,"column":33}}],"line":271},"35":{"loc":{"start":{"line":280,"column":32},"end":{"line":286,"column":33}},"type":"if","locations":[{"start":{"line":280,"column":32},"end":{"line":286,"column":33}},{"start":{"line":280,"column":32},"end":{"line":286,"column":33}}],"line":280},"36":{"loc":{"start":{"line":298,"column":20},"end":{"line":317,"column":21}},"type":"if","locations":[{"start":{"line":298,"column":20},"end":{"line":317,"column":21}},{"start":{"line":298,"column":20},"end":{"line":317,"column":21}}],"line":298},"37":{"loc":{"start":{"line":299,"column":24},"end":{"line":314,"column":25}},"type":"switch","locations":[{"start":{"line":300,"column":28},"end":{"line":306,"column":113}},{"start":{"line":307,"column":28},"end":{"line":309,"column":45}},{"start":{"line":310,"column":28},"end":{"line":310,"column":43}},{"start":{"line":311,"column":28},"end":{"line":313,"column":45}}],"line":299},"38":{"loc":{"start":{"line":301,"column":32},"end":{"line":305,"column":33}},"type":"if","locations":[{"start":{"line":301,"column":32},"end":{"line":305,"column":33}},{"start":{"line":301,"column":32},"end":{"line":305,"column":33}}],"line":301},"39":{"loc":{"start":{"line":319,"column":20},"end":{"line":338,"column":21}},"type":"if","locations":[{"start":{"line":319,"column":20},"end":{"line":338,"column":21}},{"start":{"line":319,"column":20},"end":{"line":338,"column":21}}],"line":319},"40":{"loc":{"start":{"line":320,"column":24},"end":{"line":335,"column":25}},"type":"switch","locations":[{"start":{"line":321,"column":28},"end":{"line":327,"column":111}},{"start":{"line":328,"column":28},"end":{"line":330,"column":45}},{"start":{"line":331,"column":28},"end":{"line":331,"column":43}},{"start":{"line":332,"column":28},"end":{"line":334,"column":45}}],"line":320},"41":{"loc":{"start":{"line":322,"column":32},"end":{"line":326,"column":33}},"type":"if","locations":[{"start":{"line":322,"column":32},"end":{"line":326,"column":33}},{"start":{"line":322,"column":32},"end":{"line":326,"column":33}}],"line":322},"42":{"loc":{"start":{"line":340,"column":20},"end":{"line":359,"column":21}},"type":"if","locations":[{"start":{"line":340,"column":20},"end":{"line":359,"column":21}},{"start":{"line":340,"column":20},"end":{"line":359,"column":21}}],"line":340},"43":{"loc":{"start":{"line":341,"column":24},"end":{"line":356,"column":25}},"type":"switch","locations":[{"start":{"line":342,"column":28},"end":{"line":348,"column":111}},{"start":{"line":349,"column":28},"end":{"line":351,"column":45}},{"start":{"line":352,"column":28},"end":{"line":352,"column":43}},{"start":{"line":353,"column":28},"end":{"line":355,"column":45}}],"line":341},"44":{"loc":{"start":{"line":343,"column":32},"end":{"line":347,"column":33}},"type":"if","locations":[{"start":{"line":343,"column":32},"end":{"line":347,"column":33}},{"start":{"line":343,"column":32},"end":{"line":347,"column":33}}],"line":343},"45":{"loc":{"start":{"line":361,"column":20},"end":{"line":382,"column":21}},"type":"if","locations":[{"start":{"line":361,"column":20},"end":{"line":382,"column":21}},{"start":{"line":361,"column":20},"end":{"line":382,"column":21}}],"line":361},"46":{"loc":{"start":{"line":362,"column":24},"end":{"line":379,"column":25}},"type":"switch","locations":[{"start":{"line":363,"column":28},"end":{"line":371,"column":112}},{"start":{"line":372,"column":28},"end":{"line":374,"column":45}},{"start":{"line":375,"column":28},"end":{"line":375,"column":43}},{"start":{"line":376,"column":28},"end":{"line":378,"column":45}}],"line":362},"47":{"loc":{"start":{"line":364,"column":32},"end":{"line":370,"column":33}},"type":"if","locations":[{"start":{"line":364,"column":32},"end":{"line":370,"column":33}},{"start":{"line":364,"column":32},"end":{"line":370,"column":33}}],"line":364},"48":{"loc":{"start":{"line":388,"column":8},"end":{"line":391,"column":9}},"type":"if","locations":[{"start":{"line":388,"column":8},"end":{"line":391,"column":9}},{"start":{"line":388,"column":8},"end":{"line":391,"column":9}}],"line":388},"49":{"loc":{"start":{"line":388,"column":12},"end":{"line":388,"column":54}},"type":"binary-expr","locations":[{"start":{"line":388,"column":12},"end":{"line":388,"column":26}},{"start":{"line":388,"column":30},"end":{"line":388,"column":54}}],"line":388},"50":{"loc":{"start":{"line":397,"column":16},"end":{"line":419,"column":17}},"type":"if","locations":[{"start":{"line":397,"column":16},"end":{"line":419,"column":17}},{"start":{"line":397,"column":16},"end":{"line":419,"column":17}}],"line":397},"51":{"loc":{"start":{"line":404,"column":28},"end":{"line":414,"column":29}},"type":"switch","locations":[{"start":{"line":405,"column":32},"end":{"line":407,"column":42}},{"start":{"line":408,"column":32},"end":{"line":410,"column":42}},{"start":{"line":411,"column":32},"end":{"line":413,"column":42}}],"line":404},"52":{"loc":{"start":{"line":418,"column":35},"end":{"line":418,"column":110}},"type":"cond-expr","locations":[{"start":{"line":418,"column":98},"end":{"line":418,"column":103}},{"start":{"line":418,"column":106},"end":{"line":418,"column":110}}],"line":418},"53":{"loc":{"start":{"line":421,"column":12},"end":{"line":437,"column":13}},"type":"if","locations":[{"start":{"line":421,"column":12},"end":{"line":437,"column":13}},{"start":{"line":421,"column":12},"end":{"line":437,"column":13}}],"line":421},"54":{"loc":{"start":{"line":428,"column":16},"end":{"line":434,"column":17}},"type":"if","locations":[{"start":{"line":428,"column":16},"end":{"line":434,"column":17}},{"start":{"line":428,"column":16},"end":{"line":434,"column":17}}],"line":428},"55":{"loc":{"start":{"line":439,"column":8},"end":{"line":441,"column":9}},"type":"if","locations":[{"start":{"line":439,"column":8},"end":{"line":441,"column":9}},{"start":{"line":439,"column":8},"end":{"line":441,"column":9}}],"line":439}},"s":{"0":70,"1":70,"2":70,"3":70,"4":70,"5":70,"6":70,"7":70,"8":64,"9":19,"10":19,"11":19,"12":7,"13":7,"14":71,"15":71,"16":71,"17":71,"18":142,"19":142,"20":142,"21":70,"22":142,"23":71,"24":2,"25":2,"26":1,"27":71,"28":2,"29":2,"30":69,"31":47,"32":47,"33":3,"34":3,"35":3,"36":3,"37":61,"38":61,"39":61,"40":24,"41":61,"42":18,"43":54,"44":54,"45":61,"46":93,"47":93,"48":13,"49":13,"50":80,"51":58,"52":8,"53":8,"54":50,"55":1,"56":1,"57":49,"58":25,"59":75,"60":1,"61":1,"62":48,"63":80,"64":15,"65":3,"66":9,"67":12,"68":6,"69":3,"70":9,"71":3,"72":9,"73":6,"74":2,"75":1,"76":3,"77":1,"78":2,"79":1,"80":3,"81":1,"82":2,"83":2,"84":3,"85":7,"86":6,"87":2,"88":1,"89":3,"90":1,"91":2,"92":1,"93":3,"94":1,"95":2,"96":2,"97":1,"98":7,"99":6,"100":2,"101":1,"102":3,"103":1,"104":2,"105":1,"106":3,"107":1,"108":2,"109":2,"110":1,"111":7,"112":6,"113":2,"114":1,"115":3,"116":1,"117":2,"118":1,"119":3,"120":1,"121":2,"122":2,"123":1,"124":7,"125":6,"126":2,"127":1,"128":3,"129":1,"130":2,"131":2,"132":2,"133":2,"134":1,"135":7,"136":6,"137":2,"138":1,"139":3,"140":1,"141":2,"142":2,"143":2,"144":2,"145":1,"146":7,"147":6,"148":2,"149":1,"150":3,"151":1,"152":2,"153":2,"154":2,"155":2,"156":1,"157":7,"158":6,"159":2,"160":1,"161":3,"162":1,"163":2,"164":2,"165":2,"166":2,"167":1,"168":1,"169":1,"170":61,"171":1,"172":1,"173":60,"174":81,"175":81,"176":81,"177":81,"178":81,"179":93,"180":93,"181":132,"182":39,"183":39,"184":2,"185":2,"186":91,"187":91,"188":93,"189":132,"190":81,"191":93,"192":81,"193":65,"194":65,"195":65,"196":65,"197":65,"198":64,"199":1,"200":16,"201":60,"202":44,"203":60},"f":{"0":70,"1":64,"2":19,"3":7,"4":71,"5":142,"6":47,"7":47,"8":3,"9":3,"10":61,"11":24,"12":18,"13":54,"14":54,"15":93,"16":58,"17":75,"18":9,"19":9,"20":3,"21":3,"22":3,"23":3,"24":3,"25":3,"26":3,"27":3,"28":3,"29":3,"30":3,"31":3,"32":81,"33":81,"34":93,"35":132,"36":132,"37":93,"38":65},"b":{"0":[70,70],"1":[0,70],"2":[142,2],"3":[70,72],"4":[142,141],"5":[2,69],"6":[1,1],"7":[2,69],"8":[2,91],"9":[13,80],"10":[93,80],"11":[8,50],"12":[58,32],"13":[1,49],"14":[50,26],"15":[25,24],"16":[1,24],"17":[15,6,9,7,7,7,7,7,7,7,1],"18":[3,12],"19":[3,3],"20":[6,3],"21":[2,2,2,2],"22":[1,1],"23":[1,1],"24":[6,1],"25":[2,2,2,2],"26":[1,1],"27":[1,1],"28":[6,1],"29":[2,2,2,2],"30":[1,1],"31":[1,1],"32":[6,1],"33":[2,2,2,2],"34":[1,1],"35":[1,1],"36":[6,1],"37":[2,2,2,2],"38":[1,1],"39":[6,1],"40":[2,2,2,2],"41":[1,1],"42":[6,1],"43":[2,2,2,2],"44":[1,1],"45":[6,1],"46":[2,2,2,2],"47":[1,1],"48":[1,60],"49":[61,61],"50":[81,0],"51":[39,2,91],"52":[65,16],"53":[65,16],"54":[64,1],"55":[44,16]},"_coverageSchema":"43e27e138ebf9cfc5966b082cf9a028302ed4184","hash":"1dc6fe2bc355c4e5dc588093c15934d5c6b3ca57"}
,"/home/emilien/Documents/dev/fsSDK/jsSdk/src/class/flagship/flagship.ts": {"path":"/home/emilien/Documents/dev/fsSDK/jsSdk/src/class/flagship/flagship.ts","statementMap":{"0":{"start":{"line":25,"column":66},"end":{"line":25,"column":103}},"1":{"start":{"line":26,"column":8},"end":{"line":26,"column":65}},"2":{"start":{"line":27,"column":8},"end":{"line":27,"column":55}},"3":{"start":{"line":28,"column":8},"end":{"line":28,"column":47}},"4":{"start":{"line":29,"column":8},"end":{"line":29,"column":27}},"5":{"start":{"line":30,"column":8},"end":{"line":30,"column":27}},"6":{"start":{"line":31,"column":8},"end":{"line":33,"column":9}},"7":{"start":{"line":32,"column":12},"end":{"line":32,"column":79}},"8":{"start":{"line":34,"column":8},"end":{"line":40,"column":9}},"9":{"start":{"line":35,"column":12},"end":{"line":35,"column":65}},"10":{"start":{"line":37,"column":12},"end":{"line":39,"column":13}},"11":{"start":{"line":38,"column":16},"end":{"line":38,"column":45}},"12":{"start":{"line":41,"column":8},"end":{"line":41,"column":112}},"13":{"start":{"line":45,"column":24},"end":{"line":58,"column":9}},"14":{"start":{"line":50,"column":20},"end":{"line":50,"column":110}},"15":{"start":{"line":56,"column":20},"end":{"line":56,"column":108}},"16":{"start":{"line":60,"column":8},"end":{"line":60,"column":59}},"17":{"start":{"line":61,"column":40},"end":{"line":61,"column":129}},"18":{"start":{"line":62,"column":8},"end":{"line":81,"column":9}},"19":{"start":{"line":63,"column":12},"end":{"line":63,"column":76}},"20":{"start":{"line":64,"column":12},"end":{"line":73,"column":19}},"21":{"start":{"line":67,"column":20},"end":{"line":67,"column":89}},"22":{"start":{"line":68,"column":20},"end":{"line":68,"column":58}},"23":{"start":{"line":71,"column":20},"end":{"line":71,"column":99}},"24":{"start":{"line":72,"column":20},"end":{"line":72,"column":58}},"25":{"start":{"line":76,"column":12},"end":{"line":80,"column":15}},"26":{"start":{"line":77,"column":16},"end":{"line":79,"column":17}},"27":{"start":{"line":78,"column":20},"end":{"line":78,"column":31}},"28":{"start":{"line":82,"column":8},"end":{"line":82,"column":39}},"29":{"start":{"line":86,"column":8},"end":{"line":103,"column":9}},"30":{"start":{"line":87,"column":12},"end":{"line":87,"column":39}},"31":{"start":{"line":88,"column":12},"end":{"line":93,"column":15}},"32":{"start":{"line":89,"column":16},"end":{"line":92,"column":19}},"33":{"start":{"line":94,"column":12},"end":{"line":96,"column":15}},"34":{"start":{"line":95,"column":16},"end":{"line":95,"column":69}},"35":{"start":{"line":97,"column":15},"end":{"line":103,"column":9}},"36":{"start":{"line":98,"column":12},"end":{"line":100,"column":14}},"37":{"start":{"line":102,"column":12},"end":{"line":102,"column":125}}},"fnMap":{"0":{"name":"(anonymous_0)","decl":{"start":{"line":24,"column":4},"end":{"line":24,"column":5}},"loc":{"start":{"line":24,"column":44},"end":{"line":42,"column":5}},"line":24},"1":{"name":"(anonymous_1)","decl":{"start":{"line":44,"column":4},"end":{"line":44,"column":5}},"loc":{"start":{"line":44,"column":85},"end":{"line":83,"column":5}},"line":44},"2":{"name":"(anonymous_2)","decl":{"start":{"line":49,"column":36},"end":{"line":49,"column":37}},"loc":{"start":{"line":50,"column":20},"end":{"line":50,"column":110}},"line":50},"3":{"name":"(anonymous_3)","decl":{"start":{"line":55,"column":36},"end":{"line":55,"column":37}},"loc":{"start":{"line":56,"column":20},"end":{"line":56,"column":108}},"line":56},"4":{"name":"(anonymous_4)","decl":{"start":{"line":66,"column":22},"end":{"line":66,"column":23}},"loc":{"start":{"line":66,"column":28},"end":{"line":69,"column":17}},"line":66},"5":{"name":"(anonymous_5)","decl":{"start":{"line":70,"column":23},"end":{"line":70,"column":24}},"loc":{"start":{"line":70,"column":37},"end":{"line":73,"column":17}},"line":70},"6":{"name":"(anonymous_6)","decl":{"start":{"line":76,"column":56},"end":{"line":76,"column":57}},"loc":{"start":{"line":76,"column":77},"end":{"line":80,"column":13}},"line":76},"7":{"name":"(anonymous_7)","decl":{"start":{"line":85,"column":4},"end":{"line":85,"column":5}},"loc":{"start":{"line":85,"column":41},"end":{"line":104,"column":5}},"line":85},"8":{"name":"(anonymous_8)","decl":{"start":{"line":88,"column":39},"end":{"line":88,"column":40}},"loc":{"start":{"line":88,"column":55},"end":{"line":93,"column":13}},"line":88},"9":{"name":"(anonymous_9)","decl":{"start":{"line":94,"column":36},"end":{"line":94,"column":37}},"loc":{"start":{"line":94,"column":54},"end":{"line":96,"column":13}},"line":94}},"branchMap":{"0":{"loc":{"start":{"line":24,"column":31},"end":{"line":24,"column":42}},"type":"default-arg","locations":[{"start":{"line":24,"column":40},"end":{"line":24,"column":42}}],"line":24},"1":{"loc":{"start":{"line":31,"column":8},"end":{"line":33,"column":9}},"type":"if","locations":[{"start":{"line":31,"column":8},"end":{"line":33,"column":9}},{"start":{"line":31,"column":8},"end":{"line":33,"column":9}}],"line":31},"2":{"loc":{"start":{"line":34,"column":8},"end":{"line":40,"column":9}},"type":"if","locations":[{"start":{"line":34,"column":8},"end":{"line":40,"column":9}},{"start":{"line":34,"column":8},"end":{"line":40,"column":9}}],"line":34},"3":{"loc":{"start":{"line":37,"column":12},"end":{"line":39,"column":13}},"type":"if","locations":[{"start":{"line":37,"column":12},"end":{"line":39,"column":13}},{"start":{"line":37,"column":12},"end":{"line":39,"column":13}}],"line":37},"4":{"loc":{"start":{"line":62,"column":8},"end":{"line":81,"column":9}},"type":"if","locations":[{"start":{"line":62,"column":8},"end":{"line":81,"column":9}},{"start":{"line":62,"column":8},"end":{"line":81,"column":9}}],"line":62},"5":{"loc":{"start":{"line":62,"column":12},"end":{"line":62,"column":59}},"type":"binary-expr","locations":[{"start":{"line":62,"column":12},"end":{"line":62,"column":32}},{"start":{"line":62,"column":36},"end":{"line":62,"column":59}}],"line":62},"6":{"loc":{"start":{"line":77,"column":16},"end":{"line":79,"column":17}},"type":"if","locations":[{"start":{"line":77,"column":16},"end":{"line":79,"column":17}},{"start":{"line":77,"column":16},"end":{"line":79,"column":17}}],"line":77},"7":{"loc":{"start":{"line":86,"column":8},"end":{"line":103,"column":9}},"type":"if","locations":[{"start":{"line":86,"column":8},"end":{"line":103,"column":9}},{"start":{"line":86,"column":8},"end":{"line":103,"column":9}}],"line":86},"8":{"loc":{"start":{"line":86,"column":12},"end":{"line":86,"column":65}},"type":"binary-expr","locations":[{"start":{"line":86,"column":12},"end":{"line":86,"column":32}},{"start":{"line":86,"column":36},"end":{"line":86,"column":65}}],"line":86},"9":{"loc":{"start":{"line":97,"column":15},"end":{"line":103,"column":9}},"type":"if","locations":[{"start":{"line":97,"column":15},"end":{"line":103,"column":9}},{"start":{"line":97,"column":15},"end":{"line":103,"column":9}}],"line":97},"10":{"loc":{"start":{"line":97,"column":19},"end":{"line":97,"column":71}},"type":"binary-expr","locations":[{"start":{"line":97,"column":19},"end":{"line":97,"column":39}},{"start":{"line":97,"column":43},"end":{"line":97,"column":71}}],"line":97}},"s":{"0":40,"1":40,"2":40,"3":40,"4":40,"5":40,"6":40,"7":40,"8":40,"9":19,"10":19,"11":7,"12":40,"13":98,"14":1,"15":1,"16":98,"17":98,"18":98,"19":16,"20":16,"21":14,"22":14,"23":2,"24":2,"25":82,"26":16,"27":16,"28":98,"29":16,"30":14,"31":14,"32":17,"33":14,"34":6,"35":2,"36":1,"37":1},"f":{"0":40,"1":98,"2":1,"3":1,"4":14,"5":2,"6":16,"7":16,"8":17,"9":6},"b":{"0":[1],"1":[40,0],"2":[19,21],"3":[7,12],"4":[16,82],"5":[98,85],"6":[16,0],"7":[14,2],"8":[16,15],"9":[1,1],"10":[2,1]},"_coverageSchema":"43e27e138ebf9cfc5966b082cf9a028302ed4184","hash":"4e90d4441b339bd2f12a3855c9b7913fd979cc8c"}
,"/home/emilien/Documents/dev/fsSDK/jsSdk/src/class/flagshipVisitor/flagshipVisitor.ts": {"path":"/home/emilien/Documents/dev/fsSDK/jsSdk/src/class/flagshipVisitor/flagshipVisitor.ts","statementMap":{"0":{"start":{"line":59,"column":8},"end":{"line":59,"column":16}},"1":{"start":{"line":60,"column":8},"end":{"line":60,"column":29}},"2":{"start":{"line":61,"column":8},"end":{"line":61,"column":21}},"3":{"start":{"line":62,"column":8},"end":{"line":62,"column":94}},"4":{"start":{"line":63,"column":8},"end":{"line":63,"column":27}},"5":{"start":{"line":64,"column":8},"end":{"line":64,"column":80}},"6":{"start":{"line":65,"column":8},"end":{"line":65,"column":47}},"7":{"start":{"line":66,"column":8},"end":{"line":66,"column":27}},"8":{"start":{"line":67,"column":8},"end":{"line":67,"column":39}},"9":{"start":{"line":70,"column":8},"end":{"line":75,"column":9}},"10":{"start":{"line":71,"column":12},"end":{"line":71,"column":71}},"11":{"start":{"line":73,"column":12},"end":{"line":73,"column":45}},"12":{"start":{"line":74,"column":12},"end":{"line":74,"column":52}},"13":{"start":{"line":77,"column":8},"end":{"line":90,"column":9}},"14":{"start":{"line":78,"column":12},"end":{"line":78,"column":118}},"15":{"start":{"line":79,"column":12},"end":{"line":89,"column":15}},"16":{"start":{"line":80,"column":16},"end":{"line":88,"column":17}},"17":{"start":{"line":82,"column":23},"end":{"line":88,"column":17}},"18":{"start":{"line":83,"column":20},"end":{"line":83,"column":82}},"19":{"start":{"line":84,"column":20},"end":{"line":84,"column":81}},"20":{"start":{"line":87,"column":20},"end":{"line":87,"column":111}},"21":{"start":{"line":98,"column":8},"end":{"line":122,"column":11}},"22":{"start":{"line":99,"column":12},"end":{"line":121,"column":19}},"23":{"start":{"line":107,"column":37},"end":{"line":107,"column":125}},"24":{"start":{"line":108,"column":20},"end":{"line":110,"column":21}},"25":{"start":{"line":109,"column":24},"end":{"line":109,"column":99}},"26":{"start":{"line":111,"column":20},"end":{"line":111,"column":47}},"27":{"start":{"line":112,"column":20},"end":{"line":112,"column":45}},"28":{"start":{"line":115,"column":34},"end":{"line":115,"column":113}},"29":{"start":{"line":116,"column":20},"end":{"line":118,"column":21}},"30":{"start":{"line":117,"column":24},"end":{"line":117,"column":84}},"31":{"start":{"line":119,"column":20},"end":{"line":119,"column":44}},"32":{"start":{"line":120,"column":20},"end":{"line":120,"column":34}},"33":{"start":{"line":126,"column":62},"end":{"line":129,"column":9}},"34":{"start":{"line":127,"column":33},"end":{"line":127,"column":87}},"35":{"start":{"line":130,"column":8},"end":{"line":133,"column":9}},"36":{"start":{"line":131,"column":45},"end":{"line":131,"column":128}},"37":{"start":{"line":132,"column":12},"end":{"line":132,"column":102}},"38":{"start":{"line":137,"column":50},"end":{"line":137,"column":52}},"39":{"start":{"line":138,"column":38},"end":{"line":138,"column":70}},"40":{"start":{"line":139,"column":99},"end":{"line":139,"column":101}},"41":{"start":{"line":140,"column":35},"end":{"line":152,"column":9}},"42":{"start":{"line":141,"column":12},"end":{"line":143,"column":13}},"43":{"start":{"line":142,"column":16},"end":{"line":142,"column":29}},"44":{"start":{"line":144,"column":12},"end":{"line":149,"column":13}},"45":{"start":{"line":145,"column":16},"end":{"line":147,"column":18}},"46":{"start":{"line":148,"column":16},"end":{"line":148,"column":29}},"47":{"start":{"line":150,"column":12},"end":{"line":150,"column":84}},"48":{"start":{"line":151,"column":12},"end":{"line":151,"column":24}},"49":{"start":{"line":154,"column":8},"end":{"line":156,"column":9}},"50":{"start":{"line":155,"column":12},"end":{"line":155,"column":19}},"51":{"start":{"line":158,"column":8},"end":{"line":183,"column":11}},"52":{"start":{"line":159,"column":40},"end":{"line":159,"column":92}},"53":{"start":{"line":160,"column":44},"end":{"line":164,"column":14}},"54":{"start":{"line":165,"column":12},"end":{"line":182,"column":13}},"55":{"start":{"line":166,"column":35},"end":{"line":166,"column":40}},"56":{"start":{"line":167,"column":16},"end":{"line":172,"column":19}},"57":{"start":{"line":168,"column":20},"end":{"line":171,"column":21}},"58":{"start":{"line":169,"column":24},"end":{"line":169,"column":60}},"59":{"start":{"line":170,"column":24},"end":{"line":170,"column":44}},"60":{"start":{"line":174,"column":16},"end":{"line":181,"column":17}},"61":{"start":{"line":175,"column":20},"end":{"line":180,"column":23}},"62":{"start":{"line":185,"column":24},"end":{"line":195,"column":9}},"63":{"start":{"line":186,"column":12},"end":{"line":194,"column":15}},"64":{"start":{"line":187,"column":16},"end":{"line":193,"column":17}},"65":{"start":{"line":188,"column":20},"end":{"line":188,"column":88}},"66":{"start":{"line":189,"column":20},"end":{"line":189,"column":93}},"67":{"start":{"line":191,"column":20},"end":{"line":191,"column":93}},"68":{"start":{"line":192,"column":20},"end":{"line":192,"column":99}},"69":{"start":{"line":196,"column":8},"end":{"line":205,"column":11}},"70":{"start":{"line":197,"column":12},"end":{"line":197,"column":48}},"71":{"start":{"line":198,"column":12},"end":{"line":198,"column":41}},"72":{"start":{"line":199,"column":12},"end":{"line":204,"column":15}},"73":{"start":{"line":203,"column":16},"end":{"line":203,"column":51}},"74":{"start":{"line":208,"column":94},"end":{"line":211,"column":9}},"75":{"start":{"line":212,"column":8},"end":{"line":230,"column":11}},"76":{"start":{"line":213,"column":12},"end":{"line":229,"column":13}},"77":{"start":{"line":214,"column":16},"end":{"line":216,"column":18}},"78":{"start":{"line":217,"column":16},"end":{"line":226,"column":18}},"79":{"start":{"line":219,"column":24},"end":{"line":223,"column":25}},"80":{"start":{"line":220,"column":28},"end":{"line":222,"column":56}},"81":{"start":{"line":221,"column":42},"end":{"line":221,"column":52}},"82":{"start":{"line":224,"column":24},"end":{"line":224,"column":36}},"83":{"start":{"line":235,"column":8},"end":{"line":240,"column":9}},"84":{"start":{"line":236,"column":12},"end":{"line":238,"column":14}},"85":{"start":{"line":239,"column":12},"end":{"line":239,"column":25}},"86":{"start":{"line":242,"column":8},"end":{"line":242,"column":20}},"87":{"start":{"line":249,"column":67},"end":{"line":249,"column":108}},"88":{"start":{"line":252,"column":8},"end":{"line":254,"column":9}},"89":{"start":{"line":253,"column":12},"end":{"line":253,"column":26}},"90":{"start":{"line":256,"column":8},"end":{"line":262,"column":9}},"91":{"start":{"line":257,"column":12},"end":{"line":257,"column":132}},"92":{"start":{"line":257,"column":97},"end":{"line":257,"column":130}},"93":{"start":{"line":258,"column":15},"end":{"line":262,"column":9}},"94":{"start":{"line":259,"column":12},"end":{"line":259,"column":85}},"95":{"start":{"line":261,"column":12},"end":{"line":261,"column":26}},"96":{"start":{"line":264,"column":60},"end":{"line":277,"column":9}},"97":{"start":{"line":265,"column":12},"end":{"line":275,"column":13}},"98":{"start":{"line":266,"column":70},"end":{"line":268,"column":17}},"99":{"start":{"line":267,"column":34},"end":{"line":267,"column":60}},"100":{"start":{"line":269,"column":16},"end":{"line":271,"column":17}},"101":{"start":{"line":270,"column":20},"end":{"line":270,"column":126}},"102":{"start":{"line":270,"column":107},"end":{"line":270,"column":124}},"103":{"start":{"line":272,"column":16},"end":{"line":274,"column":18}},"104":{"start":{"line":276,"column":12},"end":{"line":276,"column":22}},"105":{"start":{"line":279,"column":8},"end":{"line":288,"column":11}},"106":{"start":{"line":280,"column":12},"end":{"line":287,"column":13}},"107":{"start":{"line":281,"column":16},"end":{"line":281,"column":89}},"108":{"start":{"line":283,"column":16},"end":{"line":286,"column":18}},"109":{"start":{"line":291,"column":8},"end":{"line":300,"column":11}},"110":{"start":{"line":292,"column":12},"end":{"line":299,"column":15}},"111":{"start":{"line":293,"column":16},"end":{"line":298,"column":17}},"112":{"start":{"line":294,"column":20},"end":{"line":297,"column":22}},"113":{"start":{"line":303,"column":49},"end":{"line":308,"column":13}},"114":{"start":{"line":304,"column":12},"end":{"line":308,"column":13}},"115":{"start":{"line":306,"column":20},"end":{"line":306,"column":137}},"116":{"start":{"line":306,"column":62},"end":{"line":306,"column":74}},"117":{"start":{"line":306,"column":117},"end":{"line":306,"column":129}},"118":{"start":{"line":309,"column":8},"end":{"line":311,"column":11}},"119":{"start":{"line":310,"column":12},"end":{"line":310,"column":76}},"120":{"start":{"line":314,"column":8},"end":{"line":314,"column":22}},"121":{"start":{"line":318,"column":41},"end":{"line":318,"column":104}},"122":{"start":{"line":319,"column":68},"end":{"line":319,"column":100}},"123":{"start":{"line":320,"column":8},"end":{"line":351,"column":15}},"124":{"start":{"line":321,"column":79},"end":{"line":321,"column":104}},"125":{"start":{"line":322,"column":12},"end":{"line":335,"column":13}},"126":{"start":{"line":324,"column":16},"end":{"line":334,"column":18}},"127":{"start":{"line":336,"column":12},"end":{"line":350,"column":14}},"128":{"start":{"line":359,"column":74},"end":{"line":359,"column":76}},"129":{"start":{"line":360,"column":75},"end":{"line":360,"column":77}},"130":{"start":{"line":361,"column":8},"end":{"line":395,"column":11}},"131":{"start":{"line":362,"column":12},"end":{"line":393,"column":15}},"132":{"start":{"line":363,"column":16},"end":{"line":392,"column":17}},"133":{"start":{"line":365,"column":20},"end":{"line":365,"column":64}},"134":{"start":{"line":366,"column":20},"end":{"line":366,"column":95}},"135":{"start":{"line":367,"column":20},"end":{"line":367,"column":75}},"136":{"start":{"line":368,"column":20},"end":{"line":368,"column":86}},"137":{"start":{"line":369,"column":20},"end":{"line":369,"column":95}},"138":{"start":{"line":372,"column":20},"end":{"line":372,"column":53}},"139":{"start":{"line":373,"column":20},"end":{"line":381,"column":22}},"140":{"start":{"line":382,"column":20},"end":{"line":391,"column":21}},"141":{"start":{"line":383,"column":24},"end":{"line":390,"column":27}},"142":{"start":{"line":384,"column":28},"end":{"line":389,"column":29}},"143":{"start":{"line":385,"column":32},"end":{"line":385,"column":77}},"144":{"start":{"line":386,"column":32},"end":{"line":388,"column":33}},"145":{"start":{"line":387,"column":36},"end":{"line":387,"column":95}},"146":{"start":{"line":394,"column":12},"end":{"line":394,"column":24}},"147":{"start":{"line":396,"column":8},"end":{"line":396,"column":61}},"148":{"start":{"line":404,"column":76},"end":{"line":404,"column":78}},"149":{"start":{"line":406,"column":62},"end":{"line":410,"column":9}},"150":{"start":{"line":412,"column":8},"end":{"line":421,"column":11}},"151":{"start":{"line":414,"column":12},"end":{"line":420,"column":13}},"152":{"start":{"line":415,"column":16},"end":{"line":419,"column":18}},"153":{"start":{"line":424,"column":8},"end":{"line":437,"column":11}},"154":{"start":{"line":425,"column":12},"end":{"line":436,"column":13}},"155":{"start":{"line":426,"column":16},"end":{"line":426,"column":99}},"156":{"start":{"line":428,"column":41},"end":{"line":428,"column":55}},"157":{"start":{"line":429,"column":16},"end":{"line":429,"column":72}},"158":{"start":{"line":430,"column":16},"end":{"line":430,"column":132}},"159":{"start":{"line":431,"column":16},"end":{"line":435,"column":17}},"160":{"start":{"line":432,"column":20},"end":{"line":434,"column":22}},"161":{"start":{"line":438,"column":8},"end":{"line":438,"column":62}},"162":{"start":{"line":446,"column":33},"end":{"line":446,"column":64}},"163":{"start":{"line":447,"column":29},"end":{"line":447,"column":134}},"164":{"start":{"line":448,"column":8},"end":{"line":458,"column":9}},"165":{"start":{"line":449,"column":67},"end":{"line":453,"column":13}},"166":{"start":{"line":454,"column":12},"end":{"line":454,"column":123}},"167":{"start":{"line":456,"column":12},"end":{"line":456,"column":102}},"168":{"start":{"line":457,"column":12},"end":{"line":457,"column":40}},"169":{"start":{"line":460,"column":8},"end":{"line":464,"column":9}},"170":{"start":{"line":461,"column":12},"end":{"line":463,"column":14}},"171":{"start":{"line":466,"column":8},"end":{"line":466,"column":18}},"172":{"start":{"line":473,"column":8},"end":{"line":477,"column":9}},"173":{"start":{"line":474,"column":12},"end":{"line":474,"column":64}},"174":{"start":{"line":475,"column":45},"end":{"line":475,"column":131}},"175":{"start":{"line":476,"column":12},"end":{"line":476,"column":40}},"176":{"start":{"line":478,"column":25},"end":{"line":481,"column":37}},"177":{"start":{"line":482,"column":8},"end":{"line":482,"column":108}},"178":{"start":{"line":486,"column":29},"end":{"line":490,"column":10}},"179":{"start":{"line":486,"column":88},"end":{"line":490,"column":9}},"180":{"start":{"line":491,"column":8},"end":{"line":520,"column":11}},"181":{"start":{"line":492,"column":33},"end":{"line":492,"column":125}},"182":{"start":{"line":493,"column":12},"end":{"line":519,"column":19}},"183":{"start":{"line":495,"column":41},"end":{"line":495,"column":72}},"184":{"start":{"line":496,"column":20},"end":{"line":496,"column":93}},"185":{"start":{"line":497,"column":38},"end":{"line":497,"column":90}},"186":{"start":{"line":498,"column":53},"end":{"line":502,"column":73}},"187":{"start":{"line":503,"column":20},"end":{"line":513,"column":21}},"188":{"start":{"line":504,"column":24},"end":{"line":504,"column":38}},"189":{"start":{"line":505,"column":27},"end":{"line":513,"column":21}},"190":{"start":{"line":506,"column":53},"end":{"line":506,"column":92}},"191":{"start":{"line":507,"column":24},"end":{"line":511,"column":26}},"192":{"start":{"line":512,"column":24},"end":{"line":512,"column":111}},"193":{"start":{"line":512,"column":72},"end":{"line":512,"column":104}},"194":{"start":{"line":514,"column":20},"end":{"line":514,"column":126}},"195":{"start":{"line":514,"column":68},"end":{"line":514,"column":119}},"196":{"start":{"line":517,"column":20},"end":{"line":517,"column":56}},"197":{"start":{"line":518,"column":20},"end":{"line":518,"column":34}},"198":{"start":{"line":524,"column":8},"end":{"line":524,"column":80}},"199":{"start":{"line":528,"column":8},"end":{"line":530,"column":9}},"200":{"start":{"line":529,"column":12},"end":{"line":529,"column":59}},"201":{"start":{"line":531,"column":8},"end":{"line":544,"column":11}},"202":{"start":{"line":532,"column":40},"end":{"line":532,"column":125}},"203":{"start":{"line":533,"column":12},"end":{"line":543,"column":19}},"204":{"start":{"line":535,"column":41},"end":{"line":535,"column":72}},"205":{"start":{"line":536,"column":35},"end":{"line":536,"column":107}},"206":{"start":{"line":537,"column":20},"end":{"line":537,"column":88}},"207":{"start":{"line":538,"column":20},"end":{"line":538,"column":56}},"208":{"start":{"line":541,"column":20},"end":{"line":541,"column":56}},"209":{"start":{"line":542,"column":20},"end":{"line":542,"column":34}},"210":{"start":{"line":548,"column":8},"end":{"line":548,"column":118}},"211":{"start":{"line":555,"column":31},"end":{"line":558,"column":9}},"212":{"start":{"line":559,"column":34},"end":{"line":559,"column":67}},"213":{"start":{"line":560,"column":8},"end":{"line":576,"column":11}},"214":{"start":{"line":561,"column":12},"end":{"line":575,"column":49}},"215":{"start":{"line":563,"column":20},"end":{"line":573,"column":21}},"216":{"start":{"line":564,"column":57},"end":{"line":564,"column":118}},"217":{"start":{"line":565,"column":24},"end":{"line":570,"column":26}},"218":{"start":{"line":567,"column":51},"end":{"line":567,"column":108}},"219":{"start":{"line":572,"column":24},"end":{"line":572,"column":42}},"220":{"start":{"line":575,"column":34},"end":{"line":575,"column":47}},"221":{"start":{"line":589,"column":33},"end":{"line":589,"column":64}},"222":{"start":{"line":590,"column":32},"end":{"line":590,"column":93}},"223":{"start":{"line":591,"column":29},"end":{"line":591,"column":114}},"224":{"start":{"line":592,"column":21},"end":{"line":592,"column":70}},"225":{"start":{"line":593,"column":36},"end":{"line":593,"column":38}},"226":{"start":{"line":594,"column":60},"end":{"line":594,"column":62}},"227":{"start":{"line":597,"column":8},"end":{"line":631,"column":9}},"228":{"start":{"line":598,"column":12},"end":{"line":621,"column":13}},"229":{"start":{"line":600,"column":16},"end":{"line":600,"column":106}},"230":{"start":{"line":600,"column":76},"end":{"line":600,"column":104}},"231":{"start":{"line":601,"column":77},"end":{"line":604,"column":17}},"232":{"start":{"line":605,"column":16},"end":{"line":605,"column":61}},"233":{"start":{"line":606,"column":16},"end":{"line":612,"column":18}},"234":{"start":{"line":615,"column":77},"end":{"line":618,"column":17}},"235":{"start":{"line":619,"column":16},"end":{"line":619,"column":61}},"236":{"start":{"line":620,"column":16},"end":{"line":620,"column":71}},"237":{"start":{"line":623,"column":29},"end":{"line":623,"column":55}},"238":{"start":{"line":624,"column":12},"end":{"line":629,"column":13}},"239":{"start":{"line":625,"column":16},"end":{"line":625,"column":70}},"240":{"start":{"line":626,"column":16},"end":{"line":626,"column":93}},"241":{"start":{"line":628,"column":16},"end":{"line":628,"column":71}},"242":{"start":{"line":630,"column":12},"end":{"line":630,"column":38}},"243":{"start":{"line":634,"column":8},"end":{"line":636,"column":9}},"244":{"start":{"line":635,"column":12},"end":{"line":635,"column":64}},"245":{"start":{"line":639,"column":8},"end":{"line":639,"column":22}},"246":{"start":{"line":643,"column":29},"end":{"line":643,"column":34}},"247":{"start":{"line":644,"column":27},"end":{"line":644,"column":52}},"248":{"start":{"line":646,"column":21},"end":{"line":649,"column":9}},"249":{"start":{"line":647,"column":12},"end":{"line":647,"column":104}},"250":{"start":{"line":648,"column":12},"end":{"line":648,"column":129}},"251":{"start":{"line":651,"column":25},"end":{"line":663,"column":9}},"252":{"start":{"line":652,"column":12},"end":{"line":652,"column":34}},"253":{"start":{"line":653,"column":12},"end":{"line":660,"column":13}},"254":{"start":{"line":655,"column":16},"end":{"line":659,"column":18}},"255":{"start":{"line":662,"column":12},"end":{"line":662,"column":28}},"256":{"start":{"line":666,"column":8},"end":{"line":672,"column":11}},"257":{"start":{"line":675,"column":8},"end":{"line":686,"column":9}},"258":{"start":{"line":676,"column":12},"end":{"line":685,"column":13}},"259":{"start":{"line":677,"column":16},"end":{"line":677,"column":119}},"260":{"start":{"line":679,"column":16},"end":{"line":679,"column":27}},"261":{"start":{"line":680,"column":16},"end":{"line":684,"column":18}},"262":{"start":{"line":695,"column":28},"end":{"line":700,"column":9}},"263":{"start":{"line":701,"column":77},"end":{"line":701,"column":104}},"264":{"start":{"line":702,"column":20},"end":{"line":702,"column":83}},"265":{"start":{"line":705,"column":8},"end":{"line":717,"column":9}},"266":{"start":{"line":706,"column":12},"end":{"line":712,"column":13}},"267":{"start":{"line":707,"column":16},"end":{"line":707,"column":80}},"268":{"start":{"line":708,"column":16},"end":{"line":711,"column":23}},"269":{"start":{"line":713,"column":12},"end":{"line":715,"column":14}},"270":{"start":{"line":716,"column":12},"end":{"line":716,"column":105}},"271":{"start":{"line":720,"column":8},"end":{"line":799,"column":11}},"272":{"start":{"line":721,"column":12},"end":{"line":798,"column":13}},"273":{"start":{"line":722,"column":16},"end":{"line":722,"column":129}},"274":{"start":{"line":723,"column":16},"end":{"line":728,"column":18}},"275":{"start":{"line":729,"column":19},"end":{"line":798,"column":13}},"276":{"start":{"line":730,"column":72},"end":{"line":730,"column":109}},"277":{"start":{"line":731,"column":16},"end":{"line":776,"column":17}},"278":{"start":{"line":732,"column":20},"end":{"line":732,"column":126}},"279":{"start":{"line":733,"column":20},"end":{"line":733,"column":86}},"280":{"start":{"line":734,"column":20},"end":{"line":739,"column":22}},"281":{"start":{"line":741,"column":20},"end":{"line":741,"column":119}},"282":{"start":{"line":742,"column":20},"end":{"line":762,"column":23}},"283":{"start":{"line":743,"column":24},"end":{"line":743,"column":85}},"284":{"start":{"line":744,"column":24},"end":{"line":747,"column":26}},"285":{"start":{"line":748,"column":24},"end":{"line":748,"column":90}},"286":{"start":{"line":749,"column":24},"end":{"line":749,"column":88}},"287":{"start":{"line":750,"column":24},"end":{"line":755,"column":25}},"288":{"start":{"line":751,"column":28},"end":{"line":753,"column":30}},"289":{"start":{"line":754,"column":28},"end":{"line":754,"column":74}},"290":{"start":{"line":756,"column":24},"end":{"line":761,"column":26}},"291":{"start":{"line":763,"column":20},"end":{"line":775,"column":23}},"292":{"start":{"line":764,"column":24},"end":{"line":770,"column":25}},"293":{"start":{"line":765,"column":28},"end":{"line":767,"column":30}},"294":{"start":{"line":769,"column":28},"end":{"line":769,"column":109}},"295":{"start":{"line":772,"column":24},"end":{"line":772,"column":60}},"296":{"start":{"line":774,"column":24},"end":{"line":774,"column":38}},"297":{"start":{"line":778,"column":16},"end":{"line":797,"column":23}},"298":{"start":{"line":787,"column":24},"end":{"line":787,"column":79}},"299":{"start":{"line":788,"column":24},"end":{"line":788,"column":133}},"300":{"start":{"line":791,"column":24},"end":{"line":791,"column":60}},"301":{"start":{"line":792,"column":24},"end":{"line":792,"column":102}},"302":{"start":{"line":793,"column":24},"end":{"line":795,"column":25}},"303":{"start":{"line":794,"column":28},"end":{"line":794,"column":105}},"304":{"st
[...]
umn":66}},"type":"binary-expr","locations":[{"start":{"line":80,"column":20},"end":{"line":80,"column":48}},{"start":{"line":80,"column":52},"end":{"line":80,"column":66}}],"line":80},"19":{"loc":{"start":{"line":85,"column":19},"end":{"line":89,"column":13}},"type":"if","locations":[{"start":{"line":85,"column":19},"end":{"line":89,"column":13}},{"start":{"line":85,"column":19},"end":{"line":89,"column":13}}],"line":85},"20":{"loc":{"start":{"line":94,"column":8},"end":{"line":97,"column":9}},"type":"if","locations":[{"start":{"line":94,"column":8},"end":{"line":97,"column":9}},{"start":{"line":94,"column":8},"end":{"line":97,"column":9}}],"line":94},"21":{"loc":{"start":{"line":94,"column":12},"end":{"line":94,"column":54}},"type":"binary-expr","locations":[{"start":{"line":94,"column":12},"end":{"line":94,"column":26}},{"start":{"line":94,"column":30},"end":{"line":94,"column":54}}],"line":94},"22":{"loc":{"start":{"line":125,"column":8},"end":{"line":130,"column":9}},"type":"if","locations":[{"start":{"line":125,"column":8},"end":{"line":130,"column":9}},{"start":{"line":125,"column":8},"end":{"line":130,"column":9}}],"line":125},"23":{"loc":{"start":{"line":125,"column":12},"end":{"line":125,"column":41}},"type":"binary-expr","locations":[{"start":{"line":125,"column":12},"end":{"line":125,"column":17}},{"start":{"line":125,"column":21},"end":{"line":125,"column":41}}],"line":125},"24":{"loc":{"start":{"line":126,"column":12},"end":{"line":128,"column":13}},"type":"if","locations":[{"start":{"line":126,"column":12},"end":{"line":128,"column":13}},{"start":{"line":126,"column":12},"end":{"line":128,"column":13}}],"line":126},"25":{"loc":{"start":{"line":126,"column":16},"end":{"line":126,"column":53}},"type":"binary-expr","locations":[{"start":{"line":126,"column":16},"end":{"line":126,"column":36}},{"start":{"line":126,"column":40},"end":{"line":126,"column":53}}],"line":126},"26":{"loc":{"start":{"line":134,"column":12},"end":{"line":143,"column":13}},"type":"if","locations":[{"start":{"line":134,"column":12},"end":{"line":143,"column":13}},{"start":{"line":134,"column":12},"end":{"line":143,"column":13}}],"line":134},"27":{"loc":{"start":{"line":139,"column":24},"end":{"line":139,"column":79}},"type":"cond-expr","locations":[{"start":{"line":139,"column":55},"end":{"line":139,"column":63}},{"start":{"line":139,"column":66},"end":{"line":139,"column":79}}],"line":139},"28":{"loc":{"start":{"line":145,"column":8},"end":{"line":147,"column":9}},"type":"if","locations":[{"start":{"line":145,"column":8},"end":{"line":147,"column":9}},{"start":{"line":145,"column":8},"end":{"line":147,"column":9}}],"line":145}},"s":{"0":5,"1":129,"2":2,"3":5,"4":129,"5":129,"6":129,"7":5,"8":129,"9":129,"10":52,"11":52,"12":31,"13":29,"14":2,"15":19,"16":2,"17":111,"18":111,"19":122,"20":3,"21":119,"22":5,"23":114,"24":1,"25":113,"26":111,"27":40,"28":40,"29":1,"30":1,"31":40,"32":39,"33":40,"34":40,"35":40,"36":40,"37":360,"38":40,"39":40,"40":351,"41":351,"42":348,"43":105,"44":243,"45":3,"46":1,"47":40,"48":12,"49":1,"50":1,"51":11,"52":83,"53":83,"54":83,"55":83,"56":12,"57":1,"58":12,"59":71,"60":184,"61":184,"62":2,"63":2,"64":2,"65":6,"66":6,"67":2,"68":71,"69":70,"70":1,"71":1},"f":{"0":129,"1":129,"2":52,"3":111,"4":122,"5":40,"6":1,"7":40,"8":360,"9":351,"10":12,"11":83,"12":184,"13":6,"14":6},"b":{"0":[2,127],"1":[129,129,3],"2":[5,124],"3":[129,0],"4":[31,19,0,2],"5":[29,2],"6":[31,31,31,31],"7":[0,2],"8":[19,0],"9":[3,119],"10":[122,8],"11":[5,114],"12":[1,113],"13":[114,113],"14":[0],"15":[39,1],"16":[348,3],"17":[105,243],"18":[348,346],"19":[2,1],"20":[1,11],"21":[12,12],"22":[12,71],"23":[83,72],"24":[1,11],"25":[12,12],"26":[2,182],"27":[6,0],"28":[70,1]},"_coverageSchema":"43e27e138ebf9cfc5966b082cf9a028302ed4184","hash":"193531e345de62700ea48a7d1c9481258d46bc02"}
,"/home/emilien/Documents/dev/fsSDK/jsSdk/src/lib/loggerHelper.ts": {"path":"/home/emilien/Documents/dev/fsSDK/jsSdk/src/lib/loggerHelper.ts","statementMap":{},"fnMap":{},"branchMap":{},"s":{},"f":{},"b":{},"_coverageSchema":"43e27e138ebf9cfc5966b082cf9a028302ed4184","hash":"cb9499ff769ce21598c088a78d78d89275ae3ade"}
,"/home/emilien/Documents/dev/fsSDK/jsSdk/test/mock/demoData.js": {"path":"/home/emilien/Documents/dev/fsSDK/jsSdk/test/mock/demoData.js","statementMap":{"0":{"start":{"line":10,"column":17},"end":{"line":116,"column":1}}},"fnMap":{},"branchMap":{},"s":{"0":4},"f":{},"b":{},"_coverageSchema":"43e27e138ebf9cfc5966b082cf9a028302ed4184","hash":"2c8aff4e2d936be62b89361d79efa4d0e1c99e0e"}
,"/home/emilien/Documents/dev/fsSDK/jsSdk/test/mock/bucketing/index.js": {"path":"/home/emilien/Documents/dev/fsSDK/jsSdk/test/mock/bucketing/index.js","statementMap":{},"fnMap":{},"branchMap":{},"s":{},"f":{},"b":{},"_coverageSchema":"43e27e138ebf9cfc5966b082cf9a028302ed4184","hash":"647a79fb5cb1d54b58a9e729517ca9cd09bdaacd"}
,"/home/emilien/Documents/dev/fsSDK/jsSdk/test/mock/bucketing/murmur/arguments.js": {"path":"/home/emilien/Documents/dev/fsSDK/jsSdk/test/mock/bucketing/murmur/arguments.js","statementMap":{},"fnMap":{},"branchMap":{},"s":{},"f":{},"b":{},"_coverageSchema":"43e27e138ebf9cfc5966b082cf9a028302ed4184","hash":"a5d1f4d36c02bc4d7315e32d495048ea7919c3b3"}
,"/home/emilien/Documents/dev/fsSDK/jsSdk/test/mock/bucketing/murmur/badTraffic.js": {"path":"/home/emilien/Documents/dev/fsSDK/jsSdk/test/mock/bucketing/murmur/badTraffic.js","statementMap":{},"fnMap":{},"branchMap":{},"s":{},"f":{},"b":{},"_coverageSchema":"43e27e138ebf9cfc5966b082cf9a028302ed4184","hash":"9fe7755d65d4c460a949b79eaf27cce864377f8d"}
,"/home/emilien/Documents/dev/fsSDK/jsSdk/test/mock/bucketing/murmur/badTraffic2.js": {"path":"/home/emilien/Documents/dev/fsSDK/jsSdk/test/mock/bucketing/murmur/badTraffic2.js","statementMap":{},"fnMap":{},"branchMap":{},"s":{},"f":{},"b":{},"_coverageSchema":"43e27e138ebf9cfc5966b082cf9a028302ed4184","hash":"d26a10f2751d55da4234e499ad8dc982d846e62f"}
,"/home/emilien/Documents/dev/fsSDK/jsSdk/test/mock/bucketing/murmur/extremLowTraffic.js": {"path":"/home/emilien/Documents/dev/fsSDK/jsSdk/test/mock/bucketing/murmur/extremLowTraffic.js","statementMap":{},"fnMap":{},"branchMap":{},"s":{},"f":{},"b":{},"_coverageSchema":"43e27e138ebf9cfc5966b082cf9a028302ed4184","hash":"c5618efb54fac73fe4dea7c6a982828f3f3427c6"}
,"/home/emilien/Documents/dev/fsSDK/jsSdk/test/mock/bucketing/samples/badOperator.js": {"path":"/home/emilien/Documents/dev/fsSDK/jsSdk/test/mock/bucketing/samples/badOperator.js","statementMap":{},"fnMap":{},"branchMap":{},"s":{},"f":{},"b":{},"_coverageSchema":"43e27e138ebf9cfc5966b082cf9a028302ed4184","hash":"ca55b7b1b6775f316c9cbf6c7538ebfd6446aecf"}
,"/home/emilien/Documents/dev/fsSDK/jsSdk/test/mock/bucketing/samples/badTraffic.js": {"path":"/home/emilien/Documents/dev/fsSDK/jsSdk/test/mock/bucketing/samples/badTraffic.js","statementMap":{},"fnMap":{},"branchMap":{},"s":{},"f":{},"b":{},"_coverageSchema":"43e27e138ebf9cfc5966b082cf9a028302ed4184","hash":"2ba743c47d6cd7c33bf3c83ebb39b1ac1f791fee"}
,"/home/emilien/Documents/dev/fsSDK/jsSdk/test/mock/bucketing/samples/badTypeBetweenTargetingAndVisitorContextKey.js": {"path":"/home/emilien/Documents/dev/fsSDK/jsSdk/test/mock/bucketing/samples/badTypeBetweenTargetingAndVisitorContextKey.js","statementMap":{},"fnMap":{},"branchMap":{},"s":{},"f":{},"b":{},"_coverageSchema":"43e27e138ebf9cfc5966b082cf9a028302ed4184","hash":"c474464c121ec65b81ae7b63796110224304da1d"}
,"/home/emilien/Documents/dev/fsSDK/jsSdk/test/mock/bucketing/samples/classical.js": {"path":"/home/emilien/Documents/dev/fsSDK/jsSdk/test/mock/bucketing/samples/classical.js","statementMap":{},"fnMap":{},"branchMap":{},"s":{},"f":{},"b":{},"_coverageSchema":"43e27e138ebf9cfc5966b082cf9a028302ed4184","hash":"38073ec5360bb6c80a4f4697db4e659ae5de3e7e"}
,"/home/emilien/Documents/dev/fsSDK/jsSdk/test/mock/bucketing/samples/fs_all_users.js": {"path":"/home/emilien/Documents/dev/fsSDK/jsSdk/test/mock/bucketing/samples/fs_all_users.js","statementMap":{},"fnMap":{},"branchMap":{},"s":{},"f":{},"b":{},"_coverageSchema":"43e27e138ebf9cfc5966b082cf9a028302ed4184","hash":"68c0ff9bc805cb99df7c57937769778834e60bb6"}
,"/home/emilien/Documents/dev/fsSDK/jsSdk/test/mock/bucketing/samples/fs_users.js": {"path":"/home/emilien/Documents/dev/fsSDK/jsSdk/test/mock/bucketing/samples/fs_users.js","statementMap":{},"fnMap":{},"branchMap":{},"s":{},"f":{},"b":{},"_coverageSchema":"43e27e138ebf9cfc5966b082cf9a028302ed4184","hash":"18511348bb73422f3df530fb1bbe59611a6d4a87"}
,"/home/emilien/Documents/dev/fsSDK/jsSdk/test/mock/bucketing/samples/panic.js": {"path":"/home/emilien/Documents/dev/fsSDK/jsSdk/test/mock/bucketing/samples/panic.js","statementMap":{},"fnMap":{},"branchMap":{},"s":{},"f":{},"b":{},"_coverageSchema":"43e27e138ebf9cfc5966b082cf9a028302ed4184","hash":"f033638916bde2f75d7d8233e93818fa17ef479f"}
,"/home/emilien/Documents/dev/fsSDK/jsSdk/test/mock/bucketing/samples/multipleCampaigns/index.js": {"path":"/home/emilien/Documents/dev/fsSDK/jsSdk/test/mock/bucketing/samples/multipleCampaigns/index.js","statementMap":{},"fnMap":{},"branchMap":{},"s":{},"f":{},"b":{},"_coverageSchema":"43e27e138ebf9cfc5966b082cf9a028302ed4184","hash":"995facb700e8f28a8305efb2c389ea3c811f87d5"}
,"/home/emilien/Documents/dev/fsSDK/jsSdk/test/mock/bucketing/samples/oneCampaignOneVgMultipleTgg/index.js": {"path":"/home/emilien/Documents/dev/fsSDK/jsSdk/test/mock/bucketing/samples/oneCampaignOneVgMultipleTgg/index.js","statementMap":{},"fnMap":{},"branchMap":{},"s":{},"f":{},"b":{},"_coverageSchema":"43e27e138ebf9cfc5966b082cf9a028302ed4184","hash":"20f31a82baa9464f140b1b5ae1bf9a887e1428c0"}
,"/home/emilien/Documents/dev/fsSDK/jsSdk/test/mock/bucketing/samples/oneCampaignOneVgOneTggWithAllPossibleTargetings/containsOperator.js": {"path":"/home/emilien/Documents/dev/fsSDK/jsSdk/test/mock/bucketing/samples/oneCampaignOneVgOneTggWithAllPossibleTargetings/containsOperator.js","statementMap":{},"fnMap":{},"branchMap":{},"s":{},"f":{},"b":{},"_coverageSchema":"43e27e138ebf9cfc5966b082cf9a028302ed4184","hash":"dfcb3ca9bf6f294f965150732bc68b0b2c7f6eff"}
,"/home/emilien/Documents/dev/fsSDK/jsSdk/test/mock/bucketing/samples/oneCampaignOneVgOneTggWithAllPossibleTargetings/endsWithOperator.js": {"path":"/home/emilien/Documents/dev/fsSDK/jsSdk/test/mock/bucketing/samples/oneCampaignOneVgOneTggWithAllPossibleTargetings/endsWithOperator.js","statementMap":{},"fnMap":{},"branchMap":{},"s":{},"f":{},"b":{},"_coverageSchema":"43e27e138ebf9cfc5966b082cf9a028302ed4184","hash":"73c47f8c94b261bb10455d821aaa44d238c23cf7"}
,"/home/emilien/Documents/dev/fsSDK/jsSdk/test/mock/bucketing/samples/oneCampaignOneVgOneTggWithAllPossibleTargetings/equalsOperator.js": {"path":"/home/emilien/Documents/dev/fsSDK/jsSdk/test/mock/bucketing/samples/oneCampaignOneVgOneTggWithAllPossibleTargetings/equalsOperator.js","statementMap":{},"fnMap":{},"branchMap":{},"s":{},"f":{},"b":{},"_coverageSchema":"43e27e138ebf9cfc5966b082cf9a028302ed4184","hash":"ba13548557b86eb826bdb2392de3efc12d1141fc"}
,"/home/emilien/Documents/dev/fsSDK/jsSdk/test/mock/bucketing/samples/oneCampaignOneVgOneTggWithAllPossibleTargetings/greaterThanOperator.js": {"path":"/home/emilien/Documents/dev/fsSDK/jsSdk/test/mock/bucketing/samples/oneCampaignOneVgOneTggWithAllPossibleTargetings/greaterThanOperator.js","statementMap":{},"fnMap":{},"branchMap":{},"s":{},"f":{},"b":{},"_coverageSchema":"43e27e138ebf9cfc5966b082cf9a028302ed4184","hash":"585abc54f58314a6544d8f6a73597811636c1c7c"}
,"/home/emilien/Documents/dev/fsSDK/jsSdk/test/mock/bucketing/samples/oneCampaignOneVgOneTggWithAllPossibleTargetings/greaterThanOrEqualsOperator.js": {"path":"/home/emilien/Documents/dev/fsSDK/jsSdk/test/mock/bucketing/samples/oneCampaignOneVgOneTggWithAllPossibleTargetings/greaterThanOrEqualsOperator.js","statementMap":{},"fnMap":{},"branchMap":{},"s":{},"f":{},"b":{},"_coverageSchema":"43e27e138ebf9cfc5966b082cf9a028302ed4184","hash":"8b9bdad34581d248c5218683c74212a3dae9aa46"}
,"/home/emilien/Documents/dev/fsSDK/jsSdk/test/mock/bucketing/samples/oneCampaignOneVgOneTggWithAllPossibleTargetings/lowerThanOperator.js": {"path":"/home/emilien/Documents/dev/fsSDK/jsSdk/test/mock/bucketing/samples/oneCampaignOneVgOneTggWithAllPossibleTargetings/lowerThanOperator.js","statementMap":{},"fnMap":{},"branchMap":{},"s":{},"f":{},"b":{},"_coverageSchema":"43e27e138ebf9cfc5966b082cf9a028302ed4184","hash":"de653130ae25c47a54d88328ef37c73eb22687cd"}
,"/home/emilien/Documents/dev/fsSDK/jsSdk/test/mock/bucketing/samples/oneCampaignOneVgOneTggWithAllPossibleTargetings/lowerThanOrEqualsOperator.js": {"path":"/home/emilien/Documents/dev/fsSDK/jsSdk/test/mock/bucketing/samples/oneCampaignOneVgOneTggWithAllPossibleTargetings/lowerThanOrEqualsOperator.js","statementMap":{},"fnMap":{},"branchMap":{},"s":{},"f":{},"b":{},"_coverageSchema":"43e27e138ebf9cfc5966b082cf9a028302ed4184","hash":"2b1e90eac3671a1d730d24b6c7306531e02155b6"}
,"/home/emilien/Documents/dev/fsSDK/jsSdk/test/mock/bucketing/samples/oneCampaignOneVgOneTggWithAllPossibleTargetings/notContainsOperator.js": {"path":"/home/emilien/Documents/dev/fsSDK/jsSdk/test/mock/bucketing/samples/oneCampaignOneVgOneTggWithAllPossibleTargetings/notContainsOperator.js","statementMap":{},"fnMap":{},"branchMap":{},"s":{},"f":{},"b":{},"_coverageSchema":"43e27e138ebf9cfc5966b082cf9a028302ed4184","hash":"c0ee0fd42a383cb784b39e995870b3a0bb776322"}
,"/home/emilien/Documents/dev/fsSDK/jsSdk/test/mock/bucketing/samples/oneCampaignOneVgOneTggWithAllPossibleTargetings/notEqualsOperator.js": {"path":"/home/emilien/Documents/dev/fsSDK/jsSdk/test/mock/bucketing/samples/oneCampaignOneVgOneTggWithAllPossibleTargetings/notEqualsOperator.js","statementMap":{},"fnMap":{},"branchMap":{},"s":{},"f":{},"b":{},"_coverageSchema":"43e27e138ebf9cfc5966b082cf9a028302ed4184","hash":"af7cded717ae8e0ada0194e9db31f4faab0b3ad4"}
,"/home/emilien/Documents/dev/fsSDK/jsSdk/test/mock/bucketing/samples/oneCampaignOneVgOneTggWithAllPossibleTargetings/startsWithOperator.js": {"path":"/home/emilien/Documents/dev/fsSDK/jsSdk/test/mock/bucketing/samples/oneCampaignOneVgOneTggWithAllPossibleTargetings/startsWithOperator.js","statementMap":{},"fnMap":{},"branchMap":{},"s":{},"f":{},"b":{},"_coverageSchema":"43e27e138ebf9cfc5966b082cf9a028302ed4184","hash":"52e9d22bdd0a83b2bf514be0ad1a1defef555c46"}
,"/home/emilien/Documents/dev/fsSDK/jsSdk/test/mock/bucketing/samples/oneCampaignWith100PercentAllocation/index.js": {"path":"/home/emilien/Documents/dev/fsSDK/jsSdk/test/mock/bucketing/samples/oneCampaignWith100PercentAllocation/index.js","statementMap":{},"fnMap":{},"branchMap":{},"s":{},"f":{},"b":{},"_coverageSchema":"43e27e138ebf9cfc5966b082cf9a028302ed4184","hash":"3229f0529dedd44e227ece176707309e1170094f"}
,"/home/emilien/Documents/dev/fsSDK/jsSdk/test/mock/decisionApi/index.js": {"path":"/home/emilien/Documents/dev/fsSDK/jsSdk/test/mock/decisionApi/index.js","statementMap":{},"fnMap":{},"branchMap":{},"s":{},"f":{},"b":{},"_coverageSchema":"43e27e138ebf9cfc5966b082cf9a028302ed4184","hash":"1d0574b3f9e0d4aab6988792ac957f77114241da"}
,"/home/emilien/Documents/dev/fsSDK/jsSdk/test/mock/decisionApi/data/manyModifInManyCampaigns.js": {"path":"/home/emilien/Documents/dev/fsSDK/jsSdk/test/mock/decisionApi/data/manyModifInManyCampaigns.js","statementMap":{},"fnMap":{},"branchMap":{},"s":{},"f":{},"b":{},"_coverageSchema":"43e27e138ebf9cfc5966b082cf9a028302ed4184","hash":"db345d334b8d0eea47be62ebb57a558629510777"}
,"/home/emilien/Documents/dev/fsSDK/jsSdk/test/mock/decisionApi/data/noModif.js": {"path":"/home/emilien/Documents/dev/fsSDK/jsSdk/test/mock/decisionApi/data/noModif.js","statementMap":{},"fnMap":{},"branchMap":{},"s":{},"f":{},"b":{},"_coverageSchema":"43e27e138ebf9cfc5966b082cf9a028302ed4184","hash":"49050989cd1ae7b73c23a22a412bed7f1df74770"}
,"/home/emilien/Documents/dev/fsSDK/jsSdk/test/mock/decisionApi/data/oneCampaignOneModif.js": {"path":"/home/emilien/Documents/dev/fsSDK/jsSdk/test/mock/decisionApi/data/oneCampaignOneModif.js","statementMap":{},"fnMap":{},"branchMap":{},"s":{},"f":{},"b":{},"_coverageSchema":"43e27e138ebf9cfc5966b082cf9a028302ed4184","hash":"e36c5537d6210ad01467929c082026e87fc2e91a"}
,"/home/emilien/Documents/dev/fsSDK/jsSdk/test/mock/decisionApi/data/oneCampaignOneModifWithAnUpdate.js": {"path":"/home/emilien/Documents/dev/fsSDK/jsSdk/test/mock/decisionApi/data/oneCampaignOneModifWithAnUpdate.js","statementMap":{},"fnMap":{},"branchMap":{},"s":{},"f":{},"b":{},"_coverageSchema":"43e27e138ebf9cfc5966b082cf9a028302ed4184","hash":"f18e6c66b26b56dba509886716dec557215e6b6a"}
,"/home/emilien/Documents/dev/fsSDK/jsSdk/test/mock/decisionApi/data/oneCampaignWithFurtherModifs.js": {"path":"/home/emilien/Documents/dev/fsSDK/jsSdk/test/mock/decisionApi/data/oneCampaignWithFurtherModifs.js","statementMap":{},"fnMap":{},"branchMap":{},"s":{},"f":{},"b":{},"_coverageSchema":"43e27e138ebf9cfc5966b082cf9a028302ed4184","hash":"efbdd396c8fda7d31492f2e43b012a619ed7280a"}
,"/home/emilien/Documents/dev/fsSDK/jsSdk/test/mock/decisionApi/data/oneModifInMoreThanOneCampaign.js": {"path":"/home/emilien/Documents/dev/fsSDK/jsSdk/test/mock/decisionApi/data/oneModifInMoreThanOneCampaign.js","statementMap":{},"fnMap":{},"branchMap":{},"s":{},"f":{},"b":{},"_coverageSchema":"43e27e138ebf9cfc5966b082cf9a028302ed4184","hash":"ed06135b62660fea3eca1fe2f244bf555d8fb3f2"}
,"/home/emilien/Documents/dev/fsSDK/jsSdk/test/mock/decisionApi/data/twoCampaignsWithSameId.js": {"path":"/home/emilien/Documents/dev/fsSDK/jsSdk/test/mock/decisionApi/data/twoCampaignsWithSameId.js","statementMap":{},"fnMap":{},"branchMap":{},"s":{},"f":{},"b":{},"_coverageSchema":"43e27e138ebf9cfc5966b082cf9a028302ed4184","hash":"8e1651976e536517ae361cc46b2e79756d79f747"}
,"/home/emilien/Documents/dev/fsSDK/jsSdk/test/mock/decisionApi/data/weirdAnswer.js": {"path":"/home/emilien/Documents/dev/fsSDK/jsSdk/test/mock/decisionApi/data/weirdAnswer.js","statementMap":{},"fnMap":{},"branchMap":{},"s":{},"f":{},"b":{},"_coverageSchema":"43e27e138ebf9cfc5966b082cf9a028302ed4184","hash":"5c5ed602cd91bef58e0029a883e0303e43e49bc3"}
,"/home/emilien/Documents/dev/fsSDK/jsSdk/test/mock/flagshipVisitor/index.js": {"path":"/home/emilien/Documents/dev/fsSDK/jsSdk/test/mock/flagshipVisitor/index.js","statementMap":{},"fnMap":{},"branchMap":{},"s":{},"f":{},"b":{},"_coverageSchema":"43e27e138ebf9cfc5966b082cf9a028302ed4184","hash":"65a5059b1f955085a28f27347b3bae1af69fa402"}
,"/home/emilien/Documents/dev/fsSDK/jsSdk/test/mock/hit/event.js": {"path":"/home/emilien/Documents/dev/fsSDK/jsSdk/test/mock/hit/event.js","statementMap":{},"fnMap":{},"branchMap":{},"s":{},"f":{},"b":{},"_coverageSchema":"43e27e138ebf9cfc5966b082cf9a028302ed4184","hash":"9c1fb6f56579628281d72741e613c7ebc0dfa992"}
,"/home/emilien/Documents/dev/fsSDK/jsSdk/test/mock/hit/item.js": {"path":"/home/emilien/Documents/dev/fsSDK/jsSdk/test/mock/hit/item.js","statementMap":{},"fnMap":{},"branchMap":{},"s":{},"f":{},"b":{},"_coverageSchema":"43e27e138ebf9cfc5966b082cf9a028302ed4184","hash":"afb3ee26428af5a65ac617b60425200ca5541f61"}
,"/home/emilien/Documents/dev/fsSDK/jsSdk/test/mock/hit/page.js": {"path":"/home/emilien/Documents/dev/fsSDK/jsSdk/test/mock/hit/page.js","statementMap":{},"fnMap":{},"branchMap":{},"s":{},"f":{},"b":{},"_coverageSchema":"43e27e138ebf9cfc5966b082cf9a028302ed4184","hash":"1cbc6260f32ca25ca26c249fa497c32c6c6f36f2"}
,"/home/emilien/Documents/dev/fsSDK/jsSdk/test/mock/hit/screen.js": {"path":"/home/emilien/Documents/dev/fsSDK/jsSdk/test/mock/hit/screen.js","statementMap":{},"fnMap":{},"branchMap":{},"s":{},"f":{},"b":{},"_coverageSchema":"43e27e138ebf9cfc5966b082cf9a028302ed4184","hash":"5cbd79d05871d2ba73a829411d2f3dfe6c4c74f6"}
,"/home/emilien/Documents/dev/fsSDK/jsSdk/test/mock/hit/transaction.js": {"path":"/home/emilien/Documents/dev/fsSDK/jsSdk/test/mock/hit/transaction.js","statementMap":{},"fnMap":{},"branchMap":{},"s":{},"f":{},"b":{},"_coverageSchema":"43e27e138ebf9cfc5966b082cf9a028302ed4184","hash":"89b940a9034374f0642b0c1dae05773cd127aed3"}
}
