TN:
SF:/home/emilien/Documents/dev/fsSDK/jsSdk/src/index.ts
FN:5,(anonymous_0)
FNF:1
FNH:1
FNDA:40,(anonymous_0)
DA:4,4
DA:5,40
LF:2
LH:2
BRF:0
BRH:0
end_of_record
TN:
SF:/home/emilien/Documents/dev/fsSDK/jsSdk/src/class/bucketing/bucketing.ts
FN:24,(anonymous_0)
FN:34,(anonymous_1)
FN:37,(anonymous_2)
FN:43,(anonymous_3)
FN:48,(anonymous_4)
FN:55,(anonymous_5)
FN:59,(anonymous_6)
FN:68,(anonymous_7)
FN:85,(anonymous_8)
FN:91,(anonymous_9)
FN:117,(anonymous_10)
FNF:11
FNH:11
FNDA:26,(anonymous_0)
FNDA:21,(anonymous_1)
FNDA:5,(anonymous_2)
FNDA:7,(anonymous_3)
FNDA:4,(anonymous_4)
FNDA:5,(anonymous_5)
FNDA:29,(anonymous_6)
FNDA:21,(anonymous_7)
FNDA:7,(anonymous_8)
FNDA:24,(anonymous_9)
FNDA:16,(anonymous_10)
DA:25,26
DA:26,26
DA:27,26
DA:28,26
DA:29,26
DA:30,26
DA:31,26
DA:34,26
DA:35,21
DA:36,9
DA:37,9
DA:38,5
DA:43,26
DA:44,7
DA:45,5
DA:48,5
DA:49,4
DA:56,5
DA:60,29
DA:66,29
DA:67,29
DA:69,21
DA:70,1
DA:71,20
DA:72,1
DA:74,19
DA:75,1
DA:77,18
DA:79,19
DA:80,19
DA:82,21
DA:83,21
DA:86,7
DA:87,7
DA:92,24
DA:94,15
DA:95,15
DA:96,15
DA:97,15
DA:100,8
DA:101,8
DA:105,8
DA:106,8
DA:109,1
DA:110,1
DA:113,1
DA:118,16
DA:119,1
DA:120,1
DA:123,15
DA:124,15
DA:127,15
LF:52
LH:52
BRDA:35,0,0,9
BRDA:35,0,1,12
BRDA:35,1,0,21
BRDA:35,1,1,9
BRDA:44,2,0,5
BRDA:44,2,1,2
BRDA:44,3,0,7
BRDA:44,3,1,5
BRDA:62,4,0,8
BRDA:62,4,1,21
BRDA:69,5,0,1
BRDA:69,5,1,20
BRDA:71,6,0,1
BRDA:71,6,1,19
BRDA:74,7,0,1
BRDA:74,7,1,18
BRDA:92,8,0,15
BRDA:92,8,1,8
BRDA:92,8,2,1
BRDA:92,8,3,1
BRDA:118,9,0,1
BRDA:118,9,1,15
BRDA:123,10,0,15
BRDA:123,10,1,0
BRF:24
BRH:23
end_of_record
TN:
SF:/home/emilien/Documents/dev/fsSDK/jsSdk/src/class/bucketingVisitor/bucketingVisitor.ts
FN:34,(anonymous_0)
FN:51,(anonymous_1)
FN:69,(anonymous_2)
FN:75,(anonymous_3)
FN:80,(anonymous_4)
FN:86,(anonymous_5)
FN:113,(anonymous_6)
FN:114,(anonymous_7)
FN:123,(anonymous_8)
FN:127,(anonymous_9)
FN:134,(anonymous_10)
FN:137,(anonymous_11)
FN:140,(anonymous_12)
FN:141,(anonymous_13)
FN:141,(anonymous_14)
FN:142,(anonymous_15)
FN:148,(anonymous_16)
FN:160,(anonymous_17)
FN:172,(anonymous_18)
FN:177,(anonymous_19)
FN:188,(anonymous_20)
FN:197,(anonymous_21)
FN:217,(anonymous_22)
FN:226,(anonymous_23)
FN:246,(anonymous_24)
FN:255,(anonymous_25)
FN:275,(anonymous_26)
FN:284,(anonymous_27)
FN:302,(anonymous_28)
FN:323,(anonymous_29)
FN:344,(anonymous_30)
FN:368,(anonymous_31)
FN:392,(anonymous_32)
FN:396,(anonymous_33)
FN:400,(anonymous_34)
FN:403,(anonymous_35)
FN:416,(anonymous_36)
FN:418,(anonymous_37)
FN:425,(anonymous_38)
FNF:39
FNH:39
FNDA:70,(anonymous_0)
FNDA:64,(anonymous_1)
FNDA:19,(anonymous_2)
FNDA:7,(anonymous_3)
FNDA:71,(anonymous_4)
FNDA:142,(anonymous_5)
FNDA:47,(anonymous_6)
FNDA:47,(anonymous_7)
FNDA:3,(anonymous_8)
FNDA:3,(anonymous_9)
FNDA:61,(anonymous_10)
FNDA:24,(anonymous_11)
FNDA:18,(anonymous_12)
FNDA:54,(anonymous_13)
FNDA:54,(anonymous_14)
FNDA:93,(anonymous_15)
FNDA:58,(anonymous_16)
FNDA:75,(anonymous_17)
FNDA:9,(anonymous_18)
FNDA:9,(anonymous_19)
FNDA:3,(anonymous_20)
FNDA:3,(anonymous_21)
FNDA:3,(anonymous_22)
FNDA:3,(anonymous_23)
FNDA:3,(anonymous_24)
FNDA:3,(anonymous_25)
FNDA:3,(anonymous_26)
FNDA:3,(anonymous_27)
FNDA:3,(anonymous_28)
FNDA:3,(anonymous_29)
FNDA:3,(anonymous_30)
FNDA:3,(anonymous_31)
FNDA:81,(anonymous_32)
FNDA:81,(anonymous_33)
FNDA:93,(anonymous_34)
FNDA:132,(anonymous_35)
FNDA:132,(anonymous_36)
FNDA:93,(anonymous_37)
FNDA:65,(anonymous_38)
DA:41,70
DA:42,70
DA:43,70
DA:44,70
DA:45,70
DA:46,70
DA:47,70
DA:48,70
DA:56,64
DA:70,19
DA:71,19
DA:72,19
DA:76,7
DA:77,7
DA:81,71
DA:83,71
DA:84,71
DA:86,71
DA:87,142
DA:88,142
DA:89,142
DA:90,70
DA:92,142
DA:95,71
DA:96,2
DA:97,2
DA:98,1
DA:103,71
DA:104,2
DA:107,2
DA:110,69
DA:114,47
DA:115,47
DA:124,3
DA:125,3
DA:128,3
DA:129,3
DA:135,61
DA:136,61
DA:137,61
DA:138,24
DA:140,61
DA:141,54
DA:142,61
DA:143,93
DA:144,93
DA:145,13
DA:146,13
DA:148,80
DA:149,58
DA:150,8
DA:153,8
DA:155,50
DA:156,1
DA:157,1
DA:159,49
DA:160,75
DA:161,1
DA:164,1
DA:167,48
DA:169,80
DA:171,15
DA:172,9
DA:174,12
DA:176,6
DA:177,9
DA:179,3
DA:181,9
DA:182,6
DA:184,2
DA:185,1
DA:188,3
DA:191,1
DA:193,2
DA:194,1
DA:197,3
DA:200,1
DA:203,2
DA:204,2
DA:207,3
DA:210,7
DA:211,6
DA:213,2
DA:214,1
DA:217,3
DA:220,1
DA:222,2
DA:223,1
DA:226,3
DA:229,1
DA:232,2
DA:233,2
DA:236,1
DA:239,7
DA:240,6
DA:242,2
DA:243,1
DA:246,3
DA:249,1
DA:251,2
DA:252,1
DA:255,3
DA:258,1
DA:261,2
DA:262,2
DA:265,1
DA:268,7
DA:269,6
DA:271,2
DA:272,1
DA:275,3
DA:278,1
DA:280,2
DA:281,1
DA:284,3
DA:287,1
DA:290,2
DA:291,2
DA:294,1
DA:298,7
DA:299,6
DA:301,2
DA:302,1
DA:303,3
DA:306,1
DA:308,2
DA:309,2
DA:312,2
DA:313,2
DA:316,1
DA:319,7
DA:320,6
DA:322,2
DA:323,1
DA:324,3
DA:327,1
DA:329,2
DA:330,2
DA:333,2
DA:334,2
DA:337,1
DA:340,7
DA:341,6
DA:343,2
DA:344,1
DA:345,3
DA:348,1
DA:350,2
DA:351,2
DA:354,2
DA:355,2
DA:358,1
DA:361,7
DA:362,6
DA:364,2
DA:365,1
DA:368,3
DA:371,1
DA:373,2
DA:374,2
DA:377,2
DA:378,2
DA:381,1
DA:384,1
DA:385,1
DA:388,61
DA:389,1
DA:390,1
DA:392,60
DA:393,81
DA:396,81
DA:397,81
DA:398,81
DA:400,81
DA:401,93
DA:403,93
DA:404,132
DA:406,39
DA:407,39
DA:409,2
DA:410,2
DA:412,91
DA:413,91
DA:416,132
DA:418,93
DA:421,81
DA:422,65
DA:423,65
DA:425,65
DA:427,65
DA:428,65
DA:429,64
DA:431,1
DA:436,16
DA:439,60
DA:440,44
DA:442,60
LF:197
LH:197
BRDA:46,0,0,70
BRDA:46,0,1,70
BRDA:47,1,0,0
BRDA:47,1,1,70
BRDA:87,2,0,142
BRDA:87,2,1,2
BRDA:89,3,0,70
BRDA:89,3,1,72
BRDA:89,4,0,142
BRDA:89,4,1,141
BRDA:95,5,0,2
BRDA:95,5,1,69
BRDA:97,6,0,1
BRDA:97,6,1,1
BRDA:103,7,0,2
BRDA:103,7,1,69
BRDA:143,8,0,2
BRDA:143,8,1,91
BRDA:144,9,0,13
BRDA:144,9,1,80
BRDA:144,10,0,93
BRDA:144,10,1,80
BRDA:149,11,0,8
BRDA:149,11,1,50
BRDA:149,12,0,58
BRDA:149,12,1,32
BRDA:155,13,0,1
BRDA:155,13,1,49
BRDA:155,14,0,50
BRDA:155,14,1,26
BRDA:159,15,0,25
BRDA:159,15,1,24
BRDA:160,16,0,1
BRDA:160,16,1,24
BRDA:169,17,0,15
BRDA:169,17,1,6
BRDA:169,17,2,9
BRDA:169,17,3,7
BRDA:169,17,4,7
BRDA:169,17,5,7
BRDA:169,17,6,7
BRDA:169,17,7,7
BRDA:169,17,8,7
BRDA:169,17,9,7
BRDA:169,17,10,1
BRDA:171,18,0,3
BRDA:171,18,1,12
BRDA:176,19,0,3
BRDA:176,19,1,3
BRDA:181,20,0,6
BRDA:181,20,1,3
BRDA:182,21,0,2
BRDA:182,21,1,2
BRDA:182,21,2,2
BRDA:182,21,3,2
BRDA:184,22,0,1
BRDA:184,22,1,1
BRDA:193,23,0,1
BRDA:193,23,1,1
BRDA:210,24,0,6
BRDA:210,24,1,1
BRDA:211,25,0,2
BRDA:211,25,1,2
BRDA:211,25,2,2
BRDA:211,25,3,2
BRDA:213,26,0,1
BRDA:213,26,1,1
BRDA:222,27,0,1
BRDA:222,27,1,1
BRDA:239,28,0,6
BRDA:239,28,1,1
BRDA:240,29,0,2
BRDA:240,29,1,2
BRDA:240,29,2,2
BRDA:240,29,3,2
BRDA:242,30,0,1
BRDA:242,30,1,1
BRDA:251,31,0,1
BRDA:251,31,1,1
BRDA:268,32,0,6
BRDA:268,32,1,1
BRDA:269,33,0,2
BRDA:269,33,1,2
BRDA:269,33,2,2
BRDA:269,33,3,2
BRDA:271,34,0,1
BRDA:271,34,1,1
BRDA:280,35,0,1
BRDA:280,35,1,1
BRDA:298,36,0,6
BRDA:298,36,1,1
BRDA:299,37,0,2
BRDA:299,37,1,2
BRDA:299,37,2,2
BRDA:299,37,3,2
BRDA:301,38,0,1
BRDA:301,38,1,1
BRDA:319,39,0,6
BRDA:319,39,1,1
BRDA:320,40,0,2
BRDA:320,40,1,2
BRDA:320,40,2,2
BRDA:320,40,3,2
BRDA:322,41,0,1
BRDA:322,41,1,1
BRDA:340,42,0,6
BRDA:340,42,1,1
BRDA:341,43,0,2
BRDA:341,43,1,2
BRDA:341,43,2,2
BRDA:341,43,3,2
BRDA:343,44,0,1
BRDA:343,44,1,1
BRDA:361,45,0,6
BRDA:361,45,1,1
BRDA:362,46,0,2
BRDA:362,46,1,2
BRDA:362,46,2,2
BRDA:362,46,3,2
BRDA:364,47,0,1
BRDA:364,47,1,1
BRDA:388,48,0,1
BRDA:388,48,1,60
BRDA:388,49,0,61
BRDA:388,49,1,61
BRDA:397,50,0,81
BRDA:397,50,1,0
BRDA:404,51,0,39
BRDA:404,51,1,2
BRDA:404,51,2,91
BRDA:418,52,0,65
BRDA:418,52,1,16
BRDA:421,53,0,65
BRDA:421,53,1,16
BRDA:428,54,0,64
BRDA:428,54,1,1
BRDA:439,55,0,44
BRDA:439,55,1,16
BRF:138
BRH:136
end_of_record
TN:
SF:/home/emilien/Documents/dev/fsSDK/jsSdk/src/class/flagship/flagship.ts
FN:24,(anonymous_0)
FN:44,(anonymous_1)
FN:49,(anonymous_2)
FN:55,(anonymous_3)
FN:66,(anonymous_4)
FN:70,(anonymous_5)
FN:76,(anonymous_6)
FN:85,(anonymous_7)
FN:88,(anonymous_8)
FN:94,(anonymous_9)
FNF:10
FNH:10
FNDA:40,(anonymous_0)
FNDA:98,(anonymous_1)
FNDA:1,(anonymous_2)
FNDA:1,(anonymous_3)
FNDA:14,(anonymous_4)
FNDA:2,(anonymous_5)
FNDA:16,(anonymous_6)
FNDA:16,(anonymous_7)
FNDA:17,(anonymous_8)
FNDA:6,(anonymous_9)
DA:25,40
DA:26,40
DA:27,40
DA:28,40
DA:29,40
DA:30,40
DA:31,40
DA:32,40
DA:34,40
DA:35,19
DA:37,19
DA:38,7
DA:41,40
DA:45,98
DA:50,1
DA:56,1
DA:60,98
DA:61,98
DA:62,98
DA:63,16
DA:64,16
DA:67,14
DA:68,14
DA:71,2
DA:72,2
DA:76,82
DA:77,16
DA:78,16
DA:82,98
DA:86,16
DA:87,14
DA:88,14
DA:89,17
DA:94,14
DA:95,6
DA:97,2
DA:98,1
DA:102,1
LF:38
LH:38
BRDA:24,0,0,1
BRDA:31,1,0,40
BRDA:31,1,1,0
BRDA:34,2,0,19
BRDA:34,2,1,21
BRDA:37,3,0,7
BRDA:37,3,1,12
BRDA:62,4,0,16
BRDA:62,4,1,82
BRDA:62,5,0,98
BRDA:62,5,1,85
BRDA:77,6,0,16
BRDA:77,6,1,0
BRDA:86,7,0,14
BRDA:86,7,1,2
BRDA:86,8,0,16
BRDA:86,8,1,15
BRDA:97,9,0,1
BRDA:97,9,1,1
BRDA:97,10,0,2
BRDA:97,10,1,1
BRF:21
BRH:19
end_of_record
TN:
SF:/home/emilien/Documents/dev/fsSDK/jsSdk/src/class/flagshipVisitor/flagshipVisitor.ts
FN:51,(anonymous_0)
FN:79,(anonymous_1)
FN:93,(anonymous_2)
FN:98,(anonymous_3)
FN:106,(anonymous_4)
FN:114,(anonymous_5)
FN:125,(anonymous_6)
FN:127,(anonymous_7)
FN:136,(anonymous_8)
FN:140,(anonymous_9)
FN:158,(anonymous_10)
FN:167,(anonymous_11)
FN:185,(anonymous_12)
FN:186,(anonymous_13)
FN:196,(anonymous_14)
FN:202,(anonymous_15)
FN:212,(anonymous_16)
FN:218,(anonymous_17)
FN:221,(anonymous_18)
FN:234,(anonymous_19)
FN:245,(anonymous_20)
FN:257,(anonymous_21)
FN:264,(anonymous_22)
FN:267,(anonymous_23)
FN:270,(anonymous_24)
FN:279,(anonymous_25)
FN:291,(anonymous_26)
FN:292,(anonymous_27)
FN:303,(anonymous_28)
FN:305,(anonymous_29)
FN:306,(anonymous_30)
FN:306,(anonymous_31)
FN:309,(anonymous_32)
FN:317,(anonymous_33)
FN:320,(anonymous_34)
FN:354,(anonymous_35)
FN:361,(anonymous_36)
FN:362,(anonymous_37)
FN:383,(anonymous_38)
FN:399,(anonymous_39)
FN:412,(anonymous_40)
FN:424,(anonymous_41)
FN:441,(anonymous_42)
FN:469,(anonymous_43)
FN:485,(anonymous_44)
FN:486,(anonymous_45)
FN:491,(anonymous_46)
FN:494,(anonymous_47)
FN:512,(anonymous_48)
FN:514,(anonymous_49)
FN:516,(anonymous_50)
FN:523,(anonymous_51)
FN:527,(anonymous_52)
FN:531,(anonymous_53)
FN:534,(anonymous_54)
FN:540,(anonymous_55)
FN:547,(anonymous_56)
FN:551,(anonymous_57)
FN:560,(anonymous_58)
FN:562,(anonymous_59)
FN:567,(anonymous_60)
FN:575,(anonymous_61)
FN:579,(anonymous_62)
FN:600,(anonymous_63)
FN:642,(anonymous_64)
FN:646,(anonymous_65)
FN:651,(anonymous_66)
FN:689,(anonymous_67)
FN:720,(anonymous_68)
FN:742,(anonymous_69)
FN:763,(anonymous_70)
FN:786,(anonymous_71)
FN:790,(anonymous_72)
FN:802,(anonymous_73)
FN:954,(anonymous_74)
FN:957,(anonymous_75)
FN:960,(anonymous_76)
FN:962,(anonymous_77)
FN:972,(anonymous_78)
FN:975,(anonymous_79)
FN:980,(anonymous_80)
FN:981,(anonymous_81)
FN:985,(anonymous_82)
FN:990,(anonymous_83)
FN:997,(anonymous_84)
FNF:85
FNH:85
FNDA:98,(anonymous_0)
FNDA:13,(anonymous_1)
FNDA:51,(anonymous_2)
FNDA:51,(anonymous_3)
FNDA:8,(anonymous_4)
FNDA:5,(anonymous_5)
FNDA:10,(anonymous_6)
FNDA:20,(anonymous_7)
FNDA:64,(anonymous_8)
FNDA:191,(anonymous_9)
FNDA:191,(anonymous_10)
FNDA:43,(anonymous_11)
FNDA:53,(anonymous_12)
FNDA:59,(anonymous_13)
FNDA:49,(anonymous_14)
FNDA:4,(anonymous_15)
FNDA:60,(anonymous_16)
FNDA:58,(anonymous_17)
FNDA:20,(anonymous_18)
FNDA:131,(anonymous_19)
FNDA:67,(anonymous_20)
FNDA:182,(anonymous_21)
FNDA:51,(anonymous_22)
FNDA:154,(anonymous_23)
FNDA:88,(anonymous_24)
FNDA:60,(anonymous_25)
FNDA:51,(anonymous_26)
FNDA:60,(anonymous_27)
FNDA:60,(anonymous_28)
FNDA:134,(anonymous_29)
FNDA:80,(anonymous_30)
FNDA:162,(anonymous_31)
FNDA:60,(anonymous_32)
FNDA:70,(anonymous_33)
FNDA:214,(anonymous_34)
FNDA:133,(anonymous_35)
FNDA:334,(anonymous_36)
FNDA:612,(anonymous_37)
FNDA:124,(anonymous_38)
FNDA:19,(anonymous_39)
FNDA:62,(anonymous_40)
FNDA:39,(anonymous_41)
FNDA:6,(anonymous_42)
FNDA:8,(anonymous_43)
FNDA:3,(anonymous_44)
FNDA:3,(anonymous_45)
FNDA:3,(anonymous_46)
FNDA:3,(anonymous_47)
FNDA:3,(anonymous_48)
FNDA:7,(anonymous_49)
FNDA:1,(anonymous_50)
FNDA:2,(anonymous_51)
FNDA:11,(anonymous_52)
FNDA:11,(anonymous_53)
FNDA:9,(anonymous_54)
FNDA:2,(anonymous_55)
FNDA:2,(anonymous_56)
FNDA:21,(anonymous_57)
FNDA:21,(anonymous_58)
FNDA:18,(anonymous_59)
FNDA:6,(anonymous_60)
FNDA:3,(anonymous_61)
FNDA:44,(anonymous_62)
FNDA:12,(anonymous_63)
FNDA:85,(anonymous_64)
FNDA:83,(anonymous_65)
FNDA:2,(anonymous_66)
FNDA:53,(anonymous_67)
FNDA:46,(anonymous_68)
FNDA:7,(anonymous_69)
FNDA:3,(anonymous_70)
FNDA:26,(anonymous_71)
FNDA:4,(anonymous_72)
FNDA:16,(anonymous_73)
FNDA:8,(anonymous_74)
FNDA:1,(anonymous_75)
FNDA:8,(anonymous_76)
FNDA:16,(anonymous_77)
FNDA:5,(anonymous_78)
FNDA:10,(anonymous_79)
FNDA:7,(anonymous_80)
FNDA:15,(anonymous_81)
FNDA:17,(anonymous_82)
FNDA:1,(anonymous_83)
FNDA:1,(anonymous_84)
DA:59,98
DA:60,98
DA:61,98
DA:62,98
DA:63,98
DA:64,98
DA:65,98
DA:66,98
DA:67,98
DA:70,98
DA:71,3
DA:73,95
DA:74,95
DA:77,98
DA:78,17
DA:79,17
DA:80,13
DA:82,12
DA:83,11
DA:84,11
DA:87,1
DA:98,51
DA:99,51
DA:107,8
DA:108,8
DA:109,7
DA:111,8
DA:112,8
DA:115,5
DA:116,5
DA:117,4
DA:119,5
DA:120,5
DA:126,10
DA:127,20
DA:130,10
DA:131,10
DA:132,10
DA:137,64
DA:138,64
DA:139,64
DA:140,64
DA:141,191
DA:142,185
DA:144,6
DA:145,1
DA:148,1
DA:150,5
DA:151,5
DA:154,64
DA:155,1
DA:158,63
DA:159,191
DA:160,191
DA:165,191
DA:166,55
DA:167,55
DA:168,43
DA:169,6
DA:170,6
DA:174,55
DA:175,49
DA:185,63
DA:186,53
DA:187,59
DA:188,4
DA:189,4
DA:191,55
DA:192,55
DA:196,63
DA:197,49
DA:198,49
DA:199,49
DA:203,4
DA:208,63
DA:212,63
DA:213,60
DA:214,19
DA:217,19
DA:219,58
DA:220,20
DA:221,20
DA:224,38
DA:235,131
DA:236,4
DA:239,4
DA:242,127
DA:249,67
DA:252,67
DA:253,3
DA:256,64
DA:257,182
DA:258,5
DA:259,4
DA:261,1
DA:264,63
DA:265,51
DA:266,51
DA:267,154
DA:269,51
DA:270,88
DA:272,1
DA:276,1
DA:279,63
DA:280,60
DA:281,9
DA:283,51
DA:291,63
DA:292,51
DA:293,60
DA:294,8
DA:303,63
DA:304,60
DA:306,162
DA:309,63
DA:310,60
DA:314,63
DA:318,70
DA:319,70
DA:320,70
DA:321,214
DA:322,214
DA:324,36
DA:336,178
DA:359,133
DA:360,133
DA:361,133
DA:362,334
DA:363,612
DA:365,210
DA:366,210
DA:367,210
DA:368,210
DA:369,210
DA:372,402
DA:373,402
DA:382,402
DA:383,62
DA:384,124
DA:385,27
DA:386,27
DA:387,23
DA:394,334
DA:396,133
DA:404,19
DA:406,19
DA:412,19
DA:414,62
DA:415,16
DA:424,19
DA:425,39
DA:426,27
DA:428,12
DA:429,12
DA:430,12
DA:431,12
DA:432,7
DA:438,19
DA:446,6
DA:447,6
DA:448,6
DA:449,4
DA:454,4
DA:456,4
DA:457,4
DA:460,2
DA:461,2
DA:466,2
DA:473,8
DA:474,2
DA:475,2
DA:476,2
DA:478,6
DA:482,6
DA:486,3
DA:491,3
DA:492,3
DA:493,3
DA:495,3
DA:496,3
DA:497,3
DA:498,3
DA:503,3
DA:504,1
DA:505,2
DA:506,1
DA:507,1
DA:512,3
DA:514,7
DA:517,1
DA:518,1
DA:524,2
DA:528,11
DA:529,5
DA:531,11
DA:532,11
DA:533,11
DA:535,9
DA:536,9
DA:537,9
DA:538,9
DA:541,2
DA:542,2
DA:548,2
DA:555,21
DA:559,21
DA:560,21
DA:561,21
DA:563,18
DA:564,2
DA:565,2
DA:567,6
DA:572,16
DA:575,3
DA:589,44
DA:590,44
DA:591,44
DA:592,44
DA:593,44
DA:594,44
DA:597,44
DA:598,42
DA:600,12
DA:601,4
DA:605,4
DA:606,4
DA:615,38
DA:619,38
DA:620,38
DA:623,2
DA:624,2
DA:625,1
DA:626,1
DA:628,1
DA:630,2
DA:634,44
DA:635,42
DA:639,44
DA:643,85
DA:644,85
DA:646,85
DA:647,83
DA:648,83
DA:651,85
DA:652,2
DA:653,2
DA:655,2
DA:662,2
DA:666,85
DA:675,85
DA:676,83
DA:677,2
DA:679,81
DA:680,81
DA:695,53
DA:701,53
DA:702,53
DA:705,53
DA:706,7
DA:707,6
DA:708,6
DA:713,1
DA:716,1
DA:720,46
DA:721,46
DA:722,2
DA:723,2
DA:729,44
DA:730,13
DA:731,13
DA:732,3
DA:733,3
DA:734,3
DA:741,10
DA:742,10
DA:743,7
DA:744,7
DA:748,7
DA:749,7
DA:750,7
DA:751,1
DA:754,1
DA:756,7
DA:763,10
DA:764,3
DA:765,1
DA:769,2
DA:772,3
DA:774,3
DA:778,31
DA:787,26
DA:788,26
DA:791,4
DA:792,4
DA:793,4
DA:794,1
DA:796,4
DA:803,16
DA:805,16
DA:808,3
DA:809,3
DA:810,2
DA:811,1
DA:814,2
DA:815,1
DA:816,2
DA:818,1
DA:838,4
DA:840,4
DA:841,4
DA:843,4
DA:844,4
DA:846,4
DA:847,4
DA:849,4
DA:850,4
DA:852,4
DA:853,4
DA:855,4
DA:856,4
DA:858,4
DA:859,4
DA:861,4
DA:862,4
DA:864,4
DA:865,4
DA:867,4
DA:868,4
DA:870,4
DA:871,2
DA:872,1
DA:873,2
DA:874,1
DA:875,2
DA:878,2
DA:886,4
DA:888,4
DA:889,4
DA:891,4
DA:892,4
DA:894,4
DA:895,4
DA:897,4
DA:898,4
DA:900,4
DA:901,4
DA:903,4
DA:904,3
DA:905,1
DA:906,3
DA:907,3
DA:908,3
DA:911,1
DA:920,4
DA:922,4
DA:923,4
DA:925,4
DA:926,4
DA:928,4
DA:929,4
DA:931,4
DA:932,4
DA:934,4
DA:935,2
DA:936,2
DA:937,2
DA:938,2
DA:941,2
DA:949,1
DA:950,1
DA:955,8
DA:956,8
DA:957,8
DA:958,1
DA:960,8
DA:961,8
DA:963,16
DA:964,16
DA:965,6
DA:971,6
DA:972,6
DA:974,10
DA:975,10
DA:979,8
DA:981,7
DA:982,15
DA:983,5
DA:984,5
DA:985,17
DA:988,7
DA:991,1
DA:992,1
DA:998,1
LF:393
LH:393
BRDA:57,0,0,0
BRDA:70,1,0,3
BRDA:70,1,1,95
BRDA:77,2,0,17
BRDA:77,2,1,81
BRDA:78,3,0,17
BRDA:78,3,1,17
BRDA:80,4,0,1
BRDA:80,4,1,12
BRDA:82,5,0,11
BRDA:82,5,1,1
BRDA:108,6,0,7
BRDA:108,6,1,1
BRDA:108,7,0,8
BRDA:108,7,1,7
BRDA:116,8,0,4
BRDA:116,8,1,1
BRDA:116,9,0,5
BRDA:116,9,1,4
BRDA:130,10,0,10
BRDA:130,10,1,0
BRDA:136,11,0,5
BRDA:136,12,0,59
BRDA:141,13,0,185
BRDA:141,13,1,6
BRDA:141,14,0,191
BRDA:141,14,1,185
BRDA:144,15,0,1
BRDA:144,15,1,5
BRDA:144,16,0,6
BRDA:144,16,1,5
BRDA:154,17,0,1
BRDA:154,17,1,63
BRDA:158,18,0,63
BRDA:158,18,1,4
BRDA:159,19,0,191
BRDA:159,19,1,140
BRDA:165,20,0,55
BRDA:165,20,1,136
BRDA:165,21,0,191
BRDA:165,21,1,60
BRDA:168,22,0,6
BRDA:168,22,1,37
BRDA:168,23,0,43
BRDA:168,23,1,6
BRDA:174,24,0,49
BRDA:174,24,1,6
BRDA:185,25,0,49
BRDA:187,26,0,4
BRDA:187,26,1,55
BRDA:213,27,0,19
BRDA:213,27,1,41
BRDA:219,28,0,20
BRDA:219,28,1,38
BRDA:235,29,0,4
BRDA:235,29,1,127
BRDA:235,30,0,131
BRDA:235,30,1,128
BRDA:246,31,0,4
BRDA:247,32,0,3
BRDA:252,33,0,3
BRDA:252,33,1,64
BRDA:256,34,0,59
BRDA:256,34,1,5
BRDA:258,35,0,4
BRDA:258,35,1,1
BRDA:265,36,0,51
BRDA:265,36,1,0
BRDA:269,37,0,50
BRDA:269,37,1,1
BRDA:280,38,0,9
BRDA:280,38,1,51
BRDA:293,39,0,8
BRDA:293,39,1,52
BRDA:322,40,0,36
BRDA:322,40,1,178
BRDA:322,41,0,214
BRDA:322,41,1,36
BRDA:355,42,0,0
BRDA:356,43,0,72
BRDA:363,44,0,210
BRDA:363,44,1,402
BRDA:382,45,0,62
BRDA:382,45,1,340
BRDA:384,46,0,27
BRDA:384,46,1,97
BRDA:386,47,0,23
BRDA:386,47,1,4
BRDA:386,48,0,27
BRDA:386,48,1,27
BRDA:402,49,0,10
BRDA:414,50,0,16
BRDA:414,50,1,46
BRDA:414,51,0,62
BRDA:414,51,1,26
BRDA:424,52,0,19
BRDA:424,52,1,0
BRDA:425,53,0,27
BRDA:425,53,1,12
BRDA:425,54,0,39
BRDA:425,54,1,27
BRDA:431,55,0,7
BRDA:431,55,1,5
BRDA:444,56,0,0
BRDA:447,57,0,0
BRDA:447,57,1,6
BRDA:447,58,0,6
BRDA:447,58,1,6
BRDA:448,59,0,4
BRDA:448,59,1,2
BRDA:448,60,0,6
BRDA:448,60,1,4
BRDA:448,60,2,4
BRDA:448,60,3,4
BRDA:460,61,0,2
BRDA:460,61,1,0
BRDA:471,62,0,7
BRDA:473,63,0,2
BRDA:473,63,1,6
BRDA:503,64,0,1
BRDA:503,64,1,2
BRDA:505,65,0,1
BRDA:505,65,1,1
BRDA:527,66,0,10
BRDA:528,67,0,5
BRDA:528,67,1,6
BRDA:528,68,0,11
BRDA:528,68,1,5
BRDA:537,69,0,9
BRDA:537,69,1,8
BRDA:537,69,2,1
BRDA:538,70,0,9
BRDA:538,70,1,4
BRDA:547,71,0,2
BRDA:552,72,0,1
BRDA:553,73,0,2
BRDA:563,74,0,2
BRDA:563,74,1,16
BRDA:590,75,0,26
BRDA:590,75,1,18
BRDA:591,76,0,26
BRDA:591,76,1,18
BRDA:597,77,0,42
BRDA:597,77,1,2
BRDA:597,78,0,44
BRDA:597,78,1,44
BRDA:598,79,0,4
BRDA:598,79,1,38
BRDA:624,80,0,1
BRDA:624,80,1,1
BRDA:634,81,0,42
BRDA:634,81,1,2
BRDA:646,82,0,2
BRDA:648,83,0,13
BRDA:648,83,1,70
BRDA:651,84,0,1
BRDA:653,85,0,2
BRDA:653,85,1,0
BRDA:657,86,0,2
BRDA:657,86,1,0
BRDA:670,87,0,85
BRDA:670,87,1,13
BRDA:675,88,0,83
BRDA:675,88,1,2
BRDA:676,89,0,2
BRDA:676,89,1,81
BRDA:676,90,0,83
BRDA:676,90,1,11
BRDA:676,90,2,5
BRDA:682,91,0,68
BRDA:682,91,1,13
BRDA:705,92,0,7
BRDA:705,92,1,46
BRDA:706,93,0,6
BRDA:706,93,1,1
BRDA:706,94,0,7
BRDA:706,94,1,6
BRDA:721,95,0,2
BRDA:721,95,1,44
BRDA:721,96,0,46
BRDA:721,96,1,10
BRDA:729,97,0,13
BRDA:729,97,1,31
BRDA:731,98,0,3
BRDA:731,98,1,10
BRDA:731,99,0,13
BRDA:731,99,1,13
BRDA:750,100,0,1
BRDA:750,100,1,6
BRDA:764,101,0,1
BRDA:764,101,1,2
BRDA:793,102,0,1
BRDA:793,102,1,3
BRDA:805,103,0,3
BRDA:805,103,1,3
BRDA:805,103,2,4
BRDA:805,103,3,4
BRDA:805,103,4,4
BRDA:805,103,5,1
BRDA:809,104,0,2
BRDA:809,104,1,1
BRDA:809,105,0,3
BRDA:809,105,1,2
BRDA:810,106,0,1
BRDA:810,106,1,1
BRDA:814,107,0,1
BRDA:814,107,1,1
BRDA:840,108,0,4
BRDA:840,108,1,0
BRDA:843,109,0,4
BRDA:843,109,1,0
BRDA:846,110,0,4
BRDA:846,110,1,0
BRDA:849,111,0,4
BRDA:849,111,1,0
BRDA:852,112,0,4
BRDA:852,112,1,0
BRDA:855,113,0,4
BRDA:855,113,1,0
BRDA:858,114,0,4
BRDA:858,114,1,0
BRDA:861,115,0,4
BRDA:861,115,1,0
BRDA:864,116,0,4
BRDA:864,116,1,0
BRDA:867,117,0,4
BRDA:867,117,1,0
BRDA:870,118,0,2
BRDA:870,118,1,2
BRDA:870,119,0,4
BRDA:870,119,1,3
BRDA:871,120,0,1
BRDA:871,120,1,1
BRDA:873,121,0,1
BRDA:873,121,1,1
BRDA:888,122,0,4
BRDA:888,122,1,0
BRDA:891,123,0,4
BRDA:891,123,1,0
BRDA:894,124,0,4
BRDA:894,124,1,0
BRDA:897,125,0,4
BRDA:897,125,1,0
BRDA:900,126,0,4
BRDA:900,126,1,0
BRDA:903,127,0,3
BRDA:903,127,1,1
BRDA:903,128,0,4
BRDA:903,128,1,3
BRDA:903,128,2,2
BRDA:904,129,0,1
BRDA:904,129,1,2
BRDA:906,130,0,1
BRDA:906,130,1,2
BRDA:907,131,0,1
BRDA:907,131,1,2
BRDA:922,132,0,4
BRDA:922,132,1,0
BRDA:925,133,0,4
BRDA:925,133,1,0
BRDA:928,134,0,4
BRDA:928,134,1,0
BRDA:931,135,0,4
BRDA:931,135,1,0
BRDA:934,136,0,2
BRDA:934,136,1,2
BRDA:934,137,0,4
BRDA:934,137,1,3
BRDA:936,138,0,1
BRDA:936,138,1,1
BRDA:937,139,0,1
BRDA:937,139,1,1
BRDA:964,140,0,6
BRDA:964,140,1,10
BRDA:982,141,0,5
BRDA:982,141,1,10
BRDA:982,142,0,15
BRDA:982,142,1,15
BRF:278
BRH:249
end_of_record
TN:
SF:/home/emilien/Documents/dev/fsSDK/jsSdk/src/config/default.ts
FNF:0
FNH:0
DA:3,5
DA:15,5
LF:2
LH:2
BRF:0
BRH:0
end_of_record
TN:
SF:/home/emilien/Documents/dev/fsSDK/jsSdk/src/config/otherSdk.ts
FNF:0
FNH:0
DA:1,5
DA:6,5
DA:10,5
LF:3
LH:3
BRF:0
BRH:0
end_of_record
TN:
SF:/home/emilien/Documents/dev/fsSDK/jsSdk/src/config/test.ts
FNF:0
FNH:0
DA:3,5
LF:1
LH:1
BRF:0
BRH:0
end_of_record
TN:
SF:/home/emilien/Documents/dev/fsSDK/jsSdk/src/lib/flagshipSdkHelper.ts
FN:11,(anonymous_0)
FN:18,(anonymous_1)
FN:27,(anonymous_2)
FN:43,(anonymous_3)
FN:45,(anonymous_4)
FN:61,(anonymous_5)
FN:63,(anonymous_6)
FN:71,(anonymous_7)
FN:75,(anonymous_8)
FN:77,(anonymous_9)
FN:93,(anonymous_10)
FN:100,(anonymous_11)
FN:132,(anonymous_12)
FN:137,(anonymous_13)
FN:138,(anonymous_14)
FNF:15
FNH:15
FNDA:129,(anonymous_0)
FNDA:129,(anonymous_1)
FNDA:52,(anonymous_2)
FNDA:111,(anonymous_3)
FNDA:122,(anonymous_4)
FNDA:40,(anonymous_5)
FNDA:1,(anonymous_6)
FNDA:40,(anonymous_7)
FNDA:360,(anonymous_8)
FNDA:351,(anonymous_9)
FNDA:12,(anonymous_10)
FNDA:83,(anonymous_11)
FNDA:184,(anonymous_12)
FNDA:6,(anonymous_13)
FNDA:6,(anonymous_14)
DA:11,5
DA:12,129
DA:13,2
DA:17,5
DA:19,129
DA:20,129
DA:21,129
DA:22,5
DA:24,129
DA:25,129
DA:28,52
DA:29,52
DA:31,31
DA:33,29
DA:35,2
DA:37,19
DA:40,2
DA:44,111
DA:45,111
DA:46,122
DA:48,3
DA:49,119
DA:51,5
DA:52,114
DA:54,1
DA:56,113
DA:59,111
DA:62,40
DA:63,40
DA:64,1
DA:65,1
DA:67,40
DA:68,39
DA:72,40
DA:73,40
DA:74,40
DA:75,360
DA:76,40
DA:77,40
DA:78,351
DA:79,351
DA:80,348
DA:81,105
DA:83,243
DA:85,3
DA:88,1
DA:91,40
DA:94,12
DA:95,1
DA:96,1
DA:98,11
DA:101,83
DA:122,83
DA:123,83
DA:125,83
DA:126,12
DA:127,1
DA:129,12
DA:132,71
DA:133,184
DA:134,184
DA:135,2
DA:136,2
DA:137,2
DA:138,6
DA:139,6
DA:142,2
DA:145,71
DA:146,70
DA:148,1
DA:149,1
LF:71
LH:71
BRDA:12,0,0,2
BRDA:12,0,1,127
BRDA:12,1,0,129
BRDA:12,1,1,129
BRDA:12,1,2,3
BRDA:21,2,0,5
BRDA:21,2,1,124
BRDA:24,3,0,129
BRDA:24,3,1,0
BRDA:29,4,0,31
BRDA:29,4,1,19
BRDA:29,4,2,0
BRDA:29,4,3,2
BRDA:31,5,0,29
BRDA:31,5,1,2
BRDA:31,6,0,31
BRDA:31,6,1,31
BRDA:31,6,2,31
BRDA:31,6,3,31
BRDA:35,7,0,0
BRDA:35,7,1,2
BRDA:37,8,0,19
BRDA:37,8,1,0
BRDA:46,9,0,3
BRDA:46,9,1,119
BRDA:46,10,0,122
BRDA:46,10,1,8
BRDA:49,11,0,5
BRDA:49,11,1,114
BRDA:52,12,0,1
BRDA:52,12,1,113
BRDA:52,13,0,114
BRDA:52,13,1,113
BRDA:61,14,0,0
BRDA:67,15,0,39
BRDA:67,15,1,1
BRDA:79,16,0,348
BRDA:79,16,1,3
BRDA:80,17,0,105
BRDA:80,17,1,243
BRDA:80,18,0,348
BRDA:80,18,1,346
BRDA:85,19,0,2
BRDA:85,19,1,1
BRDA:94,20,0,1
BRDA:94,20,1,11
BRDA:94,21,0,12
BRDA:94,21,1,12
BRDA:125,22,0,12
BRDA:125,22,1,71
BRDA:125,23,0,83
BRDA:125,23,1,72
BRDA:126,24,0,1
BRDA:126,24,1,11
BRDA:126,25,0,12
BRDA:126,25,1,12
BRDA:134,26,0,2
BRDA:134,26,1,182
BRDA:139,27,0,6
BRDA:139,27,1,0
BRDA:145,28,0,70
BRDA:145,28,1,1
BRF:62
BRH:56
end_of_record
TN:
SF:/home/emilien/Documents/dev/fsSDK/jsSdk/src/lib/loggerHelper.ts
FNF:0
FNH:0
LF:0
LH:0
BRF:0
BRH:0
end_of_record
TN:
SF:/home/emilien/Documents/dev/fsSDK/jsSdk/test/mock/demoData.js
FNF:0
FNH:0
DA:10,4
LF:1
LH:1
BRF:0
BRH:0
end_of_record
TN:
SF:/home/emilien/Documents/dev/fsSDK/jsSdk/test/mock/bucketing/index.js
FNF:0
FNH:0
LF:0
LH:0
BRF:0
BRH:0
end_of_record
TN:
SF:/home/emilien/Documents/dev/fsSDK/jsSdk/test/mock/bucketing/murmur/arguments.js
FNF:0
FNH:0
LF:0
LH:0
BRF:0
BRH:0
end_of_record
TN:
SF:/home/emilien/Documents/dev/fsSDK/jsSdk/test/mock/bucketing/murmur/badTraffic.js
FNF:0
FNH:0
LF:0
LH:0
BRF:0
BRH:0
end_of_record
TN:
SF:/home/emilien/Documents/dev/fsSDK/jsSdk/test/mock/bucketing/murmur/badTraffic2.js
FNF:0
FNH:0
LF:0
LH:0
BRF:0
BRH:0
end_of_record
TN:
SF:/home/emilien/Documents/dev/fsSDK/jsSdk/test/mock/bucketing/murmur/extremLowTraffic.js
FNF:0
FNH:0
LF:0
LH:0
BRF:0
BRH:0
end_of_record
TN:
SF:/home/emilien/Documents/dev/fsSDK/jsSdk/test/mock/bucketing/samples/badOperator.js
FNF:0
FNH:0
LF:0
LH:0
BRF:0
BRH:0
end_of_record
TN:
SF:/home/emilien/Documents/dev/fsSDK/jsSdk/test/mock/bucketing/samples/badTraffic.js
FNF:0
FNH:0
LF:0
LH:0
BRF:0
BRH:0
end_of_record
TN:
SF:/home/emilien/Documents/dev/fsSDK/jsSdk/test/mock/bucketing/samples/badTypeBetweenTargetingAndVisitorContextKey.js
FNF:0
FNH:0
LF:0
LH:0
BRF:0
BRH:0
end_of_record
TN:
SF:/home/emilien/Documents/dev/fsSDK/jsSdk/test/mock/bucketing/samples/classical.js
FNF:0
FNH:0
LF:0
LH:0
BRF:0
BRH:0
end_of_record
TN:
SF:/home/emilien/Documents/dev/fsSDK/jsSdk/test/mock/bucketing/samples/fs_all_users.js
FNF:0
FNH:0
LF:0
LH:0
BRF:0
BRH:0
end_of_record
TN:
SF:/home/emilien/Documents/dev/fsSDK/jsSdk/test/mock/bucketing/samples/fs_users.js
FNF:0
FNH:0
LF:0
LH:0
BRF:0
BRH:0
end_of_record
TN:
SF:/home/emilien/Documents/dev/fsSDK/jsSdk/test/mock/bucketing/samples/panic.js
FNF:0
FNH:0
LF:0
LH:0
BRF:0
BRH:0
end_of_record
TN:
SF:/home/emilien/Documents/dev/fsSDK/jsSdk/test/mock/bucketing/samples/multipleCampaigns/index.js
FNF:0
FNH:0
LF:0
LH:0
BRF:0
BRH:0
end_of_record
TN:
SF:/home/emilien/Documents/dev/fsSDK/jsSdk/test/mock/bucketing/samples/oneCampaignOneVgMultipleTgg/index.js
FNF:0
FNH:0
LF:0
LH:0
BRF:0
BRH:0
end_of_record
TN:
SF:/home/emilien/Documents/dev/fsSDK/jsSdk/test/mock/bucketing/samples/oneCampaignOneVgOneTggWithAllPossibleTargetings/containsOperator.js
FNF:0
FNH:0
LF:0
LH:0
BRF:0
BRH:0
end_of_record
TN:
SF:/home/emilien/Documents/dev/fsSDK/jsSdk/test/mock/bucketing/samples/oneCampaignOneVgOneTggWithAllPossibleTargetings/endsWithOperator.js
FNF:0
FNH:0
LF:0
LH:0
BRF:0
BRH:0
end_of_record
TN:
SF:/home/emilien/Documents/dev/fsSDK/jsSdk/test/mock/bucketing/samples/oneCampaignOneVgOneTggWithAllPossibleTargetings/equalsOperator.js
FNF:0
FNH:0
LF:0
LH:0
BRF:0
BRH:0
end_of_record
TN:
SF:/home/emilien/Documents/dev/fsSDK/jsSdk/test/mock/bucketing/samples/oneCampaignOneVgOneTggWithAllPossibleTargetings/greaterThanOperator.js
FNF:0
FNH:0
LF:0
LH:0
BRF:0
BRH:0
end_of_record
TN:
SF:/home/emilien/Documents/dev/fsSDK/jsSdk/test/mock/bucketing/samples/oneCampaignOneVgOneTggWithAllPossibleTargetings/greaterThanOrEqualsOperator.js
FNF:0
FNH:0
LF:0
LH:0
BRF:0
BRH:0
end_of_record
TN:
SF:/home/emilien/Documents/dev/fsSDK/jsSdk/test/mock/bucketing/samples/oneCampaignOneVgOneTggWithAllPossibleTargetings/lowerThanOperator.js
FNF:0
FNH:0
LF:0
LH:0
BRF:0
BRH:0
end_of_record
TN:
SF:/home/emilien/Documents/dev/fsSDK/jsSdk/test/mock/bucketing/samples/oneCampaignOneVgOneTggWithAllPossibleTargetings/lowerThanOrEqualsOperator.js
FNF:0
FNH:0
LF:0
LH:0
BRF:0
BRH:0
end_of_record
TN:
SF:/home/emilien/Documents/dev/fsSDK/jsSdk/test/mock/bucketing/samples/oneCampaignOneVgOneTggWithAllPossibleTargetings/notContainsOperator.js
FNF:0
FNH:0
LF:0
LH:0
BRF:0
BRH:0
end_of_record
TN:
SF:/home/emilien/Documents/dev/fsSDK/jsSdk/test/mock/bucketing/samples/oneCampaignOneVgOneTggWithAllPossibleTargetings/notEqualsOperator.js
FNF:0
FNH:0
LF:0
LH:0
BRF:0
BRH:0
end_of_record
TN:
SF:/home/emilien/Documents/dev/fsSDK/jsSdk/test/mock/bucketing/samples/oneCampaignOneVgOneTggWithAllPossibleTargetings/startsWithOperator.js
FNF:0
FNH:0
LF:0
LH:0
BRF:0
BRH:0
end_of_record
TN:
SF:/home/emilien/Documents/dev/fsSDK/jsSdk/test/mock/bucketing/samples/oneCampaignWith100PercentAllocation/index.js
FNF:0
FNH:0
LF:0
LH:0
BRF:0
BRH:0
end_of_record
TN:
SF:/home/emilien/Documents/dev/fsSDK/jsSdk/test/mock/decisionApi/index.js
FNF:0
FNH:0
LF:0
LH:0
BRF:0
BRH:0
end_of_record
TN:
SF:/home/emilien/Documents/dev/fsSDK/jsSdk/test/mock/decisionApi/data/manyModifInManyCampaigns.js
FNF:0
FNH:0
LF:0
LH:0
BRF:0
BRH:0
end_of_record
TN:
SF:/home/emilien/Documents/dev/fsSDK/jsSdk/test/mock/decisionApi/data/noModif.js
FNF:0
FNH:0
LF:0
LH:0
BRF:0
BRH:0
end_of_record
TN:
SF:/home/emilien/Documents/dev/fsSDK/jsSdk/test/mock/decisionApi/data/oneCampaignOneModif.js
FNF:0
FNH:0
LF:0
LH:0
BRF:0
BRH:0
end_of_record
TN:
SF:/home/emilien/Documents/dev/fsSDK/jsSdk/test/mock/decisionApi/data/oneCampaignOneModifWithAnUpdate.js
FNF:0
FNH:0
LF:0
LH:0
BRF:0
BRH:0
end_of_record
TN:
SF:/home/emilien/Documents/dev/fsSDK/jsSdk/test/mock/decisionApi/data/oneCampaignWithFurtherModifs.js
FNF:0
FNH:0
LF:0
LH:0
BRF:0
BRH:0
end_of_record
TN:
SF:/home/emilien/Documents/dev/fsSDK/jsSdk/test/mock/decisionApi/data/oneModifInMoreThanOneCampaign.js
FNF:0
FNH:0
LF:0
LH:0
BRF:0
BRH:0
end_of_record
TN:
SF:/home/emilien/Documents/dev/fsSDK/jsSdk/test/mock/decisionApi/data/twoCampaignsWithSameId.js
FNF:0
FNH:0
LF:0
LH:0
BRF:0
BRH:0
end_of_record
TN:
SF:/home/emilien/Documents/dev/fsSDK/jsSdk/test/mock/decisionApi/data/weirdAnswer.js
FNF:0
FNH:0
LF:0
LH:0
BRF:0
BRH:0
end_of_record
TN:
SF:/home/emilien/Documents/dev/fsSDK/jsSdk/test/mock/flagshipVisitor/index.js
FNF:0
FNH:0
LF:0
LH:0
BRF:0
BRH:0
end_of_record
TN:
SF:/home/emilien/Documents/dev/fsSDK/jsSdk/test/mock/hit/event.js
FNF:0
FNH:0
LF:0
LH:0
BRF:0
BRH:0
end_of_record
TN:
SF:/home/emilien/Documents/dev/fsSDK/jsSdk/test/mock/hit/item.js
FNF:0
FNH:0
LF:0
LH:0
BRF:0
BRH:0
end_of_record
TN:
SF:/home/emilien/Documents/dev/fsSDK/jsSdk/test/mock/hit/page.js
FNF:0
FNH:0
LF:0
LH:0
BRF:0
BRH:0
end_of_record
TN:
SF:/home/emilien/Documents/dev/fsSDK/jsSdk/test/mock/hit/screen.js
FNF:0
FNH:0
LF:0
LH:0
BRF:0
BRH:0
end_of_record
TN:
SF:/home/emilien/Documents/dev/fsSDK/jsSdk/test/mock/hit/transaction.js
FNF:0
FNH:0
LF:0
LH:0
BRF:0
BRH:0
end_of_record
